2020-06-15 09:00:08 DEBUG Provision:1065 - provision
2020-06-15 09:00:09 INFO  Terraform:305 - Starting init of luca-QA...
2020-06-15 09:00:09 INFO  Terraform:312 - ...completed init of luca-QA
2020-06-15 09:00:09 INFO  Terraform:305 - Starting plan of luca-QA...
2020-06-15 09:00:15 INFO  Terraform:312 - ...completed plan of luca-QA
2020-06-15 09:00:15 INFO  Terraform:305 - Starting refresh of luca-QA...
2020-06-15 09:00:17 INFO  Terraform:312 - ...completed refresh of luca-QA
2020-06-15 09:00:17 INFO  Terraform:305 - Starting apply of luca-QA...
2020-06-15 09:00:32 INFO  Provision:122 - Elapsed time for apply on luca-QA: 15s...
2020-06-15 09:00:47 INFO  Provision:122 - Elapsed time for apply on luca-QA: 30s...
2020-06-15 09:00:49 INFO  Terraform:312 - ...completed apply of luca-QA
2020-06-15 09:00:49 INFO  Terraform:305 - Starting init of luca-DATA-QA...
2020-06-15 09:00:49 INFO  Terraform:305 - Starting init of luca-COMPUTE-QA...
2020-06-15 09:00:50 INFO  Terraform:312 - ...completed init of luca-COMPUTE-QA
2020-06-15 09:00:50 INFO  Terraform:312 - ...completed init of luca-DATA-QA
2020-06-15 09:00:50 INFO  Terraform:305 - Starting plan of luca-DATA-QA...
2020-06-15 09:00:50 INFO  Terraform:305 - Starting plan of luca-COMPUTE-QA...
2020-06-15 09:00:57 INFO  Terraform:312 - ...completed plan of luca-DATA-QA
2020-06-15 09:00:57 INFO  Terraform:312 - ...completed plan of luca-COMPUTE-QA
2020-06-15 09:00:57 INFO  Terraform:305 - Starting refresh of luca-DATA-QA...
2020-06-15 09:00:57 INFO  Terraform:305 - Starting refresh of luca-COMPUTE-QA...
2020-06-15 09:00:59 INFO  Terraform:312 - ...completed refresh of luca-COMPUTE-QA
2020-06-15 09:00:59 INFO  Terraform:312 - ...completed refresh of luca-DATA-QA
2020-06-15 09:00:59 INFO  Terraform:305 - Starting apply of luca-DATA-QA...
2020-06-15 09:00:59 INFO  Terraform:305 - Starting apply of luca-COMPUTE-QA...
2020-06-15 09:01:14 INFO  Provision:122 - Elapsed time for apply on luca-COMPUTE-QA: 15s...
2020-06-15 09:01:14 INFO  Provision:122 - Elapsed time for apply on luca-DATA-QA: 15s...
2020-06-15 09:01:29 INFO  Provision:122 - Elapsed time for apply on luca-COMPUTE-QA: 30s...
2020-06-15 09:01:29 INFO  Provision:122 - Elapsed time for apply on luca-DATA-QA: 30s...
2020-06-15 09:01:44 INFO  Provision:122 - Elapsed time for apply on luca-COMPUTE-QA: 45s...
2020-06-15 09:01:44 INFO  Provision:122 - Elapsed time for apply on luca-DATA-QA: 45s...
2020-06-15 09:01:59 INFO  Provision:122 - Elapsed time for apply on luca-COMPUTE-QA: 60s...
2020-06-15 09:01:59 INFO  Provision:122 - Elapsed time for apply on luca-DATA-QA: 60s...
2020-06-15 09:02:09 INFO  Terraform:312 - ...completed apply of luca-COMPUTE-QA
2020-06-15 09:02:14 INFO  Provision:122 - Elapsed time for apply on luca-DATA-QA: 75s...
2020-06-15 09:02:17 INFO  Terraform:312 - ...completed apply of luca-DATA-QA
2020-06-15 09:02:22 INFO  SSH:198 - Copying files to luca-DATA-QA-0002...
2020-06-15 09:02:22 INFO  SSH:198 - Copying files to luca-COMPUTE-QA-0001...
2020-06-15 09:02:22 INFO  SSH:198 - Copying files to luca-DATA-QA-0001...
2020-06-15 09:02:23 INFO  SSH:198 - Copying files to luca-COMPUTE-QA-0002...
2020-06-15 09:02:28 INFO  SSH:210 - ...copied files to luca-DATA-QA-0002
2020-06-15 09:02:28 INFO  SSH:213 - Configuring luca-DATA-QA-0002...
2020-06-15 09:02:28 INFO  SSH:210 - ...copied files to luca-COMPUTE-QA-0001
2020-06-15 09:02:28 INFO  SSH:213 - Configuring luca-COMPUTE-QA-0001...
2020-06-15 09:02:28 INFO  SSH:210 - ...copied files to luca-DATA-QA-0001
2020-06-15 09:02:28 INFO  SSH:213 - Configuring luca-DATA-QA-0001...
2020-06-15 09:02:29 INFO  SSH:210 - ...copied files to luca-COMPUTE-QA-0002
2020-06-15 09:02:29 INFO  SSH:213 - Configuring luca-COMPUTE-QA-0002...
2020-06-15 09:02:41 INFO  SSH:232 - ...configured luca-COMPUTE-QA-0001
2020-06-15 09:02:41 INFO  SSH:238 - Copying more files to luca-COMPUTE-QA-0001...
2020-06-15 09:02:41 INFO  SSH:232 - ...configured luca-DATA-QA-0001
2020-06-15 09:02:41 INFO  SSH:238 - Copying more files to luca-DATA-QA-0001...
2020-06-15 09:02:42 INFO  SSH:232 - ...configured luca-DATA-QA-0002
2020-06-15 09:02:42 INFO  SSH:238 - Copying more files to luca-DATA-QA-0002...
2020-06-15 09:02:42 INFO  SSH:232 - ...configured luca-COMPUTE-QA-0002
2020-06-15 09:02:42 INFO  SSH:238 - Copying more files to luca-COMPUTE-QA-0002...
2020-06-15 09:03:03 INFO  SSH:248 - ...copied more files to luca-COMPUTE-QA-0001
2020-06-15 09:03:03 INFO  SSH:251 - Mounting volumes on luca-COMPUTE-QA-0001...
2020-06-15 09:03:03 INFO  SSH:248 - ...copied more files to luca-DATA-QA-0001
2020-06-15 09:03:03 INFO  SSH:251 - Mounting volumes on luca-DATA-QA-0001...
2020-06-15 09:03:05 INFO  SSH:248 - ...copied more files to luca-COMPUTE-QA-0002
2020-06-15 09:03:05 INFO  SSH:251 - Mounting volumes on luca-COMPUTE-QA-0002...
2020-06-15 09:03:05 INFO  SSH:248 - ...copied more files to luca-DATA-QA-0002
2020-06-15 09:03:05 INFO  SSH:251 - Mounting volumes on luca-DATA-QA-0002...
2020-06-15 09:03:07 INFO  SSH:263 - ...mounted volumes on luca-DATA-QA-0001
2020-06-15 09:03:07 INFO  SSH:267 - Installing Docker on luca-DATA-QA-0001...
2020-06-15 09:03:07 INFO  SSH:263 - ...mounted volumes on luca-COMPUTE-QA-0001
2020-06-15 09:03:07 INFO  SSH:267 - Installing Docker on luca-COMPUTE-QA-0001...
2020-06-15 09:03:08 INFO  SSH:263 - ...mounted volumes on luca-DATA-QA-0002
2020-06-15 09:03:08 INFO  SSH:267 - Installing Docker on luca-DATA-QA-0002...
2020-06-15 09:03:09 INFO  SSH:263 - ...mounted volumes on luca-COMPUTE-QA-0002
2020-06-15 09:03:09 INFO  SSH:267 - Installing Docker on luca-COMPUTE-QA-0002...
2020-06-15 09:03:25 INFO  Provision:122 - Elapsed time for provision on luca-DATA-QA-0001: 15s...
2020-06-15 09:03:25 INFO  Provision:122 - Elapsed time for provision on luca-COMPUTE-QA-0001: 15s...
2020-06-15 09:03:26 INFO  Provision:122 - Elapsed time for provision on luca-DATA-QA-0002: 15s...
2020-06-15 09:03:31 INFO  Provision:122 - Elapsed time for provision on luca-COMPUTE-QA-0002: 15s...
2020-06-15 09:03:40 INFO  Provision:122 - Elapsed time for provision on luca-DATA-QA-0001: 30s...
2020-06-15 09:03:40 INFO  Provision:122 - Elapsed time for provision on luca-COMPUTE-QA-0001: 30s...
2020-06-15 09:03:41 INFO  Provision:122 - Elapsed time for provision on luca-DATA-QA-0002: 30s...
2020-06-15 09:03:46 INFO  Provision:122 - Elapsed time for provision on luca-COMPUTE-QA-0002: 30s...
2020-06-15 09:03:49 INFO  SSH:284 - ...installed Docker on luca-COMPUTE-QA-0001
2020-06-15 09:03:49 INFO  SSH:288 - Determining host OS of luca-COMPUTE-QA-0001...
2020-06-15 09:03:51 INFO  SSH:284 - ...installed Docker on luca-DATA-QA-0002
2020-06-15 09:03:51 INFO  SSH:288 - Determining host OS of luca-DATA-QA-0002...
2020-06-15 09:03:52 INFO  SSH:284 - ...installed Docker on luca-DATA-QA-0001
2020-06-15 09:03:52 INFO  SSH:288 - Determining host OS of luca-DATA-QA-0001...
2020-06-15 09:03:52 INFO  SSH:297 - ...determined host OS of luca-COMPUTE-QA-0001
2020-06-15 09:03:52 INFO  SSH:317 - Determining local IP address of luca-COMPUTE-QA-0001...
2020-06-15 09:03:53 INFO  SSH:297 - ...determined host OS of luca-DATA-QA-0002
2020-06-15 09:03:53 INFO  SSH:317 - Determining local IP address of luca-DATA-QA-0002...
2020-06-15 09:03:55 INFO  SSH:297 - ...determined host OS of luca-DATA-QA-0001
2020-06-15 09:03:55 INFO  SSH:317 - Determining local IP address of luca-DATA-QA-0001...
2020-06-15 09:03:55 INFO  SSH:328 - ...determined local IP address of luca-COMPUTE-QA-0001
2020-06-15 09:03:56 INFO  SSH:328 - ...determined local IP address of luca-DATA-QA-0002
2020-06-15 09:03:57 INFO  SSH:328 - ...determined local IP address of luca-DATA-QA-0001
2020-06-15 09:04:01 INFO  Provision:122 - Elapsed time for provision on luca-COMPUTE-QA-0002: 45s...
2020-06-15 09:04:16 INFO  SSH:284 - ...installed Docker on luca-COMPUTE-QA-0002
2020-06-15 09:04:16 INFO  SSH:288 - Determining host OS of luca-COMPUTE-QA-0002...
2020-06-15 09:04:18 INFO  SSH:297 - ...determined host OS of luca-COMPUTE-QA-0002
2020-06-15 09:04:18 INFO  SSH:317 - Determining local IP address of luca-COMPUTE-QA-0002...
2020-06-15 09:04:21 INFO  SSH:328 - ...determined local IP address of luca-COMPUTE-QA-0002
2020-06-15 09:04:21 INFO  SSH:691 - Installing Weave Net on luca-COMPUTE-QA-0001...
2020-06-15 09:04:21 INFO  SSH:691 - Installing Weave Net on luca-COMPUTE-QA-0002...
2020-06-15 09:04:21 INFO  SSH:691 - Installing Weave Net on luca-DATA-QA-0001...
2020-06-15 09:04:21 INFO  SSH:691 - Installing Weave Net on luca-DATA-QA-0002...
2020-06-15 09:04:36 INFO  Provision:122 - Elapsed time for weave on luca-COMPUTE-QA-0001: 15s...
2020-06-15 09:04:36 INFO  Provision:122 - Elapsed time for weave on luca-COMPUTE-QA-0002: 15s...
2020-06-15 09:04:36 INFO  Provision:122 - Elapsed time for weave on luca-DATA-QA-0001: 15s...
2020-06-15 09:04:36 INFO  Provision:122 - Elapsed time for weave on luca-DATA-QA-0002: 15s...
2020-06-15 09:04:38 INFO  SSH:696 - ...installed Weave Net on luca-DATA-QA-0001
2020-06-15 09:04:38 INFO  SSH:700 - Collecting Weave info for luca-DATA-QA-0001...
2020-06-15 09:04:38 INFO  SSH:696 - ...installed Weave Net on luca-DATA-QA-0002
2020-06-15 09:04:38 INFO  SSH:700 - Collecting Weave info for luca-DATA-QA-0002...
2020-06-15 09:04:40 INFO  SSH:696 - ...installed Weave Net on luca-COMPUTE-QA-0001
2020-06-15 09:04:40 INFO  SSH:700 - Collecting Weave info for luca-COMPUTE-QA-0001...
2020-06-15 09:04:41 INFO  SSH:696 - ...installed Weave Net on luca-COMPUTE-QA-0002
2020-06-15 09:04:41 INFO  SSH:700 - Collecting Weave info for luca-COMPUTE-QA-0002...
2020-06-15 09:04:41 INFO  SSH:708 - ...collected Weave info for luca-DATA-QA-0001
2020-06-15 09:04:42 INFO  SSH:708 - ...collected Weave info for luca-DATA-QA-0002
2020-06-15 09:04:43 INFO  SSH:708 - ...collected Weave info for luca-COMPUTE-QA-0001
2020-06-15 09:04:44 INFO  SSH:708 - ...collected Weave info for luca-COMPUTE-QA-0002
2020-06-15 09:04:44 INFO  Provision:561 - Machine                        IP Address       DNS Name                                 Provider Region     Zone
2020-06-15 09:04:44 INFO  Provision:562 - -------                        ----------       --------                                 -------- ------     ----
2020-06-15 09:04:44 INFO  Provision:609 - luca-COMPUTE-QA-0001           54.193.98.251    ec2-54-193-98-251.us-west-1.compute.amaz AWS      us-west-1  c    
2020-06-15 09:04:44 INFO  Provision:609 - luca-COMPUTE-QA-0002           54.215.224.225   ec2-54-215-224-225.us-west-1.compute.ama AWS      us-west-1  c    
2020-06-15 09:04:44 INFO  Provision:609 - luca-DATA-QA-0001              18.144.55.254    ec2-18-144-55-254.us-west-1.compute.amaz AWS      us-west-1  c    
2020-06-15 09:04:44 INFO  Provision:609 - luca-DATA-QA-0002              54.151.60.93     ec2-54-151-60-93.us-west-1.compute.amazo AWS      us-west-1  c    
2020-06-15 09:04:44 INFO  Provision:486 - To destroy: icm unprovision -stateDir state [-cleanUp] [-force]
2020-06-15 09:26:50 DEBUG Provision:1065 - run
2020-06-15 09:26:50 INFO  Docker:414 - Executing command 'docker login' on luca-COMPUTE-QA-0001...
2020-06-15 09:26:50 INFO  Docker:414 - Executing command 'docker login' on luca-COMPUTE-QA-0002...
2020-06-15 09:26:50 INFO  Docker:414 - Executing command 'docker login' on luca-DATA-QA-0001...
2020-06-15 09:26:50 INFO  Docker:414 - Executing command 'docker login' on luca-DATA-QA-0002...
2020-06-15 09:26:52 INFO  Docker:553 - ...output in /AWS2-QA/state/luca-DATA-QA/luca-DATA-QA-0002/docker.out
2020-06-15 09:26:52 INFO  Docker:553 - ...output in /AWS2-QA/state/luca-COMPUTE-QA/luca-COMPUTE-QA-0002/docker.out
2020-06-15 09:26:52 INFO  Docker:553 - ...output in /AWS2-QA/state/luca-DATA-QA/luca-DATA-QA-0001/docker.out
2020-06-15 09:26:52 INFO  Docker:553 - ...output in /AWS2-QA/state/luca-COMPUTE-QA/luca-COMPUTE-QA-0001/docker.out
2020-06-15 09:26:52 INFO  Docker:389 - Pulling image intersystems/iris:2020.3.0XDBC.132.0 on luca-COMPUTE-QA-0001 ...
2020-06-15 09:26:52 INFO  Docker:389 - Pulling image intersystems/iris:2020.3.0XDBC.132.0 on luca-COMPUTE-QA-0002 ...
2020-06-15 09:26:52 INFO  Docker:389 - Pulling image intersystems/iris:2020.3.0XDBC.132.0 on luca-DATA-QA-0001 ...
2020-06-15 09:26:52 INFO  Docker:389 - Pulling image intersystems/iris:2020.3.0XDBC.132.0 on luca-DATA-QA-0002 ...
2020-06-15 09:27:07 INFO  Provision:122 - Elapsed time for pull on luca-COMPUTE-QA-0001: 15s...
2020-06-15 09:27:07 INFO  Provision:122 - Elapsed time for pull on luca-COMPUTE-QA-0002: 15s...
2020-06-15 09:27:07 INFO  Provision:122 - Elapsed time for pull on luca-DATA-QA-0001: 15s...
2020-06-15 09:27:07 INFO  Provision:122 - Elapsed time for pull on luca-DATA-QA-0002: 15s...
2020-06-15 09:27:22 INFO  Provision:122 - Elapsed time for pull on luca-COMPUTE-QA-0001: 30s...
2020-06-15 09:27:22 INFO  Provision:122 - Elapsed time for pull on luca-COMPUTE-QA-0002: 30s...
2020-06-15 09:27:22 INFO  Provision:122 - Elapsed time for pull on luca-DATA-QA-0001: 30s...
2020-06-15 09:27:22 INFO  Provision:122 - Elapsed time for pull on luca-DATA-QA-0002: 30s...
2020-06-15 09:27:32 INFO  Docker:534 - ...pulled image intersystems/iris:2020.3.0XDBC.132.0 on luca-DATA-QA-0001
2020-06-15 09:27:32 INFO  Docker:534 - ...pulled image intersystems/iris:2020.3.0XDBC.132.0 on luca-DATA-QA-0002
2020-06-15 09:27:32 INFO  Docker:534 - ...pulled image intersystems/iris:2020.3.0XDBC.132.0 on luca-COMPUTE-QA-0001
2020-06-15 09:27:37 INFO  Provision:122 - Elapsed time for pull on luca-COMPUTE-QA-0002: 45s...
2020-06-15 09:27:47 INFO  Docker:534 - ...pulled image intersystems/iris:2020.3.0XDBC.132.0 on luca-COMPUTE-QA-0002
2020-06-15 09:27:47 INFO  Docker:395 - Stopping container iris on luca-COMPUTE-QA-0001...
2020-06-15 09:27:47 INFO  Docker:395 - Stopping container iris on luca-COMPUTE-QA-0002...
2020-06-15 09:27:47 INFO  Docker:395 - Stopping container iris on luca-DATA-QA-0001...
2020-06-15 09:27:47 INFO  Docker:395 - Stopping container iris on luca-DATA-QA-0002...
2020-06-15 09:27:48 INFO  Docker:538 - ...completed stop of container iris on luca-DATA-QA-0001
2020-06-15 09:27:48 INFO  Docker:538 - ...completed stop of container iris on luca-DATA-QA-0002
2020-06-15 09:27:48 INFO  Docker:538 - ...completed stop of container iris on luca-COMPUTE-QA-0001
2020-06-15 09:27:48 INFO  Docker:538 - ...completed stop of container iris on luca-COMPUTE-QA-0002
2020-06-15 09:27:48 INFO  Docker:401 - Removing container iris on luca-COMPUTE-QA-0001...
2020-06-15 09:27:48 INFO  Docker:401 - Removing container iris on luca-COMPUTE-QA-0002...
2020-06-15 09:27:48 INFO  Docker:401 - Removing container iris on luca-DATA-QA-0001...
2020-06-15 09:27:48 INFO  Docker:401 - Removing container iris on luca-DATA-QA-0002...
2020-06-15 09:27:49 INFO  Docker:544 - ...removed container iris on luca-COMPUTE-QA-0002
2020-06-15 09:27:49 INFO  Docker:544 - ...removed container iris on luca-DATA-QA-0001
2020-06-15 09:27:49 INFO  Docker:544 - ...removed container iris on luca-COMPUTE-QA-0001
2020-06-15 09:27:49 INFO  Docker:544 - ...removed container iris on luca-DATA-QA-0002
2020-06-15 09:27:49 INFO  Docker:465 - Inspecting docker image intersystems/iris:2020.3.0XDBC.132.0 on luca-COMPUTE-QA-0001...
2020-06-15 09:27:49 INFO  Docker:465 - Inspecting docker image intersystems/iris:2020.3.0XDBC.132.0 on luca-COMPUTE-QA-0002...
2020-06-15 09:27:49 INFO  Docker:465 - Inspecting docker image intersystems/iris:2020.3.0XDBC.132.0 on luca-DATA-QA-0001...
2020-06-15 09:27:49 INFO  Docker:465 - Inspecting docker image intersystems/iris:2020.3.0XDBC.132.0 on luca-DATA-QA-0002...
2020-06-15 09:27:51 INFO  Docker:598 - ...inspected docker image intersystems/iris:2020.3.0XDBC.132.0 on luca-DATA-QA-0001
2020-06-15 09:27:51 INFO  Docker:598 - ...inspected docker image intersystems/iris:2020.3.0XDBC.132.0 on luca-COMPUTE-QA-0002
2020-06-15 09:27:51 INFO  Docker:598 - ...inspected docker image intersystems/iris:2020.3.0XDBC.132.0 on luca-DATA-QA-0002
2020-06-15 09:27:51 INFO  Docker:598 - ...inspected docker image intersystems/iris:2020.3.0XDBC.132.0 on luca-COMPUTE-QA-0001
2020-06-15 09:27:51 INFO  Docker:398 - Creating container iris on luca-COMPUTE-QA-0001...
2020-06-15 09:27:51 INFO  Docker:398 - Creating container iris on luca-COMPUTE-QA-0002...
2020-06-15 09:27:51 INFO  Docker:398 - Creating container iris on luca-DATA-QA-0001...
2020-06-15 09:27:51 INFO  Docker:398 - Creating container iris on luca-DATA-QA-0002...
2020-06-15 09:27:52 INFO  Docker:541 - ...created container iris on luca-COMPUTE-QA-0002
2020-06-15 09:27:52 INFO  Docker:541 - ...created container iris on luca-DATA-QA-0001
2020-06-15 09:27:52 INFO  Docker:541 - ...created container iris on luca-COMPUTE-QA-0001
2020-06-15 09:27:52 INFO  Docker:541 - ...created container iris on luca-DATA-QA-0002
2020-06-15 09:27:52 INFO  SSH:402 - Copying license directory ./ikey/ to luca-DATA-QA-0001...
2020-06-15 09:27:52 INFO  SSH:480 - Copying CPF deltas to luca-COMPUTE-QA-0002...
2020-06-15 09:27:52 INFO  SSH:480 - Copying CPF deltas to luca-COMPUTE-QA-0001...
2020-06-15 09:27:52 INFO  SSH:480 - Copying CPF deltas to luca-DATA-QA-0002...
2020-06-15 09:27:59 INFO  SSH:485 - ...copied CPF deltas to luca-COMPUTE-QA-0002
2020-06-15 09:27:59 INFO  SSH:485 - ...copied CPF deltas to luca-DATA-QA-0002
2020-06-15 09:28:00 INFO  SSH:405 - ...copied license directory ./ikey/ to luca-DATA-QA-0001
2020-06-15 09:28:00 INFO  SSH:480 - Copying CPF deltas to luca-DATA-QA-0001...
2020-06-15 09:28:03 INFO  SSH:485 - ...copied CPF deltas to luca-COMPUTE-QA-0001
2020-06-15 09:28:06 INFO  SSH:485 - ...copied CPF deltas to luca-DATA-QA-0001
2020-06-15 09:28:06 INFO  Docker:392 - Starting container iris on luca-COMPUTE-QA-0001...
2020-06-15 09:28:06 INFO  Docker:392 - Starting container iris on luca-COMPUTE-QA-0002...
2020-06-15 09:28:06 INFO  Docker:392 - Starting container iris on luca-DATA-QA-0001...
2020-06-15 09:28:06 INFO  Docker:392 - Starting container iris on luca-DATA-QA-0002...
2020-06-15 09:28:08 INFO  Docker:538 - ...completed start of container iris on luca-COMPUTE-QA-0002
2020-06-15 09:28:08 INFO  Docker:538 - ...completed start of container iris on luca-DATA-QA-0001
2020-06-15 09:28:08 INFO  Docker:538 - ...completed start of container iris on luca-COMPUTE-QA-0001
2020-06-15 09:28:08 INFO  Docker:538 - ...completed start of container iris on luca-DATA-QA-0002
2020-06-15 09:28:08 INFO  Docker:437 - Waiting for InterSystems IRIS to start on luca-COMPUTE-QA-0001...
2020-06-15 09:28:08 INFO  Docker:437 - Waiting for InterSystems IRIS to start on luca-COMPUTE-QA-0002...
2020-06-15 09:28:08 INFO  Docker:437 - Waiting for InterSystems IRIS to start on luca-DATA-QA-0001...
2020-06-15 09:28:08 INFO  Docker:437 - Waiting for InterSystems IRIS to start on luca-DATA-QA-0002...
2020-06-15 09:28:23 INFO  Provision:122 - Elapsed time for wait_started on luca-COMPUTE-QA-0001: 15s...
2020-06-15 09:28:23 INFO  Provision:122 - Elapsed time for wait_started on luca-COMPUTE-QA-0002: 15s...
2020-06-15 09:28:23 INFO  Provision:122 - Elapsed time for wait_started on luca-DATA-QA-0001: 15s...
2020-06-15 09:28:23 INFO  Provision:122 - Elapsed time for wait_started on luca-DATA-QA-0002: 15s...
2020-06-15 09:28:38 INFO  Provision:122 - Elapsed time for wait_started on luca-COMPUTE-QA-0001: 30s...
2020-06-15 09:28:38 INFO  Provision:122 - Elapsed time for wait_started on luca-COMPUTE-QA-0002: 30s...
2020-06-15 09:28:38 INFO  Provision:122 - Elapsed time for wait_started on luca-DATA-QA-0001: 30s...
2020-06-15 09:28:38 INFO  Provision:122 - Elapsed time for wait_started on luca-DATA-QA-0002: 30s...
2020-06-15 09:28:53 INFO  Provision:122 - Elapsed time for wait_started on luca-COMPUTE-QA-0001: 45s...
2020-06-15 09:28:53 INFO  Provision:122 - Elapsed time for wait_started on luca-COMPUTE-QA-0002: 45s...
2020-06-15 09:28:53 INFO  Provision:122 - Elapsed time for wait_started on luca-DATA-QA-0001: 45s...
2020-06-15 09:28:53 INFO  Provision:122 - Elapsed time for wait_started on luca-DATA-QA-0002: 45s...
2020-06-15 09:29:04 INFO  Docker:566 - ...InterSystems IRIS started on luca-DATA-QA-0001
2020-06-15 09:29:08 INFO  Provision:122 - Elapsed time for wait_started on luca-COMPUTE-QA-0001: 60s...
2020-06-15 09:29:08 INFO  Provision:122 - Elapsed time for wait_started on luca-COMPUTE-QA-0002: 60s...
2020-06-15 09:29:08 INFO  Provision:122 - Elapsed time for wait_started on luca-DATA-QA-0002: 60s...
2020-06-15 09:29:23 INFO  Provision:122 - Elapsed time for wait_started on luca-COMPUTE-QA-0001: 75s...
2020-06-15 09:29:23 INFO  Provision:122 - Elapsed time for wait_started on luca-COMPUTE-QA-0002: 75s...
2020-06-15 09:29:23 INFO  Provision:122 - Elapsed time for wait_started on luca-DATA-QA-0002: 75s...
2020-06-15 09:29:27 INFO  Docker:566 - ...InterSystems IRIS started on luca-DATA-QA-0002
2020-06-15 09:29:32 INFO  Docker:566 - ...InterSystems IRIS started on luca-COMPUTE-QA-0001
2020-06-15 09:29:35 INFO  Docker:566 - ...InterSystems IRIS started on luca-COMPUTE-QA-0002
2020-06-15 09:29:35 INFO  SSH:661 - Getting ICM state from luca-COMPUTE-QA-0001...
2020-06-15 09:29:35 INFO  SSH:661 - Getting ICM state from luca-COMPUTE-QA-0002...
2020-06-15 09:29:35 INFO  SSH:661 - Getting ICM state from luca-DATA-QA-0001...
2020-06-15 09:29:35 INFO  SSH:661 - Getting ICM state from luca-DATA-QA-0002...
2020-06-15 09:29:39 INFO  SSH:669 - ...got ICM state from luca-COMPUTE-QA-0002
2020-06-15 09:29:40 INFO  SSH:669 - ...got ICM state from luca-DATA-QA-0002
2020-06-15 09:29:40 INFO  SSH:669 - ...got ICM state from luca-COMPUTE-QA-0001
2020-06-15 09:29:40 INFO  SSH:669 - ...got ICM state from luca-DATA-QA-0001
2020-06-15 09:29:40 INFO  Docker:450 - Configuring Web Gateway on luca-COMPUTE-QA-0001...
2020-06-15 09:29:40 INFO  Docker:450 - Configuring Web Gateway on luca-COMPUTE-QA-0002...
2020-06-15 09:29:40 INFO  Docker:450 - Configuring Web Gateway on luca-DATA-QA-0001...
2020-06-15 09:29:40 INFO  Docker:450 - Configuring Web Gateway on luca-DATA-QA-0002...
2020-06-15 09:29:43 INFO  Docker:570 - ...configured Web Gateway on luca-DATA-QA-0001
2020-06-15 09:29:43 INFO  Docker:570 - ...configured Web Gateway on luca-COMPUTE-QA-0001
2020-06-15 09:29:43 INFO  Docker:570 - ...configured Web Gateway on luca-DATA-QA-0002
2020-06-15 09:29:43 INFO  Docker:570 - ...configured Web Gateway on luca-COMPUTE-QA-0002
2020-06-15 09:29:43 INFO  Docker:458 - Configuring ODBC on luca-COMPUTE-QA-0001...
2020-06-15 09:29:43 INFO  Docker:458 - Configuring ODBC on luca-COMPUTE-QA-0002...
2020-06-15 09:29:43 INFO  Docker:458 - Configuring ODBC on luca-DATA-QA-0001...
2020-06-15 09:29:43 INFO  Docker:458 - Configuring ODBC on luca-DATA-QA-0002...
2020-06-15 09:29:46 INFO  Docker:573 - ...configured ODBC on luca-COMPUTE-QA-0001
2020-06-15 09:29:46 INFO  Docker:573 - ...configured ODBC on luca-DATA-QA-0002
2020-06-15 09:29:46 INFO  Docker:573 - ...configured ODBC on luca-DATA-QA-0001
2020-06-15 09:29:46 INFO  Docker:573 - ...configured ODBC on luca-COMPUTE-QA-0002
2020-06-15 09:29:46 INFO  JDBC:1208 - Configuring JDBC on luca-COMPUTE-QA-0001...
2020-06-15 09:29:46 INFO  JDBC:1208 - Configuring JDBC on luca-COMPUTE-QA-0002...
2020-06-15 09:29:46 INFO  JDBC:1208 - Configuring JDBC on luca-DATA-QA-0001...
2020-06-15 09:29:46 INFO  JDBC:1208 - Configuring JDBC on luca-DATA-QA-0002...
2020-06-15 09:29:48 INFO  JDBC:1282 - ...configured JDBC on luca-COMPUTE-QA-0002
2020-06-15 09:29:48 INFO  JDBC:859 - Configuring ECP on luca-COMPUTE-QA-0002...
2020-06-15 09:29:48 INFO  JDBC:1282 - ...configured JDBC on luca-COMPUTE-QA-0001
2020-06-15 09:29:48 INFO  JDBC:859 - Configuring ECP on luca-COMPUTE-QA-0001...
2020-06-15 09:29:48 INFO  JDBC:1282 - ...configured JDBC on luca-DATA-QA-0002
2020-06-15 09:29:48 INFO  JDBC:859 - Configuring ECP on luca-DATA-QA-0002...
2020-06-15 09:29:48 INFO  JDBC:1282 - ...configured JDBC on luca-DATA-QA-0001
2020-06-15 09:29:48 INFO  JDBC:859 - Configuring ECP on luca-DATA-QA-0001...
2020-06-15 09:29:51 INFO  JDBC:937 - ...configured ECP on luca-DATA-QA-0001
2020-06-15 09:29:51 INFO  JDBC:937 - ...configured ECP on luca-COMPUTE-QA-0002
2020-06-15 09:29:51 INFO  JDBC:937 - ...configured ECP on luca-DATA-QA-0002
2020-06-15 09:29:51 INFO  JDBC:937 - ...configured ECP on luca-COMPUTE-QA-0001
2020-06-15 09:29:51 INFO  JDBC:1420 - Changing WebGateway password on luca-COMPUTE-QA-0001...
2020-06-15 09:29:51 INFO  JDBC:1420 - Changing WebGateway password on luca-COMPUTE-QA-0002...
2020-06-15 09:29:51 INFO  JDBC:1420 - Changing WebGateway password on luca-DATA-QA-0001...
2020-06-15 09:29:51 INFO  JDBC:1420 - Changing WebGateway password on luca-DATA-QA-0002...
2020-06-15 09:29:52 INFO  JDBC:1442 - ...changed WebGateway password on luca-DATA-QA-0002
2020-06-15 09:29:52 INFO  JDBC:1442 - ...changed WebGateway password on luca-DATA-QA-0001
2020-06-15 09:29:52 INFO  JDBC:1442 - ...changed WebGateway password on luca-COMPUTE-QA-0001
2020-06-15 09:29:52 INFO  JDBC:1442 - ...changed WebGateway password on luca-COMPUTE-QA-0002
2020-06-15 09:29:53 INFO  JDBC:1103 - Acquiring license on luca-COMPUTE-QA-0001...
2020-06-15 09:29:53 INFO  JDBC:1103 - Acquiring license on luca-COMPUTE-QA-0002...
2020-06-15 09:29:53 INFO  JDBC:1073 - Validating license on luca-DATA-QA-0001...
2020-06-15 09:29:53 INFO  JDBC:1103 - Acquiring license on luca-DATA-QA-0002...
2020-06-15 09:29:54 INFO  JDBC:1110 - ...acquired license on luca-COMPUTE-QA-0001
2020-06-15 09:29:54 INFO  JDBC:1089 - ...validated license on luca-DATA-QA-0001
2020-06-15 09:29:54 INFO  JDBC:1103 - Acquiring license on luca-DATA-QA-0001...
2020-06-15 09:29:54 INFO  JDBC:1110 - ...acquired license on luca-DATA-QA-0002
2020-06-15 09:29:54 INFO  JDBC:1110 - ...acquired license on luca-COMPUTE-QA-0002
2020-06-15 09:29:55 INFO  JDBC:1110 - ...acquired license on luca-DATA-QA-0001
2020-06-15 09:29:56 INFO  JDBC:391 - Initializing shard luca-DATA-QA-0001...
2020-06-15 09:29:57 INFO  JDBC:404 - ...initialized shard luca-DATA-QA-0001
2020-06-15 09:29:58 INFO  JDBC:449 - Verifying local node ready for attach...
2020-06-15 09:29:58 INFO  JDBC:465 - ...verified local node ready for attach
2020-06-15 09:30:00 INFO  JDBC:449 - Verifying remote node ready for attach...
2020-06-15 09:30:00 INFO  JDBC:465 - ...verified remote node ready for attach
2020-06-15 09:30:00 INFO  JDBC:526 - Attaching shard luca-DATA-QA-0002 as data node....
2020-06-15 09:30:03 INFO  JDBC:550 - ...attached shard luca-DATA-QA-0002 as data node
2020-06-15 09:30:04 INFO  JDBC:449 - Verifying remote node ready for attach...
2020-06-15 09:30:04 INFO  JDBC:449 - Verifying remote node ready for attach...
2020-06-15 09:30:04 INFO  JDBC:465 - ...verified remote node ready for attach
2020-06-15 09:30:04 INFO  JDBC:526 - Attaching shard luca-COMPUTE-QA-0001 as compute node....
2020-06-15 09:30:04 INFO  JDBC:465 - ...verified remote node ready for attach
2020-06-15 09:30:04 INFO  JDBC:526 - Attaching shard luca-COMPUTE-QA-0002 as compute node....
2020-06-15 09:30:06 INFO  JDBC:550 - ...attached shard luca-COMPUTE-QA-0002 as compute node
2020-06-15 09:30:07 INFO  JDBC:550 - ...attached shard luca-COMPUTE-QA-0001 as compute node
2020-06-15 09:30:08 INFO  JDBC:1163 - Setting shard options on luca-COMPUTE-QA-0001...
2020-06-15 09:30:08 INFO  JDBC:1200 - ...set shard options on luca-COMPUTE-QA-0001
2020-06-15 09:30:08 INFO  JDBC:1163 - Setting shard options on luca-DATA-QA-0002...
2020-06-15 09:30:08 INFO  JDBC:1200 - ...set shard options on luca-DATA-QA-0002
2020-06-15 09:30:08 INFO  JDBC:1163 - Setting shard options on luca-DATA-QA-0001...
2020-06-15 09:30:08 INFO  JDBC:1200 - ...set shard options on luca-DATA-QA-0001
2020-06-15 09:30:08 INFO  JDBC:1163 - Setting shard options on luca-COMPUTE-QA-0002...
2020-06-15 09:30:08 INFO  JDBC:1200 - ...set shard options on luca-COMPUTE-QA-0002
2020-06-15 09:30:08 INFO  JDBC:742 - Retrieving shard index on luca-DATA-QA-0002...
2020-06-15 09:30:08 INFO  JDBC:742 - Retrieving shard index on luca-DATA-QA-0001...
2020-06-15 09:30:10 INFO  JDBC:757 - ..retrieved shard index on luca-DATA-QA-0001
2020-06-15 09:30:10 INFO  JDBC:797 - Setting shard brokered host on luca-DATA-QA-0001...
2020-06-15 09:30:10 INFO  JDBC:757 - ..retrieved shard index on luca-DATA-QA-0002
2020-06-15 09:30:10 INFO  JDBC:797 - Setting shard brokered host on luca-DATA-QA-0002...
2020-06-15 09:30:11 INFO  JDBC:812 - ...set shard brokered host on luca-DATA-QA-0002
2020-06-15 09:30:11 INFO  JDBC:812 - ...set shard brokered host on luca-DATA-QA-0001
2020-06-15 09:30:11 INFO  JDBC:836 - Verifying shards on luca-DATA-QA-0001...
2020-06-15 09:30:12 INFO  JDBC:853 - ...verified shards on luca-DATA-QA-0001
2020-06-15 09:30:12 INFO  SSH:627 - Setting ICM state on luca-COMPUTE-QA-0001...
2020-06-15 09:30:12 INFO  SSH:627 - Setting ICM state on luca-COMPUTE-QA-0002...
2020-06-15 09:30:12 INFO  SSH:627 - Setting ICM state on luca-DATA-QA-0001...
2020-06-15 09:30:12 INFO  SSH:627 - Setting ICM state on luca-DATA-QA-0002...
2020-06-15 09:30:18 INFO  SSH:638 - ...set ICM state on luca-COMPUTE-QA-0002
2020-06-15 09:30:18 INFO  SSH:638 - ...set ICM state on luca-COMPUTE-QA-0001
2020-06-15 09:30:18 INFO  SSH:638 - ...set ICM state on luca-DATA-QA-0002
2020-06-15 09:30:18 INFO  SSH:638 - ...set ICM state on luca-DATA-QA-0001
2020-06-15 09:30:18 INFO  IRIS:111 - -> Management Portal available at: http://ec2-18-144-55-254.us-west-1.compute.amazonaws.com:52773/csp/sys/UtilHome.csp
2020-06-15 09:52:49 DEBUG Provision:1065 - inventory
2020-06-15 09:52:49 INFO  Provision:561 - Machine                        IP Address       DNS Name                                 Provider Region     Zone
2020-06-15 09:52:49 INFO  Provision:562 - -------                        ----------       --------                                 -------- ------     ----
2020-06-15 09:52:49 INFO  Provision:609 - luca-COMPUTE-QA-0001           54.193.98.251    ec2-54-193-98-251.us-west-1.compute.amaz AWS      us-west-1  c    
2020-06-15 09:52:49 INFO  Provision:609 - luca-COMPUTE-QA-0002           54.215.224.225   ec2-54-215-224-225.us-west-1.compute.ama AWS      us-west-1  c    
2020-06-15 09:52:49 INFO  Provision:609 - luca-DATA-QA-0001              18.144.55.254    ec2-18-144-55-254.us-west-1.compute.amaz AWS      us-west-1  c    
2020-06-15 09:52:49 INFO  Provision:609 - luca-DATA-QA-0002              54.151.60.93     ec2-54-151-60-93.us-west-1.compute.amazo AWS      us-west-1  c    
2020-06-15 09:52:51 DEBUG Provision:1065 - ps --container=iris
2020-06-15 09:52:52 INFO  Provision:643 - Machine                        IP Address       Container            Status   Health     Image
2020-06-15 09:52:52 INFO  Provision:644 - -------                        ----------       ---------            ------   ------     -----
2020-06-15 09:52:52 INFO  Provision:669 - luca-DATA-QA-0002              54.151.60.93     iris                 Up       healthy    intersystems/iris:2020.3.0XDBC.132.0
2020-06-15 09:52:52 INFO  Provision:669 - luca-COMPUTE-QA-0002           54.215.224.225   iris                 Up       healthy    intersystems/iris:2020.3.0XDBC.132.0
2020-06-15 09:52:52 INFO  Provision:669 - luca-DATA-QA-0001              18.144.55.254    iris                 Up       healthy    intersystems/iris:2020.3.0XDBC.132.0
2020-06-15 09:52:52 INFO  Provision:669 - luca-COMPUTE-QA-0001           54.193.98.251    iris                 Up       healthy    intersystems/iris:2020.3.0XDBC.132.0
2020-06-15 10:02:22 DEBUG Provision:1065 - unprovision --cleanUp=true --force=true --stateDir=state
2020-06-15 10:02:23 INFO  Terraform:305 - Starting init of luca-DATA-QA...
2020-06-15 10:02:23 INFO  Terraform:305 - Starting init of luca-COMPUTE-QA...
2020-06-15 10:02:23 INFO  Terraform:312 - ...completed init of luca-DATA-QA
2020-06-15 10:02:23 INFO  Terraform:312 - ...completed init of luca-COMPUTE-QA
2020-06-15 10:02:23 INFO  Terraform:305 - Starting refresh of luca-DATA-QA...
2020-06-15 10:02:23 INFO  Terraform:305 - Starting refresh of luca-COMPUTE-QA...
2020-06-15 10:02:38 INFO  Provision:122 - Elapsed time for refresh on luca-DATA-QA: 15s...
2020-06-15 10:02:38 INFO  Terraform:312 - ...completed refresh of luca-COMPUTE-QA
2020-06-15 10:02:39 INFO  Terraform:312 - ...completed refresh of luca-DATA-QA
2020-06-15 10:02:39 INFO  Terraform:305 - Starting destroy of luca-DATA-QA...
2020-06-15 10:02:39 INFO  Terraform:305 - Starting destroy of luca-COMPUTE-QA...
2020-06-15 10:02:54 INFO  Provision:122 - Elapsed time for destroy on luca-DATA-QA: 15s...
2020-06-15 10:02:54 INFO  Provision:122 - Elapsed time for destroy on luca-COMPUTE-QA: 15s...
2020-06-15 10:03:09 INFO  Provision:122 - Elapsed time for destroy on luca-DATA-QA: 30s...
2020-06-15 10:03:09 INFO  Provision:122 - Elapsed time for destroy on luca-COMPUTE-QA: 30s...
2020-06-15 10:03:24 INFO  Provision:122 - Elapsed time for destroy on luca-DATA-QA: 45s...
2020-06-15 10:03:24 INFO  Provision:122 - Elapsed time for destroy on luca-COMPUTE-QA: 45s...
2020-06-15 10:03:39 INFO  Provision:122 - Elapsed time for destroy on luca-DATA-QA: 60s...
2020-06-15 10:03:39 INFO  Provision:122 - Elapsed time for destroy on luca-COMPUTE-QA: 60s...
2020-06-15 10:03:54 INFO  Provision:122 - Elapsed time for destroy on luca-DATA-QA: 75s...
2020-06-15 10:03:54 INFO  Provision:122 - Elapsed time for destroy on luca-COMPUTE-QA: 75s...
2020-06-15 10:04:09 INFO  Provision:122 - Elapsed time for destroy on luca-DATA-QA: 90s...
2020-06-15 10:04:09 INFO  Provision:122 - Elapsed time for destroy on luca-COMPUTE-QA: 90s...
2020-06-15 10:04:24 INFO  Provision:122 - Elapsed time for destroy on luca-DATA-QA: 105s...
2020-06-15 10:04:24 INFO  Provision:122 - Elapsed time for destroy on luca-COMPUTE-QA: 105s...
2020-06-15 10:04:39 INFO  Provision:122 - Elapsed time for destroy on luca-DATA-QA: 120s...
2020-06-15 10:04:39 INFO  Provision:122 - Elapsed time for destroy on luca-COMPUTE-QA: 120s...
2020-06-15 10:04:54 INFO  Provision:122 - Elapsed time for destroy on luca-DATA-QA: 135s...
2020-06-15 10:04:54 INFO  Provision:122 - Elapsed time for destroy on luca-COMPUTE-QA: 135s...
2020-06-15 10:05:09 INFO  Provision:122 - Elapsed time for destroy on luca-DATA-QA: 150s...
2020-06-15 10:05:09 INFO  Provision:122 - Elapsed time for destroy on luca-COMPUTE-QA: 150s...
2020-06-15 10:05:15 INFO  Terraform:312 - ...completed destroy of luca-COMPUTE-QA
2020-06-15 10:05:24 INFO  Provision:122 - Elapsed time for destroy on luca-DATA-QA: 165s...
2020-06-15 10:05:25 INFO  Terraform:312 - ...completed destroy of luca-DATA-QA
2020-06-15 10:05:25 INFO  Terraform:305 - Starting init of luca-QA...
2020-06-15 10:05:26 INFO  Terraform:312 - ...completed init of luca-QA
2020-06-15 10:05:26 INFO  Terraform:305 - Starting refresh of luca-QA...
2020-06-15 10:05:41 INFO  Provision:122 - Elapsed time for refresh on luca-QA: 15s...
2020-06-15 10:05:42 INFO  Terraform:312 - ...completed refresh of luca-QA
2020-06-15 10:05:42 INFO  Terraform:305 - Starting destroy of luca-QA...
2020-06-15 10:05:57 INFO  Provision:122 - Elapsed time for destroy on luca-QA: 15s...
2020-06-15 10:06:12 INFO  Provision:122 - Elapsed time for destroy on luca-QA: 30s...
2020-06-15 10:06:18 INFO  Terraform:312 - ...completed destroy of luca-QA
2020-06-15 10:06:18 INFO  Provision:174 - Deleting state
2020-06-15 10:06:18 INFO  Provision:186 - Deleting instances.json
