2020-06-15 09:04:47 DEBUG Provision:1065 - provision
2020-06-15 09:04:48 INFO  Terraform:305 - Starting init of luca-UAT...
2020-06-15 09:04:48 INFO  Terraform:312 - ...completed init of luca-UAT
2020-06-15 09:04:48 INFO  Terraform:305 - Starting plan of luca-UAT...
2020-06-15 09:04:54 INFO  Terraform:312 - ...completed plan of luca-UAT
2020-06-15 09:04:54 INFO  Terraform:305 - Starting refresh of luca-UAT...
2020-06-15 09:04:56 INFO  Terraform:312 - ...completed refresh of luca-UAT
2020-06-15 09:04:56 INFO  Terraform:305 - Starting apply of luca-UAT...
2020-06-15 09:05:11 INFO  Provision:122 - Elapsed time for apply on luca-UAT: 15s...
2020-06-15 09:05:26 INFO  Provision:122 - Elapsed time for apply on luca-UAT: 30s...
2020-06-15 09:05:29 INFO  Terraform:312 - ...completed apply of luca-UAT
2020-06-15 09:05:29 INFO  Terraform:305 - Starting init of luca-DATA-UAT...
2020-06-15 09:05:29 INFO  Terraform:305 - Starting init of luca-COMPUTE-UAT...
2020-06-15 09:05:30 INFO  Terraform:312 - ...completed init of luca-COMPUTE-UAT
2020-06-15 09:05:30 INFO  Terraform:312 - ...completed init of luca-DATA-UAT
2020-06-15 09:05:30 INFO  Terraform:305 - Starting plan of luca-DATA-UAT...
2020-06-15 09:05:30 INFO  Terraform:305 - Starting plan of luca-COMPUTE-UAT...
2020-06-15 09:05:37 INFO  Terraform:312 - ...completed plan of luca-DATA-UAT
2020-06-15 09:05:37 INFO  Terraform:312 - ...completed plan of luca-COMPUTE-UAT
2020-06-15 09:05:37 INFO  Terraform:305 - Starting refresh of luca-DATA-UAT...
2020-06-15 09:05:37 INFO  Terraform:305 - Starting refresh of luca-COMPUTE-UAT...
2020-06-15 09:05:39 INFO  Terraform:312 - ...completed refresh of luca-COMPUTE-UAT
2020-06-15 09:05:39 INFO  Terraform:312 - ...completed refresh of luca-DATA-UAT
2020-06-15 09:05:39 INFO  Terraform:305 - Starting apply of luca-DATA-UAT...
2020-06-15 09:05:39 INFO  Terraform:305 - Starting apply of luca-COMPUTE-UAT...
2020-06-15 09:05:54 INFO  Provision:122 - Elapsed time for apply on luca-DATA-UAT: 15s...
2020-06-15 09:05:54 INFO  Provision:122 - Elapsed time for apply on luca-COMPUTE-UAT: 15s...
2020-06-15 09:06:09 INFO  Provision:122 - Elapsed time for apply on luca-DATA-UAT: 30s...
2020-06-15 09:06:09 INFO  Provision:122 - Elapsed time for apply on luca-COMPUTE-UAT: 30s...
2020-06-15 09:06:24 INFO  Provision:122 - Elapsed time for apply on luca-DATA-UAT: 45s...
2020-06-15 09:06:24 INFO  Provision:122 - Elapsed time for apply on luca-COMPUTE-UAT: 45s...
2020-06-15 09:06:39 INFO  Provision:122 - Elapsed time for apply on luca-DATA-UAT: 60s...
2020-06-15 09:06:39 INFO  Provision:122 - Elapsed time for apply on luca-COMPUTE-UAT: 60s...
2020-06-15 09:06:54 INFO  Provision:122 - Elapsed time for apply on luca-DATA-UAT: 75s...
2020-06-15 09:06:54 INFO  Provision:122 - Elapsed time for apply on luca-COMPUTE-UAT: 75s...
2020-06-15 09:07:09 INFO  Provision:122 - Elapsed time for apply on luca-DATA-UAT: 90s...
2020-06-15 09:07:09 INFO  Provision:122 - Elapsed time for apply on luca-COMPUTE-UAT: 90s...
2020-06-15 09:07:24 INFO  Provision:122 - Elapsed time for apply on luca-DATA-UAT: 105s...
2020-06-15 09:07:24 INFO  Provision:122 - Elapsed time for apply on luca-COMPUTE-UAT: 105s...
2020-06-15 09:07:30 INFO  Terraform:312 - ...completed apply of luca-DATA-UAT
2020-06-15 09:07:39 INFO  Provision:122 - Elapsed time for apply on luca-COMPUTE-UAT: 120s...
2020-06-15 09:07:41 INFO  Terraform:312 - ...completed apply of luca-COMPUTE-UAT
2020-06-15 09:07:44 WARN  SSH:188 - SSH connection to luca-COMPUTE-UAT-0002 failed (attempt 1 of 60)...
2020-06-15 09:07:45 INFO  SSH:198 - Copying files to luca-COMPUTE-UAT-0004...
2020-06-15 09:07:45 INFO  SSH:198 - Copying files to luca-DATA-UAT-0001...
2020-06-15 09:07:45 INFO  SSH:198 - Copying files to luca-COMPUTE-UAT-0003...
2020-06-15 09:07:46 INFO  SSH:198 - Copying files to luca-COMPUTE-UAT-0001...
2020-06-15 09:07:49 WARN  SSH:188 - SSH connection to luca-COMPUTE-UAT-0002 failed (attempt 2 of 60)...
2020-06-15 09:07:50 INFO  SSH:210 - ...copied files to luca-COMPUTE-UAT-0004
2020-06-15 09:07:50 INFO  SSH:213 - Configuring luca-COMPUTE-UAT-0004...
2020-06-15 09:07:50 INFO  SSH:210 - ...copied files to luca-DATA-UAT-0001
2020-06-15 09:07:50 INFO  SSH:213 - Configuring luca-DATA-UAT-0001...
2020-06-15 09:07:50 INFO  SSH:210 - ...copied files to luca-COMPUTE-UAT-0003
2020-06-15 09:07:50 INFO  SSH:213 - Configuring luca-COMPUTE-UAT-0003...
2020-06-15 09:07:51 INFO  SSH:210 - ...copied files to luca-COMPUTE-UAT-0001
2020-06-15 09:07:51 INFO  SSH:213 - Configuring luca-COMPUTE-UAT-0001...
2020-06-15 09:07:57 INFO  Provision:122 - Elapsed time for provision on luca-DATA-UAT-0002: 15s...
2020-06-15 09:08:01 INFO  SSH:184 - ...connection to luca-COMPUTE-UAT-0002 succeeded
2020-06-15 09:08:01 INFO  SSH:198 - Copying files to luca-COMPUTE-UAT-0002...
2020-06-15 09:08:02 INFO  SSH:232 - ...configured luca-COMPUTE-UAT-0004
2020-06-15 09:08:02 INFO  SSH:238 - Copying more files to luca-COMPUTE-UAT-0004...
2020-06-15 09:08:03 INFO  SSH:232 - ...configured luca-DATA-UAT-0001
2020-06-15 09:08:03 INFO  SSH:238 - Copying more files to luca-DATA-UAT-0001...
2020-06-15 09:08:03 INFO  SSH:232 - ...configured luca-COMPUTE-UAT-0003
2020-06-15 09:08:03 INFO  SSH:238 - Copying more files to luca-COMPUTE-UAT-0003...
2020-06-15 09:08:04 INFO  SSH:232 - ...configured luca-COMPUTE-UAT-0001
2020-06-15 09:08:04 INFO  SSH:238 - Copying more files to luca-COMPUTE-UAT-0001...
2020-06-15 09:08:08 INFO  SSH:210 - ...copied files to luca-COMPUTE-UAT-0002
2020-06-15 09:08:08 INFO  SSH:213 - Configuring luca-COMPUTE-UAT-0002...
2020-06-15 09:08:12 INFO  Provision:122 - Elapsed time for provision on luca-DATA-UAT-0002: 30s...
2020-06-15 09:08:19 INFO  SSH:248 - ...copied more files to luca-COMPUTE-UAT-0004
2020-06-15 09:08:19 INFO  SSH:251 - Mounting volumes on luca-COMPUTE-UAT-0004...
2020-06-15 09:08:20 INFO  SSH:232 - ...configured luca-COMPUTE-UAT-0002
2020-06-15 09:08:20 INFO  SSH:238 - Copying more files to luca-COMPUTE-UAT-0002...
2020-06-15 09:08:20 INFO  SSH:248 - ...copied more files to luca-DATA-UAT-0001
2020-06-15 09:08:20 INFO  SSH:251 - Mounting volumes on luca-DATA-UAT-0001...
2020-06-15 09:08:20 INFO  SSH:248 - ...copied more files to luca-COMPUTE-UAT-0003
2020-06-15 09:08:20 INFO  SSH:251 - Mounting volumes on luca-COMPUTE-UAT-0003...
2020-06-15 09:08:21 INFO  SSH:248 - ...copied more files to luca-COMPUTE-UAT-0001
2020-06-15 09:08:21 INFO  SSH:251 - Mounting volumes on luca-COMPUTE-UAT-0001...
2020-06-15 09:08:23 INFO  SSH:263 - ...mounted volumes on luca-COMPUTE-UAT-0004
2020-06-15 09:08:23 INFO  SSH:267 - Installing Docker on luca-COMPUTE-UAT-0004...
2020-06-15 09:08:24 INFO  SSH:263 - ...mounted volumes on luca-COMPUTE-UAT-0003
2020-06-15 09:08:24 INFO  SSH:267 - Installing Docker on luca-COMPUTE-UAT-0003...
2020-06-15 09:08:24 INFO  SSH:263 - ...mounted volumes on luca-DATA-UAT-0001
2020-06-15 09:08:24 INFO  SSH:267 - Installing Docker on luca-DATA-UAT-0001...
2020-06-15 09:08:24 INFO  SSH:263 - ...mounted volumes on luca-COMPUTE-UAT-0001
2020-06-15 09:08:24 INFO  SSH:267 - Installing Docker on luca-COMPUTE-UAT-0001...
2020-06-15 09:08:27 INFO  Provision:122 - Elapsed time for provision on luca-DATA-UAT-0002: 45s...
2020-06-15 09:08:38 INFO  SSH:248 - ...copied more files to luca-COMPUTE-UAT-0002
2020-06-15 09:08:38 INFO  SSH:251 - Mounting volumes on luca-COMPUTE-UAT-0002...
2020-06-15 09:08:40 INFO  Provision:122 - Elapsed time for provision on luca-COMPUTE-UAT-0004: 15s...
2020-06-15 09:08:41 INFO  Provision:122 - Elapsed time for provision on luca-COMPUTE-UAT-0003: 15s...
2020-06-15 09:08:41 INFO  Provision:122 - Elapsed time for provision on luca-DATA-UAT-0001: 15s...
2020-06-15 09:08:41 INFO  SSH:263 - ...mounted volumes on luca-COMPUTE-UAT-0002
2020-06-15 09:08:41 INFO  SSH:267 - Installing Docker on luca-COMPUTE-UAT-0002...
2020-06-15 09:08:42 INFO  Provision:122 - Elapsed time for provision on luca-DATA-UAT-0002: 60s...
2020-06-15 09:08:42 INFO  Provision:122 - Elapsed time for provision on luca-COMPUTE-UAT-0001: 15s...
2020-06-15 09:08:55 INFO  Provision:122 - Elapsed time for provision on luca-COMPUTE-UAT-0004: 30s...
2020-06-15 09:08:56 INFO  Provision:122 - Elapsed time for provision on luca-COMPUTE-UAT-0003: 30s...
2020-06-15 09:08:56 INFO  Provision:122 - Elapsed time for provision on luca-DATA-UAT-0001: 30s...
2020-06-15 09:08:57 INFO  Provision:122 - Elapsed time for provision on luca-DATA-UAT-0002: 75s...
2020-06-15 09:08:57 INFO  Provision:122 - Elapsed time for provision on luca-COMPUTE-UAT-0001: 30s...
2020-06-15 09:08:59 INFO  Provision:122 - Elapsed time for provision on luca-COMPUTE-UAT-0002: 15s...
2020-06-15 09:09:06 INFO  SSH:284 - ...installed Docker on luca-COMPUTE-UAT-0003
2020-06-15 09:09:06 INFO  SSH:288 - Determining host OS of luca-COMPUTE-UAT-0003...
2020-06-15 09:09:06 INFO  SSH:284 - ...installed Docker on luca-DATA-UAT-0001
2020-06-15 09:09:06 INFO  SSH:288 - Determining host OS of luca-DATA-UAT-0001...
2020-06-15 09:09:07 INFO  SSH:284 - ...installed Docker on luca-COMPUTE-UAT-0004
2020-06-15 09:09:07 INFO  SSH:288 - Determining host OS of luca-COMPUTE-UAT-0004...
2020-06-15 09:09:07 INFO  SSH:284 - ...installed Docker on luca-COMPUTE-UAT-0001
2020-06-15 09:09:07 INFO  SSH:288 - Determining host OS of luca-COMPUTE-UAT-0001...
2020-06-15 09:09:08 INFO  SSH:297 - ...determined host OS of luca-COMPUTE-UAT-0003
2020-06-15 09:09:08 INFO  SSH:317 - Determining local IP address of luca-COMPUTE-UAT-0003...
2020-06-15 09:09:08 INFO  SSH:297 - ...determined host OS of luca-DATA-UAT-0001
2020-06-15 09:09:08 INFO  SSH:317 - Determining local IP address of luca-DATA-UAT-0001...
2020-06-15 09:09:09 INFO  SSH:297 - ...determined host OS of luca-COMPUTE-UAT-0004
2020-06-15 09:09:09 INFO  SSH:317 - Determining local IP address of luca-COMPUTE-UAT-0004...
2020-06-15 09:09:10 INFO  SSH:297 - ...determined host OS of luca-COMPUTE-UAT-0001
2020-06-15 09:09:10 INFO  SSH:317 - Determining local IP address of luca-COMPUTE-UAT-0001...
2020-06-15 09:09:10 INFO  SSH:328 - ...determined local IP address of luca-COMPUTE-UAT-0003
2020-06-15 09:09:11 INFO  SSH:328 - ...determined local IP address of luca-DATA-UAT-0001
2020-06-15 09:09:11 INFO  SSH:328 - ...determined local IP address of luca-COMPUTE-UAT-0004
2020-06-15 09:09:12 INFO  Provision:122 - Elapsed time for provision on luca-DATA-UAT-0002: 90s...
2020-06-15 09:09:12 INFO  SSH:328 - ...determined local IP address of luca-COMPUTE-UAT-0001
2020-06-15 09:09:14 INFO  Provision:122 - Elapsed time for provision on luca-COMPUTE-UAT-0002: 30s...
2020-06-15 09:09:27 INFO  Provision:122 - Elapsed time for provision on luca-DATA-UAT-0002: 105s...
2020-06-15 09:09:28 INFO  SSH:284 - ...installed Docker on luca-COMPUTE-UAT-0002
2020-06-15 09:09:28 INFO  SSH:288 - Determining host OS of luca-COMPUTE-UAT-0002...
2020-06-15 09:09:31 INFO  SSH:297 - ...determined host OS of luca-COMPUTE-UAT-0002
2020-06-15 09:09:31 INFO  SSH:317 - Determining local IP address of luca-COMPUTE-UAT-0002...
2020-06-15 09:09:34 INFO  SSH:328 - ...determined local IP address of luca-COMPUTE-UAT-0002
2020-06-15 09:09:37 INFO  SSH:198 - Copying files to luca-DATA-UAT-0002...
2020-06-15 09:09:53 INFO  SSH:210 - ...copied files to luca-DATA-UAT-0002
2020-06-15 09:09:53 INFO  SSH:213 - Configuring luca-DATA-UAT-0002...
2020-06-15 09:10:12 INFO  Provision:122 - Elapsed time for provision on luca-DATA-UAT-0002: 15s...
2020-06-15 09:10:27 INFO  Provision:122 - Elapsed time for provision on luca-DATA-UAT-0002: 30s...
2020-06-15 09:10:42 INFO  Provision:122 - Elapsed time for provision on luca-DATA-UAT-0002: 45s...
2020-06-15 09:10:57 INFO  Provision:122 - Elapsed time for provision on luca-DATA-UAT-0002: 60s...
2020-06-15 09:11:12 INFO  Provision:122 - Elapsed time for provision on luca-DATA-UAT-0002: 75s...
2020-06-15 09:11:27 INFO  Provision:122 - Elapsed time for provision on luca-DATA-UAT-0002: 90s...
2020-06-15 09:11:42 INFO  Provision:122 - Elapsed time for provision on luca-DATA-UAT-0002: 105s...
2020-06-15 09:11:57 INFO  Provision:122 - Elapsed time for provision on luca-DATA-UAT-0002: 120s...
2020-06-15 09:11:58 INFO  SSH:232 - ...configured luca-DATA-UAT-0002
2020-06-15 09:11:58 INFO  SSH:238 - Copying more files to luca-DATA-UAT-0002...
2020-06-15 09:12:15 INFO  SSH:248 - ...copied more files to luca-DATA-UAT-0002
2020-06-15 09:12:15 INFO  SSH:251 - Mounting volumes on luca-DATA-UAT-0002...
2020-06-15 09:12:18 INFO  SSH:263 - ...mounted volumes on luca-DATA-UAT-0002
2020-06-15 09:12:18 INFO  SSH:267 - Installing Docker on luca-DATA-UAT-0002...
2020-06-15 09:12:37 INFO  Provision:122 - Elapsed time for provision on luca-DATA-UAT-0002: 15s...
2020-06-15 09:12:52 INFO  Provision:122 - Elapsed time for provision on luca-DATA-UAT-0002: 30s...
2020-06-15 09:13:07 INFO  Provision:122 - Elapsed time for provision on luca-DATA-UAT-0002: 45s...
2020-06-15 09:13:22 INFO  Provision:122 - Elapsed time for provision on luca-DATA-UAT-0002: 60s...
2020-06-15 09:13:28 INFO  SSH:284 - ...installed Docker on luca-DATA-UAT-0002
2020-06-15 09:13:28 INFO  SSH:288 - Determining host OS of luca-DATA-UAT-0002...
2020-06-15 09:13:29 INFO  SSH:297 - ...determined host OS of luca-DATA-UAT-0002
2020-06-15 09:13:29 INFO  SSH:317 - Determining local IP address of luca-DATA-UAT-0002...
2020-06-15 09:13:32 INFO  SSH:328 - ...determined local IP address of luca-DATA-UAT-0002
2020-06-15 09:13:32 INFO  SSH:691 - Installing Weave Net on luca-COMPUTE-UAT-0001...
2020-06-15 09:13:32 INFO  SSH:691 - Installing Weave Net on luca-COMPUTE-UAT-0003...
2020-06-15 09:13:32 INFO  SSH:691 - Installing Weave Net on luca-COMPUTE-UAT-0002...
2020-06-15 09:13:32 INFO  SSH:691 - Installing Weave Net on luca-COMPUTE-UAT-0004...
2020-06-15 09:13:32 INFO  SSH:691 - Installing Weave Net on luca-DATA-UAT-0001...
2020-06-15 09:13:32 INFO  SSH:691 - Installing Weave Net on luca-DATA-UAT-0002...
2020-06-15 09:13:45 INFO  SSH:696 - ...installed Weave Net on luca-COMPUTE-UAT-0003
2020-06-15 09:13:45 INFO  SSH:700 - Collecting Weave info for luca-COMPUTE-UAT-0003...
2020-06-15 09:13:46 INFO  SSH:696 - ...installed Weave Net on luca-COMPUTE-UAT-0002
2020-06-15 09:13:46 INFO  SSH:700 - Collecting Weave info for luca-COMPUTE-UAT-0002...
2020-06-15 09:13:47 INFO  Provision:122 - Elapsed time for weave on luca-COMPUTE-UAT-0001: 15s...
2020-06-15 09:13:47 INFO  Provision:122 - Elapsed time for weave on luca-COMPUTE-UAT-0004: 15s...
2020-06-15 09:13:47 INFO  Provision:122 - Elapsed time for weave on luca-DATA-UAT-0001: 15s...
2020-06-15 09:13:47 INFO  Provision:122 - Elapsed time for weave on luca-DATA-UAT-0002: 15s...
2020-06-15 09:13:48 INFO  SSH:696 - ...installed Weave Net on luca-COMPUTE-UAT-0004
2020-06-15 09:13:48 INFO  SSH:700 - Collecting Weave info for luca-COMPUTE-UAT-0004...
2020-06-15 09:13:48 INFO  SSH:708 - ...collected Weave info for luca-COMPUTE-UAT-0003
2020-06-15 09:13:49 INFO  SSH:696 - ...installed Weave Net on luca-DATA-UAT-0001
2020-06-15 09:13:49 INFO  SSH:700 - Collecting Weave info for luca-DATA-UAT-0001...
2020-06-15 09:13:49 INFO  SSH:708 - ...collected Weave info for luca-COMPUTE-UAT-0002
2020-06-15 09:13:49 INFO  SSH:696 - ...installed Weave Net on luca-COMPUTE-UAT-0001
2020-06-15 09:13:49 INFO  SSH:700 - Collecting Weave info for luca-COMPUTE-UAT-0001...
2020-06-15 09:13:50 INFO  SSH:708 - ...collected Weave info for luca-COMPUTE-UAT-0004
2020-06-15 09:13:51 INFO  SSH:708 - ...collected Weave info for luca-DATA-UAT-0001
2020-06-15 09:13:52 INFO  SSH:708 - ...collected Weave info for luca-COMPUTE-UAT-0001
2020-06-15 09:13:59 INFO  SSH:696 - ...installed Weave Net on luca-DATA-UAT-0002
2020-06-15 09:13:59 INFO  SSH:700 - Collecting Weave info for luca-DATA-UAT-0002...
2020-06-15 09:14:03 INFO  SSH:708 - ...collected Weave info for luca-DATA-UAT-0002
2020-06-15 09:14:03 INFO  Provision:561 - Machine                        IP Address       DNS Name                                 Provider Region     Zone
2020-06-15 09:14:03 INFO  Provision:562 - -------                        ----------       --------                                 -------- ------     ----
2020-06-15 09:14:03 INFO  Provision:609 - luca-COMPUTE-UAT-0001          3.135.203.8      ec2-3-135-203-8.us-east-2.compute.amazon AWS      us-east-2  a    
2020-06-15 09:14:03 INFO  Provision:609 - luca-COMPUTE-UAT-0002          18.188.48.152    ec2-18-188-48-152.us-east-2.compute.amaz AWS      us-east-2  a    
2020-06-15 09:14:03 INFO  Provision:609 - luca-COMPUTE-UAT-0003          18.189.194.98    ec2-18-189-194-98.us-east-2.compute.amaz AWS      us-east-2  a    
2020-06-15 09:14:03 INFO  Provision:609 - luca-COMPUTE-UAT-0004          3.12.165.173     ec2-3-12-165-173.us-east-2.compute.amazo AWS      us-east-2  a    
2020-06-15 09:14:03 INFO  Provision:609 - luca-DATA-UAT-0001             18.223.238.209   ec2-18-223-238-209.us-east-2.compute.ama AWS      us-east-2  a    
2020-06-15 09:14:03 INFO  Provision:609 - luca-DATA-UAT-0002             3.22.250.167     ec2-3-22-250-167.us-east-2.compute.amazo AWS      us-east-2  a    
2020-06-15 09:14:03 INFO  Provision:486 - To destroy: icm unprovision -stateDir state [-cleanUp] [-force]
2020-06-15 09:30:20 DEBUG Provision:1065 - run
2020-06-15 09:30:20 INFO  Docker:414 - Executing command 'docker login' on luca-COMPUTE-UAT-0001...
2020-06-15 09:30:20 INFO  Docker:414 - Executing command 'docker login' on luca-COMPUTE-UAT-0002...
2020-06-15 09:30:20 INFO  Docker:414 - Executing command 'docker login' on luca-COMPUTE-UAT-0003...
2020-06-15 09:30:20 INFO  Docker:414 - Executing command 'docker login' on luca-COMPUTE-UAT-0004...
2020-06-15 09:30:20 INFO  Docker:414 - Executing command 'docker login' on luca-DATA-UAT-0001...
2020-06-15 09:30:20 INFO  Docker:414 - Executing command 'docker login' on luca-DATA-UAT-0002...
2020-06-15 09:30:22 INFO  Docker:553 - ...output in /AWS3-UAT/state/luca-COMPUTE-UAT/luca-COMPUTE-UAT-0001/docker.out
2020-06-15 09:30:22 INFO  Docker:553 - ...output in /AWS3-UAT/state/luca-COMPUTE-UAT/luca-COMPUTE-UAT-0004/docker.out
2020-06-15 09:30:22 INFO  Docker:553 - ...output in /AWS3-UAT/state/luca-COMPUTE-UAT/luca-COMPUTE-UAT-0002/docker.out
2020-06-15 09:30:22 INFO  Docker:553 - ...output in /AWS3-UAT/state/luca-DATA-UAT/luca-DATA-UAT-0001/docker.out
2020-06-15 09:30:22 INFO  Docker:553 - ...output in /AWS3-UAT/state/luca-DATA-UAT/luca-DATA-UAT-0002/docker.out
2020-06-15 09:30:22 INFO  Docker:553 - ...output in /AWS3-UAT/state/luca-COMPUTE-UAT/luca-COMPUTE-UAT-0003/docker.out
2020-06-15 09:30:22 INFO  Docker:389 - Pulling image intersystems/iris:2020.3.0XDBC.132.0 on luca-COMPUTE-UAT-0001 ...
2020-06-15 09:30:22 INFO  Docker:389 - Pulling image intersystems/iris:2020.3.0XDBC.132.0 on luca-COMPUTE-UAT-0002 ...
2020-06-15 09:30:22 INFO  Docker:389 - Pulling image intersystems/iris:2020.3.0XDBC.132.0 on luca-COMPUTE-UAT-0003 ...
2020-06-15 09:30:22 INFO  Docker:389 - Pulling image intersystems/iris:2020.3.0XDBC.132.0 on luca-COMPUTE-UAT-0004 ...
2020-06-15 09:30:22 INFO  Docker:389 - Pulling image intersystems/iris:2020.3.0XDBC.132.0 on luca-DATA-UAT-0001 ...
2020-06-15 09:30:22 INFO  Docker:389 - Pulling image intersystems/iris:2020.3.0XDBC.132.0 on luca-DATA-UAT-0002 ...
2020-06-15 09:30:37 INFO  Provision:122 - Elapsed time for pull on luca-COMPUTE-UAT-0001: 15s...
2020-06-15 09:30:37 INFO  Provision:122 - Elapsed time for pull on luca-COMPUTE-UAT-0002: 15s...
2020-06-15 09:30:37 INFO  Provision:122 - Elapsed time for pull on luca-COMPUTE-UAT-0003: 15s...
2020-06-15 09:30:37 INFO  Provision:122 - Elapsed time for pull on luca-COMPUTE-UAT-0004: 15s...
2020-06-15 09:30:37 INFO  Provision:122 - Elapsed time for pull on luca-DATA-UAT-0001: 15s...
2020-06-15 09:30:37 INFO  Provision:122 - Elapsed time for pull on luca-DATA-UAT-0002: 15s...
2020-06-15 09:30:52 INFO  Provision:122 - Elapsed time for pull on luca-COMPUTE-UAT-0001: 30s...
2020-06-15 09:30:52 INFO  Provision:122 - Elapsed time for pull on luca-COMPUTE-UAT-0002: 30s...
2020-06-15 09:30:52 INFO  Provision:122 - Elapsed time for pull on luca-COMPUTE-UAT-0003: 30s...
2020-06-15 09:30:52 INFO  Provision:122 - Elapsed time for pull on luca-COMPUTE-UAT-0004: 30s...
2020-06-15 09:30:52 INFO  Provision:122 - Elapsed time for pull on luca-DATA-UAT-0001: 30s...
2020-06-15 09:30:52 INFO  Provision:122 - Elapsed time for pull on luca-DATA-UAT-0002: 30s...
2020-06-15 09:30:58 INFO  Docker:534 - ...pulled image intersystems/iris:2020.3.0XDBC.132.0 on luca-DATA-UAT-0002
2020-06-15 09:31:00 INFO  Docker:534 - ...pulled image intersystems/iris:2020.3.0XDBC.132.0 on luca-DATA-UAT-0001
2020-06-15 09:31:01 INFO  Docker:534 - ...pulled image intersystems/iris:2020.3.0XDBC.132.0 on luca-COMPUTE-UAT-0001
2020-06-15 09:31:01 INFO  Docker:534 - ...pulled image intersystems/iris:2020.3.0XDBC.132.0 on luca-COMPUTE-UAT-0004
2020-06-15 09:31:02 INFO  Docker:534 - ...pulled image intersystems/iris:2020.3.0XDBC.132.0 on luca-COMPUTE-UAT-0003
2020-06-15 09:31:06 INFO  Docker:534 - ...pulled image intersystems/iris:2020.3.0XDBC.132.0 on luca-COMPUTE-UAT-0002
2020-06-15 09:31:06 INFO  Docker:395 - Stopping container iris on luca-COMPUTE-UAT-0001...
2020-06-15 09:31:06 INFO  Docker:395 - Stopping container iris on luca-COMPUTE-UAT-0002...
2020-06-15 09:31:06 INFO  Docker:395 - Stopping container iris on luca-COMPUTE-UAT-0003...
2020-06-15 09:31:06 INFO  Docker:395 - Stopping container iris on luca-COMPUTE-UAT-0004...
2020-06-15 09:31:06 INFO  Docker:395 - Stopping container iris on luca-DATA-UAT-0001...
2020-06-15 09:31:06 INFO  Docker:395 - Stopping container iris on luca-DATA-UAT-0002...
2020-06-15 09:31:07 INFO  Docker:538 - ...completed stop of container iris on luca-DATA-UAT-0002
2020-06-15 09:31:07 INFO  Docker:538 - ...completed stop of container iris on luca-COMPUTE-UAT-0001
2020-06-15 09:31:07 INFO  Docker:538 - ...completed stop of container iris on luca-DATA-UAT-0001
2020-06-15 09:31:07 INFO  Docker:538 - ...completed stop of container iris on luca-COMPUTE-UAT-0003
2020-06-15 09:31:07 INFO  Docker:538 - ...completed stop of container iris on luca-COMPUTE-UAT-0002
2020-06-15 09:31:07 INFO  Docker:538 - ...completed stop of container iris on luca-COMPUTE-UAT-0004
2020-06-15 09:31:07 INFO  Docker:401 - Removing container iris on luca-COMPUTE-UAT-0001...
2020-06-15 09:31:07 INFO  Docker:401 - Removing container iris on luca-COMPUTE-UAT-0002...
2020-06-15 09:31:07 INFO  Docker:401 - Removing container iris on luca-COMPUTE-UAT-0003...
2020-06-15 09:31:07 INFO  Docker:401 - Removing container iris on luca-COMPUTE-UAT-0004...
2020-06-15 09:31:07 INFO  Docker:401 - Removing container iris on luca-DATA-UAT-0001...
2020-06-15 09:31:07 INFO  Docker:401 - Removing container iris on luca-DATA-UAT-0002...
2020-06-15 09:31:08 INFO  Docker:544 - ...removed container iris on luca-COMPUTE-UAT-0002
2020-06-15 09:31:08 INFO  Docker:544 - ...removed container iris on luca-COMPUTE-UAT-0003
2020-06-15 09:31:08 INFO  Docker:544 - ...removed container iris on luca-COMPUTE-UAT-0001
2020-06-15 09:31:08 INFO  Docker:544 - ...removed container iris on luca-DATA-UAT-0002
2020-06-15 09:31:08 INFO  Docker:544 - ...removed container iris on luca-COMPUTE-UAT-0004
2020-06-15 09:31:08 INFO  Docker:544 - ...removed container iris on luca-DATA-UAT-0001
2020-06-15 09:31:08 INFO  Docker:465 - Inspecting docker image intersystems/iris:2020.3.0XDBC.132.0 on luca-COMPUTE-UAT-0001...
2020-06-15 09:31:08 INFO  Docker:465 - Inspecting docker image intersystems/iris:2020.3.0XDBC.132.0 on luca-COMPUTE-UAT-0002...
2020-06-15 09:31:08 INFO  Docker:465 - Inspecting docker image intersystems/iris:2020.3.0XDBC.132.0 on luca-COMPUTE-UAT-0003...
2020-06-15 09:31:08 INFO  Docker:465 - Inspecting docker image intersystems/iris:2020.3.0XDBC.132.0 on luca-COMPUTE-UAT-0004...
2020-06-15 09:31:08 INFO  Docker:465 - Inspecting docker image intersystems/iris:2020.3.0XDBC.132.0 on luca-DATA-UAT-0001...
2020-06-15 09:31:08 INFO  Docker:465 - Inspecting docker image intersystems/iris:2020.3.0XDBC.132.0 on luca-DATA-UAT-0002...
2020-06-15 09:31:09 INFO  Docker:598 - ...inspected docker image intersystems/iris:2020.3.0XDBC.132.0 on luca-DATA-UAT-0002
2020-06-15 09:31:09 INFO  Docker:598 - ...inspected docker image intersystems/iris:2020.3.0XDBC.132.0 on luca-COMPUTE-UAT-0001
2020-06-15 09:31:09 INFO  Docker:598 - ...inspected docker image intersystems/iris:2020.3.0XDBC.132.0 on luca-COMPUTE-UAT-0004
2020-06-15 09:31:09 INFO  Docker:598 - ...inspected docker image intersystems/iris:2020.3.0XDBC.132.0 on luca-COMPUTE-UAT-0002
2020-06-15 09:31:09 INFO  Docker:598 - ...inspected docker image intersystems/iris:2020.3.0XDBC.132.0 on luca-DATA-UAT-0001
2020-06-15 09:31:10 INFO  Docker:598 - ...inspected docker image intersystems/iris:2020.3.0XDBC.132.0 on luca-COMPUTE-UAT-0003
2020-06-15 09:31:10 INFO  Docker:398 - Creating container iris on luca-COMPUTE-UAT-0001...
2020-06-15 09:31:10 INFO  Docker:398 - Creating container iris on luca-COMPUTE-UAT-0002...
2020-06-15 09:31:10 INFO  Docker:398 - Creating container iris on luca-COMPUTE-UAT-0003...
2020-06-15 09:31:10 INFO  Docker:398 - Creating container iris on luca-COMPUTE-UAT-0004...
2020-06-15 09:31:10 INFO  Docker:398 - Creating container iris on luca-DATA-UAT-0001...
2020-06-15 09:31:10 INFO  Docker:398 - Creating container iris on luca-DATA-UAT-0002...
2020-06-15 09:31:11 INFO  Docker:541 - ...created container iris on luca-COMPUTE-UAT-0002
2020-06-15 09:31:11 INFO  Docker:541 - ...created container iris on luca-DATA-UAT-0001
2020-06-15 09:31:11 INFO  Docker:541 - ...created container iris on luca-COMPUTE-UAT-0003
2020-06-15 09:31:11 INFO  Docker:541 - ...created container iris on luca-COMPUTE-UAT-0001
2020-06-15 09:31:11 INFO  Docker:541 - ...created container iris on luca-DATA-UAT-0002
2020-06-15 09:31:12 INFO  Docker:541 - ...created container iris on luca-COMPUTE-UAT-0004
2020-06-15 09:31:12 INFO  SSH:402 - Copying license directory ./ikey/ to luca-DATA-UAT-0001...
2020-06-15 09:31:13 INFO  SSH:480 - Copying CPF deltas to luca-COMPUTE-UAT-0004...
2020-06-15 09:31:13 INFO  SSH:480 - Copying CPF deltas to luca-DATA-UAT-0002...
2020-06-15 09:31:13 INFO  SSH:480 - Copying CPF deltas to luca-COMPUTE-UAT-0003...
2020-06-15 09:31:13 INFO  SSH:480 - Copying CPF deltas to luca-COMPUTE-UAT-0001...
2020-06-15 09:31:13 INFO  SSH:480 - Copying CPF deltas to luca-COMPUTE-UAT-0002...
2020-06-15 09:31:18 INFO  SSH:485 - ...copied CPF deltas to luca-COMPUTE-UAT-0004
2020-06-15 09:31:18 INFO  SSH:485 - ...copied CPF deltas to luca-COMPUTE-UAT-0001
2020-06-15 09:31:18 INFO  SSH:485 - ...copied CPF deltas to luca-COMPUTE-UAT-0002
2020-06-15 09:31:18 INFO  SSH:485 - ...copied CPF deltas to luca-COMPUTE-UAT-0003
2020-06-15 09:31:18 INFO  SSH:485 - ...copied CPF deltas to luca-DATA-UAT-0002
2020-06-15 09:31:18 INFO  SSH:405 - ...copied license directory ./ikey/ to luca-DATA-UAT-0001
2020-06-15 09:31:18 INFO  SSH:480 - Copying CPF deltas to luca-DATA-UAT-0001...
2020-06-15 09:31:23 INFO  SSH:485 - ...copied CPF deltas to luca-DATA-UAT-0001
2020-06-15 09:31:23 INFO  Docker:392 - Starting container iris on luca-COMPUTE-UAT-0001...
2020-06-15 09:31:23 INFO  Docker:392 - Starting container iris on luca-COMPUTE-UAT-0002...
2020-06-15 09:31:23 INFO  Docker:392 - Starting container iris on luca-COMPUTE-UAT-0003...
2020-06-15 09:31:23 INFO  Docker:392 - Starting container iris on luca-COMPUTE-UAT-0004...
2020-06-15 09:31:23 INFO  Docker:392 - Starting container iris on luca-DATA-UAT-0001...
2020-06-15 09:31:23 INFO  Docker:392 - Starting container iris on luca-DATA-UAT-0002...
2020-06-15 09:31:25 INFO  Docker:538 - ...completed start of container iris on luca-COMPUTE-UAT-0004
2020-06-15 09:31:25 INFO  Docker:538 - ...completed start of container iris on luca-DATA-UAT-0001
2020-06-15 09:31:25 INFO  Docker:538 - ...completed start of container iris on luca-COMPUTE-UAT-0001
2020-06-15 09:31:25 INFO  Docker:538 - ...completed start of container iris on luca-DATA-UAT-0002
2020-06-15 09:31:25 INFO  Docker:538 - ...completed start of container iris on luca-COMPUTE-UAT-0003
2020-06-15 09:31:25 INFO  Docker:538 - ...completed start of container iris on luca-COMPUTE-UAT-0002
2020-06-15 09:31:25 INFO  Docker:437 - Waiting for InterSystems IRIS to start on luca-COMPUTE-UAT-0001...
2020-06-15 09:31:25 INFO  Docker:437 - Waiting for InterSystems IRIS to start on luca-COMPUTE-UAT-0002...
2020-06-15 09:31:25 INFO  Docker:437 - Waiting for InterSystems IRIS to start on luca-COMPUTE-UAT-0003...
2020-06-15 09:31:25 INFO  Docker:437 - Waiting for InterSystems IRIS to start on luca-COMPUTE-UAT-0004...
2020-06-15 09:31:25 INFO  Docker:437 - Waiting for InterSystems IRIS to start on luca-DATA-UAT-0001...
2020-06-15 09:31:25 INFO  Docker:437 - Waiting for InterSystems IRIS to start on luca-DATA-UAT-0002...
2020-06-15 09:31:40 INFO  Provision:122 - Elapsed time for wait_started on luca-COMPUTE-UAT-0001: 15s...
2020-06-15 09:31:40 INFO  Provision:122 - Elapsed time for wait_started on luca-COMPUTE-UAT-0002: 15s...
2020-06-15 09:31:40 INFO  Provision:122 - Elapsed time for wait_started on luca-COMPUTE-UAT-0003: 15s...
2020-06-15 09:31:40 INFO  Provision:122 - Elapsed time for wait_started on luca-COMPUTE-UAT-0004: 15s...
2020-06-15 09:31:40 INFO  Provision:122 - Elapsed time for wait_started on luca-DATA-UAT-0002: 15s...
2020-06-15 09:31:40 INFO  Provision:122 - Elapsed time for wait_started on luca-DATA-UAT-0001: 15s...
2020-06-15 09:31:55 INFO  Provision:122 - Elapsed time for wait_started on luca-COMPUTE-UAT-0001: 30s...
2020-06-15 09:31:55 INFO  Provision:122 - Elapsed time for wait_started on luca-COMPUTE-UAT-0002: 30s...
2020-06-15 09:31:55 INFO  Provision:122 - Elapsed time for wait_started on luca-COMPUTE-UAT-0003: 30s...
2020-06-15 09:31:55 INFO  Provision:122 - Elapsed time for wait_started on luca-COMPUTE-UAT-0004: 30s...
2020-06-15 09:31:55 INFO  Provision:122 - Elapsed time for wait_started on luca-DATA-UAT-0002: 30s...
2020-06-15 09:31:55 INFO  Provision:122 - Elapsed time for wait_started on luca-DATA-UAT-0001: 30s...
2020-06-15 09:32:10 INFO  Provision:122 - Elapsed time for wait_started on luca-COMPUTE-UAT-0002: 45s...
2020-06-15 09:32:10 INFO  Provision:122 - Elapsed time for wait_started on luca-COMPUTE-UAT-0001: 45s...
2020-06-15 09:32:10 INFO  Provision:122 - Elapsed time for wait_started on luca-COMPUTE-UAT-0003: 45s...
2020-06-15 09:32:10 INFO  Provision:122 - Elapsed time for wait_started on luca-COMPUTE-UAT-0004: 45s...
2020-06-15 09:32:10 INFO  Provision:122 - Elapsed time for wait_started on luca-DATA-UAT-0002: 45s...
2020-06-15 09:32:10 INFO  Provision:122 - Elapsed time for wait_started on luca-DATA-UAT-0001: 45s...
2020-06-15 09:32:24 INFO  Docker:566 - ...InterSystems IRIS started on luca-DATA-UAT-0001
2020-06-15 09:32:25 INFO  Provision:122 - Elapsed time for wait_started on luca-COMPUTE-UAT-0002: 60s...
2020-06-15 09:32:25 INFO  Provision:122 - Elapsed time for wait_started on luca-COMPUTE-UAT-0001: 60s...
2020-06-15 09:32:25 INFO  Provision:122 - Elapsed time for wait_started on luca-COMPUTE-UAT-0003: 60s...
2020-06-15 09:32:25 INFO  Provision:122 - Elapsed time for wait_started on luca-COMPUTE-UAT-0004: 60s...
2020-06-15 09:32:25 INFO  Provision:122 - Elapsed time for wait_started on luca-DATA-UAT-0002: 60s...
2020-06-15 09:32:40 INFO  Provision:122 - Elapsed time for wait_started on luca-COMPUTE-UAT-0002: 75s...
2020-06-15 09:32:40 INFO  Provision:122 - Elapsed time for wait_started on luca-COMPUTE-UAT-0001: 75s...
2020-06-15 09:32:40 INFO  Provision:122 - Elapsed time for wait_started on luca-COMPUTE-UAT-0003: 75s...
2020-06-15 09:32:40 INFO  Provision:122 - Elapsed time for wait_started on luca-COMPUTE-UAT-0004: 75s...
2020-06-15 09:32:40 INFO  Provision:122 - Elapsed time for wait_started on luca-DATA-UAT-0002: 75s...
2020-06-15 09:32:47 INFO  Docker:566 - ...InterSystems IRIS started on luca-DATA-UAT-0002
2020-06-15 09:32:49 INFO  Docker:566 - ...InterSystems IRIS started on luca-COMPUTE-UAT-0003
2020-06-15 09:32:49 INFO  Docker:566 - ...InterSystems IRIS started on luca-COMPUTE-UAT-0001
2020-06-15 09:32:49 INFO  Docker:566 - ...InterSystems IRIS started on luca-COMPUTE-UAT-0004
2020-06-15 09:32:55 INFO  Provision:122 - Elapsed time for wait_started on luca-COMPUTE-UAT-0002: 90s...
2020-06-15 09:32:57 INFO  Docker:566 - ...InterSystems IRIS started on luca-COMPUTE-UAT-0002
2020-06-15 09:32:57 INFO  SSH:661 - Getting ICM state from luca-COMPUTE-UAT-0001...
2020-06-15 09:32:57 INFO  SSH:661 - Getting ICM state from luca-COMPUTE-UAT-0002...
2020-06-15 09:32:57 INFO  SSH:661 - Getting ICM state from luca-COMPUTE-UAT-0003...
2020-06-15 09:32:57 INFO  SSH:661 - Getting ICM state from luca-COMPUTE-UAT-0004...
2020-06-15 09:32:57 INFO  SSH:661 - Getting ICM state from luca-DATA-UAT-0001...
2020-06-15 09:32:57 INFO  SSH:661 - Getting ICM state from luca-DATA-UAT-0002...
2020-06-15 09:33:01 INFO  SSH:669 - ...got ICM state from luca-DATA-UAT-0002
2020-06-15 09:33:01 INFO  SSH:669 - ...got ICM state from luca-DATA-UAT-0001
2020-06-15 09:33:01 INFO  SSH:669 - ...got ICM state from luca-COMPUTE-UAT-0001
2020-06-15 09:33:01 INFO  SSH:669 - ...got ICM state from luca-COMPUTE-UAT-0004
2020-06-15 09:33:01 INFO  SSH:669 - ...got ICM state from luca-COMPUTE-UAT-0003
2020-06-15 09:33:02 INFO  SSH:669 - ...got ICM state from luca-COMPUTE-UAT-0002
2020-06-15 09:33:02 INFO  Docker:450 - Configuring Web Gateway on luca-COMPUTE-UAT-0001...
2020-06-15 09:33:02 INFO  Docker:450 - Configuring Web Gateway on luca-COMPUTE-UAT-0002...
2020-06-15 09:33:02 INFO  Docker:450 - Configuring Web Gateway on luca-COMPUTE-UAT-0003...
2020-06-15 09:33:02 INFO  Docker:450 - Configuring Web Gateway on luca-COMPUTE-UAT-0004...
2020-06-15 09:33:02 INFO  Docker:450 - Configuring Web Gateway on luca-DATA-UAT-0001...
2020-06-15 09:33:02 INFO  Docker:450 - Configuring Web Gateway on luca-DATA-UAT-0002...
2020-06-15 09:33:04 INFO  Docker:570 - ...configured Web Gateway on luca-DATA-UAT-0001
2020-06-15 09:33:05 INFO  Docker:570 - ...configured Web Gateway on luca-COMPUTE-UAT-0003
2020-06-15 09:33:05 INFO  Docker:570 - ...configured Web Gateway on luca-COMPUTE-UAT-0001
2020-06-15 09:33:05 INFO  Docker:570 - ...configured Web Gateway on luca-DATA-UAT-0002
2020-06-15 09:33:05 INFO  Docker:570 - ...configured Web Gateway on luca-COMPUTE-UAT-0004
2020-06-15 09:33:05 INFO  Docker:570 - ...configured Web Gateway on luca-COMPUTE-UAT-0002
2020-06-15 09:33:05 INFO  Docker:458 - Configuring ODBC on luca-COMPUTE-UAT-0001...
2020-06-15 09:33:05 INFO  Docker:458 - Configuring ODBC on luca-COMPUTE-UAT-0002...
2020-06-15 09:33:05 INFO  Docker:458 - Configuring ODBC on luca-COMPUTE-UAT-0003...
2020-06-15 09:33:05 INFO  Docker:458 - Configuring ODBC on luca-COMPUTE-UAT-0004...
2020-06-15 09:33:05 INFO  Docker:458 - Configuring ODBC on luca-DATA-UAT-0001...
2020-06-15 09:33:05 INFO  Docker:458 - Configuring ODBC on luca-DATA-UAT-0002...
2020-06-15 09:33:08 INFO  Docker:573 - ...configured ODBC on luca-COMPUTE-UAT-0004
2020-06-15 09:33:08 INFO  Docker:573 - ...configured ODBC on luca-DATA-UAT-0001
2020-06-15 09:33:08 INFO  Docker:573 - ...configured ODBC on luca-DATA-UAT-0002
2020-06-15 09:33:08 INFO  Docker:573 - ...configured ODBC on luca-COMPUTE-UAT-0003
2020-06-15 09:33:08 INFO  Docker:573 - ...configured ODBC on luca-COMPUTE-UAT-0001
2020-06-15 09:33:08 INFO  Docker:573 - ...configured ODBC on luca-COMPUTE-UAT-0002
2020-06-15 09:33:08 INFO  JDBC:1208 - Configuring JDBC on luca-COMPUTE-UAT-0001...
2020-06-15 09:33:08 INFO  JDBC:1208 - Configuring JDBC on luca-COMPUTE-UAT-0002...
2020-06-15 09:33:08 INFO  JDBC:1208 - Configuring JDBC on luca-COMPUTE-UAT-0003...
2020-06-15 09:33:08 INFO  JDBC:1208 - Configuring JDBC on luca-COMPUTE-UAT-0004...
2020-06-15 09:33:08 INFO  JDBC:1208 - Configuring JDBC on luca-DATA-UAT-0001...
2020-06-15 09:33:08 INFO  JDBC:1208 - Configuring JDBC on luca-DATA-UAT-0002...
2020-06-15 09:33:09 INFO  JDBC:1282 - ...configured JDBC on luca-COMPUTE-UAT-0004
2020-06-15 09:33:09 INFO  JDBC:1282 - ...configured JDBC on luca-COMPUTE-UAT-0001
2020-06-15 09:33:10 INFO  JDBC:859 - Configuring ECP on luca-COMPUTE-UAT-0001...
2020-06-15 09:33:10 INFO  JDBC:859 - Configuring ECP on luca-COMPUTE-UAT-0004...
2020-06-15 09:33:10 INFO  JDBC:1282 - ...configured JDBC on luca-COMPUTE-UAT-0003
2020-06-15 09:33:10 INFO  JDBC:859 - Configuring ECP on luca-COMPUTE-UAT-0003...
2020-06-15 09:33:10 INFO  JDBC:1282 - ...configured JDBC on luca-DATA-UAT-0001
2020-06-15 09:33:10 INFO  JDBC:859 - Configuring ECP on luca-DATA-UAT-0001...
2020-06-15 09:33:10 INFO  JDBC:1282 - ...configured JDBC on luca-COMPUTE-UAT-0002
2020-06-15 09:33:10 INFO  JDBC:859 - Configuring ECP on luca-COMPUTE-UAT-0002...
2020-06-15 09:33:10 INFO  JDBC:1282 - ...configured JDBC on luca-DATA-UAT-0002
2020-06-15 09:33:10 INFO  JDBC:859 - Configuring ECP on luca-DATA-UAT-0002...
2020-06-15 09:33:12 INFO  JDBC:937 - ...configured ECP on luca-DATA-UAT-0001
2020-06-15 09:33:12 INFO  JDBC:937 - ...configured ECP on luca-DATA-UAT-0002
2020-06-15 09:33:12 INFO  JDBC:937 - ...configured ECP on luca-COMPUTE-UAT-0003
2020-06-15 09:33:12 INFO  JDBC:937 - ...configured ECP on luca-COMPUTE-UAT-0004
2020-06-15 09:33:12 INFO  JDBC:937 - ...configured ECP on luca-COMPUTE-UAT-0001
2020-06-15 09:33:12 INFO  JDBC:937 - ...configured ECP on luca-COMPUTE-UAT-0002
2020-06-15 09:33:12 INFO  JDBC:1420 - Changing WebGateway password on luca-COMPUTE-UAT-0001...
2020-06-15 09:33:12 INFO  JDBC:1420 - Changing WebGateway password on luca-COMPUTE-UAT-0002...
2020-06-15 09:33:12 INFO  JDBC:1420 - Changing WebGateway password on luca-COMPUTE-UAT-0003...
2020-06-15 09:33:12 INFO  JDBC:1420 - Changing WebGateway password on luca-COMPUTE-UAT-0004...
2020-06-15 09:33:12 INFO  JDBC:1420 - Changing WebGateway password on luca-DATA-UAT-0001...
2020-06-15 09:33:12 INFO  JDBC:1420 - Changing WebGateway password on luca-DATA-UAT-0002...
2020-06-15 09:33:13 INFO  JDBC:1442 - ...changed WebGateway password on luca-COMPUTE-UAT-0003
2020-06-15 09:33:13 INFO  JDBC:1442 - ...changed WebGateway password on luca-COMPUTE-UAT-0002
2020-06-15 09:33:13 INFO  JDBC:1442 - ...changed WebGateway password on luca-COMPUTE-UAT-0001
2020-06-15 09:33:13 INFO  JDBC:1442 - ...changed WebGateway password on luca-COMPUTE-UAT-0004
2020-06-15 09:33:13 INFO  JDBC:1442 - ...changed WebGateway password on luca-DATA-UAT-0001
2020-06-15 09:33:13 INFO  JDBC:1442 - ...changed WebGateway password on luca-DATA-UAT-0002
2020-06-15 09:33:13 INFO  JDBC:1103 - Acquiring license on luca-COMPUTE-UAT-0001...
2020-06-15 09:33:13 INFO  JDBC:1103 - Acquiring license on luca-COMPUTE-UAT-0002...
2020-06-15 09:33:13 INFO  JDBC:1103 - Acquiring license on luca-COMPUTE-UAT-0003...
2020-06-15 09:33:13 INFO  JDBC:1103 - Acquiring license on luca-COMPUTE-UAT-0004...
2020-06-15 09:33:13 INFO  JDBC:1073 - Validating license on luca-DATA-UAT-0001...
2020-06-15 09:33:13 INFO  JDBC:1103 - Acquiring license on luca-DATA-UAT-0002...
2020-06-15 09:33:14 INFO  JDBC:1110 - ...acquired license on luca-COMPUTE-UAT-0002
2020-06-15 09:33:14 INFO  JDBC:1110 - ...acquired license on luca-COMPUTE-UAT-0003
2020-06-15 09:33:14 INFO  JDBC:1110 - ...acquired license on luca-DATA-UAT-0002
2020-06-15 09:33:14 INFO  JDBC:1110 - ...acquired license on luca-COMPUTE-UAT-0004
2020-06-15 09:33:14 INFO  JDBC:1110 - ...acquired license on luca-COMPUTE-UAT-0001
2020-06-15 09:33:14 INFO  JDBC:1089 - ...validated license on luca-DATA-UAT-0001
2020-06-15 09:33:14 INFO  JDBC:1103 - Acquiring license on luca-DATA-UAT-0001...
2020-06-15 09:33:15 INFO  JDBC:1110 - ...acquired license on luca-DATA-UAT-0001
2020-06-15 09:33:16 INFO  JDBC:391 - Initializing shard luca-DATA-UAT-0001...
2020-06-15 09:33:17 INFO  JDBC:404 - ...initialized shard luca-DATA-UAT-0001
2020-06-15 09:33:18 INFO  JDBC:449 - Verifying local node ready for attach...
2020-06-15 09:33:18 INFO  JDBC:465 - ...verified local node ready for attach
2020-06-15 09:33:19 INFO  JDBC:449 - Verifying remote node ready for attach...
2020-06-15 09:33:19 INFO  JDBC:465 - ...verified remote node ready for attach
2020-06-15 09:33:19 INFO  JDBC:526 - Attaching shard luca-DATA-UAT-0002 as data node....
2020-06-15 09:33:21 INFO  JDBC:550 - ...attached shard luca-DATA-UAT-0002 as data node
2020-06-15 09:33:22 INFO  JDBC:449 - Verifying remote node ready for attach...
2020-06-15 09:33:22 INFO  JDBC:449 - Verifying remote node ready for attach...
2020-06-15 09:33:22 INFO  JDBC:449 - Verifying remote node ready for attach...
2020-06-15 09:33:22 INFO  JDBC:449 - Verifying remote node ready for attach...
2020-06-15 09:33:22 INFO  JDBC:465 - ...verified remote node ready for attach
2020-06-15 09:33:22 INFO  JDBC:526 - Attaching shard luca-COMPUTE-UAT-0001 as compute node....
2020-06-15 09:33:22 INFO  JDBC:465 - ...verified remote node ready for attach
2020-06-15 09:33:22 INFO  JDBC:526 - Attaching shard luca-COMPUTE-UAT-0004 as compute node....
2020-06-15 09:33:22 INFO  JDBC:465 - ...verified remote node ready for attach
2020-06-15 09:33:22 INFO  JDBC:526 - Attaching shard luca-COMPUTE-UAT-0002 as compute node....
2020-06-15 09:33:22 INFO  JDBC:465 - ...verified remote node ready for attach
2020-06-15 09:33:22 INFO  JDBC:526 - Attaching shard luca-COMPUTE-UAT-0003 as compute node....
2020-06-15 09:33:24 INFO  JDBC:550 - ...attached shard luca-COMPUTE-UAT-0001 as compute node
2020-06-15 09:33:24 INFO  JDBC:550 - ...attached shard luca-COMPUTE-UAT-0002 as compute node
2020-06-15 09:33:24 INFO  JDBC:550 - ...attached shard luca-COMPUTE-UAT-0003 as compute node
2020-06-15 09:33:24 INFO  JDBC:550 - ...attached shard luca-COMPUTE-UAT-0004 as compute node
2020-06-15 09:33:25 INFO  JDBC:1163 - Setting shard options on luca-DATA-UAT-0002...
2020-06-15 09:33:25 INFO  JDBC:1200 - ...set shard options on luca-DATA-UAT-0002
2020-06-15 09:33:25 INFO  JDBC:1163 - Setting shard options on luca-DATA-UAT-0001...
2020-06-15 09:33:25 INFO  JDBC:1200 - ...set shard options on luca-DATA-UAT-0001
2020-06-15 09:33:25 INFO  JDBC:1163 - Setting shard options on luca-COMPUTE-UAT-0003...
2020-06-15 09:33:25 INFO  JDBC:1200 - ...set shard options on luca-COMPUTE-UAT-0003
2020-06-15 09:33:25 INFO  JDBC:1163 - Setting shard options on luca-COMPUTE-UAT-0002...
2020-06-15 09:33:25 INFO  JDBC:1200 - ...set shard options on luca-COMPUTE-UAT-0002
2020-06-15 09:33:25 INFO  JDBC:742 - Retrieving shard index on luca-DATA-UAT-0001...
2020-06-15 09:33:25 INFO  JDBC:742 - Retrieving shard index on luca-DATA-UAT-0002...
2020-06-15 09:33:25 INFO  JDBC:1163 - Setting shard options on luca-COMPUTE-UAT-0004...
2020-06-15 09:33:25 INFO  JDBC:1200 - ...set shard options on luca-COMPUTE-UAT-0004
2020-06-15 09:33:25 INFO  JDBC:1163 - Setting shard options on luca-COMPUTE-UAT-0001...
2020-06-15 09:33:25 INFO  JDBC:1200 - ...set shard options on luca-COMPUTE-UAT-0001
2020-06-15 09:33:26 INFO  JDBC:757 - ..retrieved shard index on luca-DATA-UAT-0002
2020-06-15 09:33:26 INFO  JDBC:797 - Setting shard brokered host on luca-DATA-UAT-0002...
2020-06-15 09:33:26 INFO  JDBC:757 - ..retrieved shard index on luca-DATA-UAT-0001
2020-06-15 09:33:26 INFO  JDBC:797 - Setting shard brokered host on luca-DATA-UAT-0001...
2020-06-15 09:33:27 INFO  JDBC:812 - ...set shard brokered host on luca-DATA-UAT-0001
2020-06-15 09:33:27 INFO  JDBC:836 - Verifying shards on luca-DATA-UAT-0001...
2020-06-15 09:33:27 INFO  JDBC:812 - ...set shard brokered host on luca-DATA-UAT-0002
2020-06-15 09:33:28 INFO  JDBC:853 - ...verified shards on luca-DATA-UAT-0001
2020-06-15 09:33:28 INFO  SSH:627 - Setting ICM state on luca-COMPUTE-UAT-0001...
2020-06-15 09:33:28 INFO  SSH:627 - Setting ICM state on luca-COMPUTE-UAT-0002...
2020-06-15 09:33:28 INFO  SSH:627 - Setting ICM state on luca-COMPUTE-UAT-0003...
2020-06-15 09:33:28 INFO  SSH:627 - Setting ICM state on luca-COMPUTE-UAT-0004...
2020-06-15 09:33:28 INFO  SSH:627 - Setting ICM state on luca-DATA-UAT-0001...
2020-06-15 09:33:28 INFO  SSH:627 - Setting ICM state on luca-DATA-UAT-0002...
2020-06-15 09:33:32 INFO  SSH:638 - ...set ICM state on luca-COMPUTE-UAT-0001
2020-06-15 09:33:32 INFO  SSH:638 - ...set ICM state on luca-COMPUTE-UAT-0003
2020-06-15 09:33:32 INFO  SSH:638 - ...set ICM state on luca-COMPUTE-UAT-0002
2020-06-15 09:33:32 INFO  SSH:638 - ...set ICM state on luca-COMPUTE-UAT-0004
2020-06-15 09:33:32 INFO  SSH:638 - ...set ICM state on luca-DATA-UAT-0001
2020-06-15 09:33:32 INFO  SSH:638 - ...set ICM state on luca-DATA-UAT-0002
2020-06-15 09:33:32 INFO  IRIS:111 - -> Management Portal available at: http://ec2-18-223-238-209.us-east-2.compute.amazonaws.com:52773/csp/sys/UtilHome.csp
2020-06-15 09:52:55 DEBUG Provision:1065 - inventory
2020-06-15 09:52:55 INFO  Provision:561 - Machine                        IP Address       DNS Name                                 Provider Region     Zone
2020-06-15 09:52:55 INFO  Provision:562 - -------                        ----------       --------                                 -------- ------     ----
2020-06-15 09:52:55 INFO  Provision:609 - luca-COMPUTE-UAT-0001          3.135.203.8      ec2-3-135-203-8.us-east-2.compute.amazon AWS      us-east-2  a    
2020-06-15 09:52:55 INFO  Provision:609 - luca-COMPUTE-UAT-0002          18.188.48.152    ec2-18-188-48-152.us-east-2.compute.amaz AWS      us-east-2  a    
2020-06-15 09:52:55 INFO  Provision:609 - luca-COMPUTE-UAT-0003          18.189.194.98    ec2-18-189-194-98.us-east-2.compute.amaz AWS      us-east-2  a    
2020-06-15 09:52:55 INFO  Provision:609 - luca-COMPUTE-UAT-0004          3.12.165.173     ec2-3-12-165-173.us-east-2.compute.amazo AWS      us-east-2  a    
2020-06-15 09:52:55 INFO  Provision:609 - luca-DATA-UAT-0001             18.223.238.209   ec2-18-223-238-209.us-east-2.compute.ama AWS      us-east-2  a    
2020-06-15 09:52:55 INFO  Provision:609 - luca-DATA-UAT-0002             3.22.250.167     ec2-3-22-250-167.us-east-2.compute.amazo AWS      us-east-2  a    
2020-06-15 09:52:57 DEBUG Provision:1065 - ps --container=iris
2020-06-15 09:52:58 INFO  Provision:643 - Machine                        IP Address       Container            Status   Health     Image
2020-06-15 09:52:58 INFO  Provision:644 - -------                        ----------       ---------            ------   ------     -----
2020-06-15 09:52:58 INFO  Provision:669 - luca-COMPUTE-UAT-0001          3.135.203.8      iris                 Up       healthy    intersystems/iris:2020.3.0XDBC.132.0
2020-06-15 09:52:58 INFO  Provision:669 - luca-DATA-UAT-0002             3.22.250.167     iris                 Up       healthy    intersystems/iris:2020.3.0XDBC.132.0
2020-06-15 09:52:58 INFO  Provision:669 - luca-COMPUTE-UAT-0004          3.12.165.173     iris                 Up       healthy    intersystems/iris:2020.3.0XDBC.132.0
2020-06-15 09:52:58 INFO  Provision:669 - luca-COMPUTE-UAT-0002          18.188.48.152    iris                 Up       healthy    intersystems/iris:2020.3.0XDBC.132.0
2020-06-15 09:52:58 INFO  Provision:669 - luca-COMPUTE-UAT-0003          18.189.194.98    iris                 Up       healthy    intersystems/iris:2020.3.0XDBC.132.0
2020-06-15 09:52:58 INFO  Provision:669 - luca-DATA-UAT-0001             18.223.238.209   iris                 Up       healthy    intersystems/iris:2020.3.0XDBC.132.0
2020-06-15 10:06:21 DEBUG Provision:1065 - unprovision --cleanUp=true --force=true --stateDir=state
2020-06-15 10:06:21 INFO  Terraform:305 - Starting init of luca-DATA-UAT...
2020-06-15 10:06:21 INFO  Terraform:305 - Starting init of luca-COMPUTE-UAT...
2020-06-15 10:06:22 INFO  Terraform:312 - ...completed init of luca-DATA-UAT
2020-06-15 10:06:22 INFO  Terraform:312 - ...completed init of luca-COMPUTE-UAT
2020-06-15 10:06:22 INFO  Terraform:305 - Starting refresh of luca-DATA-UAT...
2020-06-15 10:06:22 INFO  Terraform:305 - Starting refresh of luca-COMPUTE-UAT...
2020-06-15 10:06:35 INFO  Terraform:312 - ...completed refresh of luca-DATA-UAT
2020-06-15 10:06:36 INFO  Terraform:312 - ...completed refresh of luca-COMPUTE-UAT
2020-06-15 10:06:36 INFO  Terraform:305 - Starting destroy of luca-DATA-UAT...
2020-06-15 10:06:36 INFO  Terraform:305 - Starting destroy of luca-COMPUTE-UAT...
2020-06-15 10:06:51 INFO  Provision:122 - Elapsed time for destroy on luca-COMPUTE-UAT: 15s...
2020-06-15 10:06:51 INFO  Provision:122 - Elapsed time for destroy on luca-DATA-UAT: 15s...
2020-06-15 10:07:06 INFO  Provision:122 - Elapsed time for destroy on luca-COMPUTE-UAT: 30s...
2020-06-15 10:07:06 INFO  Provision:122 - Elapsed time for destroy on luca-DATA-UAT: 30s...
2020-06-15 10:07:21 INFO  Provision:122 - Elapsed time for destroy on luca-COMPUTE-UAT: 45s...
2020-06-15 10:07:21 INFO  Provision:122 - Elapsed time for destroy on luca-DATA-UAT: 45s...
2020-06-15 10:07:36 INFO  Provision:122 - Elapsed time for destroy on luca-COMPUTE-UAT: 60s...
2020-06-15 10:07:36 INFO  Provision:122 - Elapsed time for destroy on luca-DATA-UAT: 60s...
2020-06-15 10:07:51 INFO  Provision:122 - Elapsed time for destroy on luca-COMPUTE-UAT: 75s...
2020-06-15 10:07:51 INFO  Provision:122 - Elapsed time for destroy on luca-DATA-UAT: 75s...
2020-06-15 10:08:06 INFO  Provision:122 - Elapsed time for destroy on luca-COMPUTE-UAT: 90s...
2020-06-15 10:08:06 INFO  Provision:122 - Elapsed time for destroy on luca-DATA-UAT: 90s...
2020-06-15 10:08:21 INFO  Provision:122 - Elapsed time for destroy on luca-COMPUTE-UAT: 105s...
2020-06-15 10:08:21 INFO  Provision:122 - Elapsed time for destroy on luca-DATA-UAT: 105s...
2020-06-15 10:08:36 INFO  Provision:122 - Elapsed time for destroy on luca-COMPUTE-UAT: 120s...
2020-06-15 10:08:36 INFO  Provision:122 - Elapsed time for destroy on luca-DATA-UAT: 120s...
2020-06-15 10:08:51 INFO  Provision:122 - Elapsed time for destroy on luca-COMPUTE-UAT: 135s...
2020-06-15 10:08:51 INFO  Provision:122 - Elapsed time for destroy on luca-DATA-UAT: 135s...
2020-06-15 10:08:54 INFO  Terraform:312 - ...completed destroy of luca-DATA-UAT
2020-06-15 10:09:06 INFO  Provision:122 - Elapsed time for destroy on luca-COMPUTE-UAT: 150s...
2020-06-15 10:09:21 INFO  Provision:122 - Elapsed time for destroy on luca-COMPUTE-UAT: 165s...
2020-06-15 10:09:36 INFO  Provision:122 - Elapsed time for destroy on luca-COMPUTE-UAT: 180s...
2020-06-15 10:09:51 INFO  Provision:122 - Elapsed time for destroy on luca-COMPUTE-UAT: 195s...
2020-06-15 10:10:00 INFO  Terraform:312 - ...completed destroy of luca-COMPUTE-UAT
2020-06-15 10:10:00 INFO  Terraform:305 - Starting init of luca-UAT...
2020-06-15 10:10:01 INFO  Terraform:312 - ...completed init of luca-UAT
2020-06-15 10:10:01 INFO  Terraform:305 - Starting refresh of luca-UAT...
2020-06-15 10:10:14 INFO  Terraform:312 - ...completed refresh of luca-UAT
2020-06-15 10:10:14 INFO  Terraform:305 - Starting destroy of luca-UAT...
2020-06-15 10:10:29 INFO  Provision:122 - Elapsed time for destroy on luca-UAT: 15s...
2020-06-15 10:10:44 INFO  Provision:122 - Elapsed time for destroy on luca-UAT: 30s...
2020-06-15 10:10:46 INFO  Terraform:312 - ...completed destroy of luca-UAT
2020-06-15 10:10:46 INFO  Provision:174 - Deleting state
2020-06-15 10:10:46 INFO  Provision:186 - Deleting instances.json
