2020-06-15 09:14:06 DEBUG Provision:1065 - provision
2020-06-15 09:14:07 INFO  Terraform:305 - Starting init of luca-PreProd...
2020-06-15 09:14:07 INFO  Terraform:312 - ...completed init of luca-PreProd
2020-06-15 09:14:07 INFO  Terraform:305 - Starting plan of luca-PreProd...
2020-06-15 09:14:13 INFO  Terraform:312 - ...completed plan of luca-PreProd
2020-06-15 09:14:13 INFO  Terraform:305 - Starting refresh of luca-PreProd...
2020-06-15 09:14:15 INFO  Terraform:312 - ...completed refresh of luca-PreProd
2020-06-15 09:14:15 INFO  Terraform:305 - Starting apply of luca-PreProd...
2020-06-15 09:14:30 INFO  Provision:122 - Elapsed time for apply on luca-PreProd: 15s...
2020-06-15 09:14:45 INFO  Provision:122 - Elapsed time for apply on luca-PreProd: 30s...
2020-06-15 09:14:50 INFO  Terraform:312 - ...completed apply of luca-PreProd
2020-06-15 09:14:50 INFO  Terraform:305 - Starting init of luca-DATA-PreProd...
2020-06-15 09:14:50 INFO  Terraform:305 - Starting init of luca-COMPUTE-PreProd...
2020-06-15 09:14:51 INFO  Terraform:312 - ...completed init of luca-COMPUTE-PreProd
2020-06-15 09:14:51 INFO  Terraform:312 - ...completed init of luca-DATA-PreProd
2020-06-15 09:14:51 INFO  Terraform:305 - Starting plan of luca-DATA-PreProd...
2020-06-15 09:14:51 INFO  Terraform:305 - Starting plan of luca-COMPUTE-PreProd...
2020-06-15 09:14:58 INFO  Terraform:312 - ...completed plan of luca-DATA-PreProd
2020-06-15 09:14:58 INFO  Terraform:312 - ...completed plan of luca-COMPUTE-PreProd
2020-06-15 09:14:58 INFO  Terraform:305 - Starting refresh of luca-DATA-PreProd...
2020-06-15 09:14:58 INFO  Terraform:305 - Starting refresh of luca-COMPUTE-PreProd...
2020-06-15 09:15:00 INFO  Terraform:312 - ...completed refresh of luca-COMPUTE-PreProd
2020-06-15 09:15:00 INFO  Terraform:312 - ...completed refresh of luca-DATA-PreProd
2020-06-15 09:15:00 INFO  Terraform:305 - Starting apply of luca-DATA-PreProd...
2020-06-15 09:15:00 INFO  Terraform:305 - Starting apply of luca-COMPUTE-PreProd...
2020-06-15 09:15:15 INFO  Provision:122 - Elapsed time for apply on luca-COMPUTE-PreProd: 15s...
2020-06-15 09:15:15 INFO  Provision:122 - Elapsed time for apply on luca-DATA-PreProd: 15s...
2020-06-15 09:15:30 INFO  Provision:122 - Elapsed time for apply on luca-COMPUTE-PreProd: 30s...
2020-06-15 09:15:30 INFO  Provision:122 - Elapsed time for apply on luca-DATA-PreProd: 30s...
2020-06-15 09:15:45 INFO  Provision:122 - Elapsed time for apply on luca-COMPUTE-PreProd: 45s...
2020-06-15 09:15:45 INFO  Provision:122 - Elapsed time for apply on luca-DATA-PreProd: 45s...
2020-06-15 09:16:00 INFO  Provision:122 - Elapsed time for apply on luca-COMPUTE-PreProd: 60s...
2020-06-15 09:16:00 INFO  Provision:122 - Elapsed time for apply on luca-DATA-PreProd: 60s...
2020-06-15 09:16:15 INFO  Provision:122 - Elapsed time for apply on luca-COMPUTE-PreProd: 75s...
2020-06-15 09:16:15 INFO  Provision:122 - Elapsed time for apply on luca-DATA-PreProd: 75s...
2020-06-15 09:16:30 INFO  Provision:122 - Elapsed time for apply on luca-COMPUTE-PreProd: 90s...
2020-06-15 09:16:30 INFO  Provision:122 - Elapsed time for apply on luca-DATA-PreProd: 90s...
2020-06-15 09:16:45 INFO  Provision:122 - Elapsed time for apply on luca-COMPUTE-PreProd: 105s...
2020-06-15 09:16:45 INFO  Provision:122 - Elapsed time for apply on luca-DATA-PreProd: 105s...
2020-06-15 09:17:00 INFO  Provision:122 - Elapsed time for apply on luca-COMPUTE-PreProd: 120s...
2020-06-15 09:17:00 INFO  Provision:122 - Elapsed time for apply on luca-DATA-PreProd: 120s...
2020-06-15 09:17:15 INFO  Provision:122 - Elapsed time for apply on luca-COMPUTE-PreProd: 135s...
2020-06-15 09:17:15 INFO  Provision:122 - Elapsed time for apply on luca-DATA-PreProd: 135s...
2020-06-15 09:17:28 INFO  Terraform:312 - ...completed apply of luca-DATA-PreProd
2020-06-15 09:17:30 INFO  Provision:122 - Elapsed time for apply on luca-COMPUTE-PreProd: 150s...
2020-06-15 09:17:35 INFO  Terraform:312 - ...completed apply of luca-COMPUTE-PreProd
2020-06-15 09:17:39 INFO  SSH:198 - Copying files to luca-DATA-PreProd-0001...
2020-06-15 09:17:39 INFO  SSH:198 - Copying files to luca-DATA-PreProd-0004...
2020-06-15 09:17:39 INFO  SSH:198 - Copying files to luca-COMPUTE-PreProd-0003...
2020-06-15 09:17:39 INFO  SSH:198 - Copying files to luca-DATA-PreProd-0003...
2020-06-15 09:17:39 INFO  SSH:198 - Copying files to luca-DATA-PreProd-0002...
2020-06-15 09:17:40 INFO  SSH:198 - Copying files to luca-COMPUTE-PreProd-0004...
2020-06-15 09:17:40 INFO  SSH:198 - Copying files to luca-COMPUTE-PreProd-0001...
2020-06-15 09:17:40 INFO  SSH:198 - Copying files to luca-COMPUTE-PreProd-0002...
2020-06-15 09:17:45 INFO  SSH:210 - ...copied files to luca-DATA-PreProd-0001
2020-06-15 09:17:45 INFO  SSH:213 - Configuring luca-DATA-PreProd-0001...
2020-06-15 09:17:45 INFO  SSH:210 - ...copied files to luca-DATA-PreProd-0004
2020-06-15 09:17:45 INFO  SSH:213 - Configuring luca-DATA-PreProd-0004...
2020-06-15 09:17:45 INFO  SSH:210 - ...copied files to luca-COMPUTE-PreProd-0003
2020-06-15 09:17:45 INFO  SSH:213 - Configuring luca-COMPUTE-PreProd-0003...
2020-06-15 09:17:46 INFO  SSH:210 - ...copied files to luca-DATA-PreProd-0003
2020-06-15 09:17:46 INFO  SSH:213 - Configuring luca-DATA-PreProd-0003...
2020-06-15 09:17:47 INFO  SSH:210 - ...copied files to luca-COMPUTE-PreProd-0004
2020-06-15 09:17:47 INFO  SSH:213 - Configuring luca-COMPUTE-PreProd-0004...
2020-06-15 09:17:47 INFO  SSH:210 - ...copied files to luca-DATA-PreProd-0002
2020-06-15 09:17:47 INFO  SSH:213 - Configuring luca-DATA-PreProd-0002...
2020-06-15 09:17:47 INFO  SSH:210 - ...copied files to luca-COMPUTE-PreProd-0001
2020-06-15 09:17:47 INFO  SSH:213 - Configuring luca-COMPUTE-PreProd-0001...
2020-06-15 09:17:47 INFO  SSH:210 - ...copied files to luca-COMPUTE-PreProd-0002
2020-06-15 09:17:47 INFO  SSH:213 - Configuring luca-COMPUTE-PreProd-0002...
2020-06-15 09:17:59 INFO  SSH:232 - ...configured luca-DATA-PreProd-0004
2020-06-15 09:17:59 INFO  SSH:238 - Copying more files to luca-DATA-PreProd-0004...
2020-06-15 09:17:59 INFO  SSH:232 - ...configured luca-DATA-PreProd-0001
2020-06-15 09:17:59 INFO  SSH:238 - Copying more files to luca-DATA-PreProd-0001...
2020-06-15 09:18:00 INFO  SSH:232 - ...configured luca-DATA-PreProd-0003
2020-06-15 09:18:00 INFO  SSH:238 - Copying more files to luca-DATA-PreProd-0003...
2020-06-15 09:18:00 INFO  SSH:232 - ...configured luca-COMPUTE-PreProd-0003
2020-06-15 09:18:00 INFO  SSH:238 - Copying more files to luca-COMPUTE-PreProd-0003...
2020-06-15 09:18:01 INFO  SSH:232 - ...configured luca-DATA-PreProd-0002
2020-06-15 09:18:01 INFO  SSH:238 - Copying more files to luca-DATA-PreProd-0002...
2020-06-15 09:18:02 INFO  SSH:232 - ...configured luca-COMPUTE-PreProd-0004
2020-06-15 09:18:02 INFO  SSH:238 - Copying more files to luca-COMPUTE-PreProd-0004...
2020-06-15 09:18:02 INFO  SSH:232 - ...configured luca-COMPUTE-PreProd-0001
2020-06-15 09:18:02 INFO  SSH:238 - Copying more files to luca-COMPUTE-PreProd-0001...
2020-06-15 09:18:05 INFO  Provision:122 - Elapsed time for provision on luca-COMPUTE-PreProd-0002: 15s...
2020-06-15 09:18:10 INFO  SSH:232 - ...configured luca-COMPUTE-PreProd-0002
2020-06-15 09:18:10 INFO  SSH:238 - Copying more files to luca-COMPUTE-PreProd-0002...
2020-06-15 09:18:25 INFO  SSH:248 - ...copied more files to luca-DATA-PreProd-0004
2020-06-15 09:18:25 INFO  SSH:251 - Mounting volumes on luca-DATA-PreProd-0004...
2020-06-15 09:18:25 INFO  SSH:248 - ...copied more files to luca-DATA-PreProd-0003
2020-06-15 09:18:25 INFO  SSH:251 - Mounting volumes on luca-DATA-PreProd-0003...
2020-06-15 09:18:25 INFO  SSH:248 - ...copied more files to luca-DATA-PreProd-0001
2020-06-15 09:18:25 INFO  SSH:251 - Mounting volumes on luca-DATA-PreProd-0001...
2020-06-15 09:18:25 INFO  SSH:248 - ...copied more files to luca-COMPUTE-PreProd-0003
2020-06-15 09:18:25 INFO  SSH:251 - Mounting volumes on luca-COMPUTE-PreProd-0003...
2020-06-15 09:18:27 INFO  SSH:248 - ...copied more files to luca-COMPUTE-PreProd-0004
2020-06-15 09:18:27 INFO  SSH:251 - Mounting volumes on luca-COMPUTE-PreProd-0004...
2020-06-15 09:18:27 INFO  SSH:248 - ...copied more files to luca-DATA-PreProd-0002
2020-06-15 09:18:27 INFO  SSH:251 - Mounting volumes on luca-DATA-PreProd-0002...
2020-06-15 09:18:27 INFO  SSH:248 - ...copied more files to luca-COMPUTE-PreProd-0001
2020-06-15 09:18:27 INFO  SSH:251 - Mounting volumes on luca-COMPUTE-PreProd-0001...
2020-06-15 09:18:29 INFO  SSH:263 - ...mounted volumes on luca-DATA-PreProd-0001
2020-06-15 09:18:29 INFO  SSH:267 - Installing Docker on luca-DATA-PreProd-0001...
2020-06-15 09:18:30 INFO  SSH:263 - ...mounted volumes on luca-COMPUTE-PreProd-0003
2020-06-15 09:18:30 INFO  SSH:267 - Installing Docker on luca-COMPUTE-PreProd-0003...
2020-06-15 09:18:30 INFO  SSH:263 - ...mounted volumes on luca-DATA-PreProd-0004
2020-06-15 09:18:30 INFO  SSH:267 - Installing Docker on luca-DATA-PreProd-0004...
2020-06-15 09:18:33 INFO  SSH:263 - ...mounted volumes on luca-COMPUTE-PreProd-0004
2020-06-15 09:18:33 INFO  SSH:267 - Installing Docker on luca-COMPUTE-PreProd-0004...
2020-06-15 09:18:33 INFO  SSH:263 - ...mounted volumes on luca-DATA-PreProd-0003
2020-06-15 09:18:33 INFO  SSH:267 - Installing Docker on luca-DATA-PreProd-0003...
2020-06-15 09:18:34 INFO  SSH:263 - ...mounted volumes on luca-COMPUTE-PreProd-0001
2020-06-15 09:18:34 INFO  SSH:267 - Installing Docker on luca-COMPUTE-PreProd-0001...
2020-06-15 09:18:36 INFO  SSH:263 - ...mounted volumes on luca-DATA-PreProd-0002
2020-06-15 09:18:36 INFO  SSH:267 - Installing Docker on luca-DATA-PreProd-0002...
2020-06-15 09:18:37 INFO  SSH:248 - ...copied more files to luca-COMPUTE-PreProd-0002
2020-06-15 09:18:37 INFO  SSH:251 - Mounting volumes on luca-COMPUTE-PreProd-0002...
2020-06-15 09:18:43 INFO  SSH:263 - ...mounted volumes on luca-COMPUTE-PreProd-0002
2020-06-15 09:18:43 INFO  SSH:267 - Installing Docker on luca-COMPUTE-PreProd-0002...
2020-06-15 09:18:48 INFO  Provision:122 - Elapsed time for provision on luca-DATA-PreProd-0001: 15s...
2020-06-15 09:18:49 INFO  Provision:122 - Elapsed time for provision on luca-COMPUTE-PreProd-0003: 15s...
2020-06-15 09:18:49 INFO  Provision:122 - Elapsed time for provision on luca-DATA-PreProd-0004: 15s...
2020-06-15 09:18:51 INFO  Provision:122 - Elapsed time for provision on luca-COMPUTE-PreProd-0004: 15s...
2020-06-15 09:18:51 INFO  Provision:122 - Elapsed time for provision on luca-DATA-PreProd-0003: 15s...
2020-06-15 09:18:52 INFO  Provision:122 - Elapsed time for provision on luca-COMPUTE-PreProd-0001: 15s...
2020-06-15 09:18:54 INFO  Provision:122 - Elapsed time for provision on luca-DATA-PreProd-0002: 15s...
2020-06-15 09:19:01 INFO  Provision:122 - Elapsed time for provision on luca-COMPUTE-PreProd-0002: 15s...
2020-06-15 09:19:03 INFO  Provision:122 - Elapsed time for provision on luca-DATA-PreProd-0001: 30s...
2020-06-15 09:19:04 INFO  Provision:122 - Elapsed time for provision on luca-COMPUTE-PreProd-0003: 30s...
2020-06-15 09:19:04 INFO  Provision:122 - Elapsed time for provision on luca-DATA-PreProd-0004: 30s...
2020-06-15 09:19:06 INFO  Provision:122 - Elapsed time for provision on luca-COMPUTE-PreProd-0004: 30s...
2020-06-15 09:19:06 INFO  Provision:122 - Elapsed time for provision on luca-DATA-PreProd-0003: 30s...
2020-06-15 09:19:07 INFO  Provision:122 - Elapsed time for provision on luca-COMPUTE-PreProd-0001: 30s...
2020-06-15 09:19:09 INFO  Provision:122 - Elapsed time for provision on luca-DATA-PreProd-0002: 30s...
2020-06-15 09:19:15 INFO  SSH:284 - ...installed Docker on luca-DATA-PreProd-0004
2020-06-15 09:19:15 INFO  SSH:288 - Determining host OS of luca-DATA-PreProd-0004...
2020-06-15 09:19:16 INFO  Provision:122 - Elapsed time for provision on luca-COMPUTE-PreProd-0002: 30s...
2020-06-15 09:19:18 INFO  Provision:122 - Elapsed time for provision on luca-DATA-PreProd-0001: 45s...
2020-06-15 09:19:18 INFO  SSH:297 - ...determined host OS of luca-DATA-PreProd-0004
2020-06-15 09:19:18 INFO  SSH:317 - Determining local IP address of luca-DATA-PreProd-0004...
2020-06-15 09:19:19 INFO  SSH:284 - ...installed Docker on luca-DATA-PreProd-0001
2020-06-15 09:19:19 INFO  SSH:288 - Determining host OS of luca-DATA-PreProd-0001...
2020-06-15 09:19:19 INFO  Provision:122 - Elapsed time for provision on luca-COMPUTE-PreProd-0003: 45s...
2020-06-15 09:19:21 INFO  SSH:328 - ...determined local IP address of luca-DATA-PreProd-0004
2020-06-15 09:19:21 INFO  Provision:122 - Elapsed time for provision on luca-COMPUTE-PreProd-0004: 45s...
2020-06-15 09:19:21 INFO  SSH:284 - ...installed Docker on luca-DATA-PreProd-0003
2020-06-15 09:19:21 INFO  SSH:288 - Determining host OS of luca-DATA-PreProd-0003...
2020-06-15 09:19:22 INFO  SSH:297 - ...determined host OS of luca-DATA-PreProd-0001
2020-06-15 09:19:22 INFO  SSH:317 - Determining local IP address of luca-DATA-PreProd-0001...
2020-06-15 09:19:22 INFO  Provision:122 - Elapsed time for provision on luca-COMPUTE-PreProd-0001: 45s...
2020-06-15 09:19:22 INFO  SSH:284 - ...installed Docker on luca-DATA-PreProd-0002
2020-06-15 09:19:22 INFO  SSH:288 - Determining host OS of luca-DATA-PreProd-0002...
2020-06-15 09:19:24 INFO  SSH:297 - ...determined host OS of luca-DATA-PreProd-0003
2020-06-15 09:19:24 INFO  SSH:317 - Determining local IP address of luca-DATA-PreProd-0003...
2020-06-15 09:19:25 INFO  SSH:328 - ...determined local IP address of luca-DATA-PreProd-0001
2020-06-15 09:19:25 INFO  SSH:297 - ...determined host OS of luca-DATA-PreProd-0002
2020-06-15 09:19:25 INFO  SSH:317 - Determining local IP address of luca-DATA-PreProd-0002...
2020-06-15 09:19:27 INFO  SSH:284 - ...installed Docker on luca-COMPUTE-PreProd-0004
2020-06-15 09:19:27 INFO  SSH:288 - Determining host OS of luca-COMPUTE-PreProd-0004...
2020-06-15 09:19:27 INFO  SSH:328 - ...determined local IP address of luca-DATA-PreProd-0003
2020-06-15 09:19:28 INFO  SSH:328 - ...determined local IP address of luca-DATA-PreProd-0002
2020-06-15 09:19:29 INFO  SSH:284 - ...installed Docker on luca-COMPUTE-PreProd-0003
2020-06-15 09:19:29 INFO  SSH:288 - Determining host OS of luca-COMPUTE-PreProd-0003...
2020-06-15 09:19:30 INFO  SSH:284 - ...installed Docker on luca-COMPUTE-PreProd-0001
2020-06-15 09:19:30 INFO  SSH:288 - Determining host OS of luca-COMPUTE-PreProd-0001...
2020-06-15 09:19:30 INFO  SSH:297 - ...determined host OS of luca-COMPUTE-PreProd-0004
2020-06-15 09:19:30 INFO  SSH:317 - Determining local IP address of luca-COMPUTE-PreProd-0004...
2020-06-15 09:19:31 INFO  Provision:122 - Elapsed time for provision on luca-COMPUTE-PreProd-0002: 45s...
2020-06-15 09:19:32 INFO  SSH:297 - ...determined host OS of luca-COMPUTE-PreProd-0003
2020-06-15 09:19:32 INFO  SSH:317 - Determining local IP address of luca-COMPUTE-PreProd-0003...
2020-06-15 09:19:33 INFO  SSH:328 - ...determined local IP address of luca-COMPUTE-PreProd-0004
2020-06-15 09:19:33 INFO  SSH:297 - ...determined host OS of luca-COMPUTE-PreProd-0001
2020-06-15 09:19:33 INFO  SSH:317 - Determining local IP address of luca-COMPUTE-PreProd-0001...
2020-06-15 09:19:35 INFO  SSH:328 - ...determined local IP address of luca-COMPUTE-PreProd-0003
2020-06-15 09:19:36 INFO  SSH:328 - ...determined local IP address of luca-COMPUTE-PreProd-0001
2020-06-15 09:19:45 INFO  SSH:284 - ...installed Docker on luca-COMPUTE-PreProd-0002
2020-06-15 09:19:45 INFO  SSH:288 - Determining host OS of luca-COMPUTE-PreProd-0002...
2020-06-15 09:19:48 INFO  SSH:297 - ...determined host OS of luca-COMPUTE-PreProd-0002
2020-06-15 09:19:48 INFO  SSH:317 - Determining local IP address of luca-COMPUTE-PreProd-0002...
2020-06-15 09:19:51 INFO  SSH:328 - ...determined local IP address of luca-COMPUTE-PreProd-0002
2020-06-15 09:19:51 INFO  SSH:691 - Installing Weave Net on luca-COMPUTE-PreProd-0001...
2020-06-15 09:19:51 INFO  SSH:691 - Installing Weave Net on luca-COMPUTE-PreProd-0002...
2020-06-15 09:19:51 INFO  SSH:691 - Installing Weave Net on luca-COMPUTE-PreProd-0003...
2020-06-15 09:19:51 INFO  SSH:691 - Installing Weave Net on luca-COMPUTE-PreProd-0004...
2020-06-15 09:19:51 INFO  SSH:691 - Installing Weave Net on luca-DATA-PreProd-0001...
2020-06-15 09:19:51 INFO  SSH:691 - Installing Weave Net on luca-DATA-PreProd-0002...
2020-06-15 09:19:51 INFO  SSH:691 - Installing Weave Net on luca-DATA-PreProd-0003...
2020-06-15 09:19:51 INFO  SSH:691 - Installing Weave Net on luca-DATA-PreProd-0004...
2020-06-15 09:20:06 INFO  Provision:122 - Elapsed time for weave on luca-COMPUTE-PreProd-0001: 15s...
2020-06-15 09:20:06 INFO  Provision:122 - Elapsed time for weave on luca-COMPUTE-PreProd-0002: 15s...
2020-06-15 09:20:06 INFO  Provision:122 - Elapsed time for weave on luca-COMPUTE-PreProd-0003: 15s...
2020-06-15 09:20:06 INFO  Provision:122 - Elapsed time for weave on luca-COMPUTE-PreProd-0004: 15s...
2020-06-15 09:20:06 INFO  Provision:122 - Elapsed time for weave on luca-DATA-PreProd-0001: 15s...
2020-06-15 09:20:06 INFO  Provision:122 - Elapsed time for weave on luca-DATA-PreProd-0002: 15s...
2020-06-15 09:20:06 INFO  Provision:122 - Elapsed time for weave on luca-DATA-PreProd-0003: 15s...
2020-06-15 09:20:06 INFO  Provision:122 - Elapsed time for weave on luca-DATA-PreProd-0004: 15s...
2020-06-15 09:20:10 INFO  SSH:696 - ...installed Weave Net on luca-DATA-PreProd-0004
2020-06-15 09:20:10 INFO  SSH:700 - Collecting Weave info for luca-DATA-PreProd-0004...
2020-06-15 09:20:12 INFO  SSH:696 - ...installed Weave Net on luca-DATA-PreProd-0001
2020-06-15 09:20:12 INFO  SSH:700 - Collecting Weave info for luca-DATA-PreProd-0001...
2020-06-15 09:20:13 INFO  SSH:696 - ...installed Weave Net on luca-COMPUTE-PreProd-0003
2020-06-15 09:20:13 INFO  SSH:700 - Collecting Weave info for luca-COMPUTE-PreProd-0003...
2020-06-15 09:20:13 INFO  SSH:696 - ...installed Weave Net on luca-DATA-PreProd-0002
2020-06-15 09:20:13 INFO  SSH:700 - Collecting Weave info for luca-DATA-PreProd-0002...
2020-06-15 09:20:13 INFO  SSH:708 - ...collected Weave info for luca-DATA-PreProd-0004
2020-06-15 09:20:14 INFO  SSH:696 - ...installed Weave Net on luca-DATA-PreProd-0003
2020-06-15 09:20:14 INFO  SSH:700 - Collecting Weave info for luca-DATA-PreProd-0003...
2020-06-15 09:20:15 INFO  SSH:708 - ...collected Weave info for luca-DATA-PreProd-0001
2020-06-15 09:20:16 INFO  SSH:708 - ...collected Weave info for luca-COMPUTE-PreProd-0003
2020-06-15 09:20:17 INFO  SSH:708 - ...collected Weave info for luca-DATA-PreProd-0002
2020-06-15 09:20:17 INFO  SSH:696 - ...installed Weave Net on luca-COMPUTE-PreProd-0002
2020-06-15 09:20:17 INFO  SSH:700 - Collecting Weave info for luca-COMPUTE-PreProd-0002...
2020-06-15 09:20:17 INFO  SSH:708 - ...collected Weave info for luca-DATA-PreProd-0003
2020-06-15 09:20:18 INFO  SSH:696 - ...installed Weave Net on luca-COMPUTE-PreProd-0004
2020-06-15 09:20:18 INFO  SSH:700 - Collecting Weave info for luca-COMPUTE-PreProd-0004...
2020-06-15 09:20:21 INFO  Provision:122 - Elapsed time for weave on luca-COMPUTE-PreProd-0001: 30s...
2020-06-15 09:20:21 INFO  SSH:708 - ...collected Weave info for luca-COMPUTE-PreProd-0002
2020-06-15 09:20:22 INFO  SSH:708 - ...collected Weave info for luca-COMPUTE-PreProd-0004
2020-06-15 09:20:28 INFO  SSH:696 - ...installed Weave Net on luca-COMPUTE-PreProd-0001
2020-06-15 09:20:28 INFO  SSH:700 - Collecting Weave info for luca-COMPUTE-PreProd-0001...
2020-06-15 09:20:33 INFO  SSH:708 - ...collected Weave info for luca-COMPUTE-PreProd-0001
2020-06-15 09:20:33 INFO  Provision:561 - Machine                        IP Address       DNS Name                                 Provider Region     Zone
2020-06-15 09:20:33 INFO  Provision:562 - -------                        ----------       --------                                 -------- ------     ----
2020-06-15 09:20:33 INFO  Provision:609 - luca-COMPUTE-PreProd-0001      18.196.41.163    ec2-18-196-41-163.eu-central-1.compute.a AWS      eu-central-1 c    
2020-06-15 09:20:33 INFO  Provision:609 - luca-COMPUTE-PreProd-0002      18.184.119.75    ec2-18-184-119-75.eu-central-1.compute.a AWS      eu-central-1 c    
2020-06-15 09:20:33 INFO  Provision:609 - luca-COMPUTE-PreProd-0003      18.156.134.244   ec2-18-156-134-244.eu-central-1.compute. AWS      eu-central-1 c    
2020-06-15 09:20:33 INFO  Provision:609 - luca-COMPUTE-PreProd-0004      35.158.251.235   ec2-35-158-251-235.eu-central-1.compute. AWS      eu-central-1 c    
2020-06-15 09:20:33 INFO  Provision:609 - luca-DATA-PreProd-0001         52.57.203.174    ec2-52-57-203-174.eu-central-1.compute.a AWS      eu-central-1 c    
2020-06-15 09:20:33 INFO  Provision:609 - luca-DATA-PreProd-0002         35.158.161.110   ec2-35-158-161-110.eu-central-1.compute. AWS      eu-central-1 c    
2020-06-15 09:20:33 INFO  Provision:609 - luca-DATA-PreProd-0003         18.157.175.12    ec2-18-157-175-12.eu-central-1.compute.a AWS      eu-central-1 c    
2020-06-15 09:20:33 INFO  Provision:609 - luca-DATA-PreProd-0004         18.156.134.117   ec2-18-156-134-117.eu-central-1.compute. AWS      eu-central-1 c    
2020-06-15 09:20:33 INFO  Provision:486 - To destroy: icm unprovision -stateDir state [-cleanUp] [-force]
2020-06-15 09:33:35 DEBUG Provision:1065 - run
2020-06-15 09:33:36 INFO  Docker:414 - Executing command 'docker login' on luca-COMPUTE-PreProd-0001...
2020-06-15 09:33:36 INFO  Docker:414 - Executing command 'docker login' on luca-COMPUTE-PreProd-0002...
2020-06-15 09:33:36 INFO  Docker:414 - Executing command 'docker login' on luca-COMPUTE-PreProd-0003...
2020-06-15 09:33:36 INFO  Docker:414 - Executing command 'docker login' on luca-COMPUTE-PreProd-0004...
2020-06-15 09:33:36 INFO  Docker:414 - Executing command 'docker login' on luca-DATA-PreProd-0001...
2020-06-15 09:33:36 INFO  Docker:414 - Executing command 'docker login' on luca-DATA-PreProd-0002...
2020-06-15 09:33:36 INFO  Docker:414 - Executing command 'docker login' on luca-DATA-PreProd-0003...
2020-06-15 09:33:36 INFO  Docker:414 - Executing command 'docker login' on luca-DATA-PreProd-0004...
2020-06-15 09:33:38 INFO  Docker:553 - ...output in /AWS4-PreProd/state/luca-COMPUTE-PreProd/luca-COMPUTE-PreProd-0004/docker.out
2020-06-15 09:33:38 INFO  Docker:553 - ...output in /AWS4-PreProd/state/luca-COMPUTE-PreProd/luca-COMPUTE-PreProd-0002/docker.out
2020-06-15 09:33:38 INFO  Docker:553 - ...output in /AWS4-PreProd/state/luca-DATA-PreProd/luca-DATA-PreProd-0004/docker.out
2020-06-15 09:33:38 INFO  Docker:553 - ...output in /AWS4-PreProd/state/luca-DATA-PreProd/luca-DATA-PreProd-0001/docker.out
2020-06-15 09:33:38 INFO  Docker:553 - ...output in /AWS4-PreProd/state/luca-DATA-PreProd/luca-DATA-PreProd-0002/docker.out
2020-06-15 09:33:38 INFO  Docker:553 - ...output in /AWS4-PreProd/state/luca-DATA-PreProd/luca-DATA-PreProd-0003/docker.out
2020-06-15 09:33:38 INFO  Docker:553 - ...output in /AWS4-PreProd/state/luca-COMPUTE-PreProd/luca-COMPUTE-PreProd-0003/docker.out
2020-06-15 09:33:38 INFO  Docker:553 - ...output in /AWS4-PreProd/state/luca-COMPUTE-PreProd/luca-COMPUTE-PreProd-0001/docker.out
2020-06-15 09:33:38 INFO  Docker:389 - Pulling image intersystems/iris:2020.3.0XDBC.132.0 on luca-COMPUTE-PreProd-0001 ...
2020-06-15 09:33:38 INFO  Docker:389 - Pulling image intersystems/iris:2020.3.0XDBC.132.0 on luca-COMPUTE-PreProd-0002 ...
2020-06-15 09:33:38 INFO  Docker:389 - Pulling image intersystems/iris:2020.3.0XDBC.132.0 on luca-COMPUTE-PreProd-0003 ...
2020-06-15 09:33:38 INFO  Docker:389 - Pulling image intersystems/iris:2020.3.0XDBC.132.0 on luca-COMPUTE-PreProd-0004 ...
2020-06-15 09:33:38 INFO  Docker:389 - Pulling image intersystems/iris:2020.3.0XDBC.132.0 on luca-DATA-PreProd-0001 ...
2020-06-15 09:33:38 INFO  Docker:389 - Pulling image intersystems/iris:2020.3.0XDBC.132.0 on luca-DATA-PreProd-0002 ...
2020-06-15 09:33:38 INFO  Docker:389 - Pulling image intersystems/iris:2020.3.0XDBC.132.0 on luca-DATA-PreProd-0003 ...
2020-06-15 09:33:38 INFO  Docker:389 - Pulling image intersystems/iris:2020.3.0XDBC.132.0 on luca-DATA-PreProd-0004 ...
2020-06-15 09:33:53 INFO  Provision:122 - Elapsed time for pull on luca-COMPUTE-PreProd-0001: 15s...
2020-06-15 09:33:53 INFO  Provision:122 - Elapsed time for pull on luca-COMPUTE-PreProd-0002: 15s...
2020-06-15 09:33:53 INFO  Provision:122 - Elapsed time for pull on luca-COMPUTE-PreProd-0003: 15s...
2020-06-15 09:33:53 INFO  Provision:122 - Elapsed time for pull on luca-COMPUTE-PreProd-0004: 15s...
2020-06-15 09:33:53 INFO  Provision:122 - Elapsed time for pull on luca-DATA-PreProd-0002: 15s...
2020-06-15 09:33:53 INFO  Provision:122 - Elapsed time for pull on luca-DATA-PreProd-0001: 15s...
2020-06-15 09:33:53 INFO  Provision:122 - Elapsed time for pull on luca-DATA-PreProd-0004: 15s...
2020-06-15 09:33:53 INFO  Provision:122 - Elapsed time for pull on luca-DATA-PreProd-0003: 15s...
2020-06-15 09:34:08 INFO  Provision:122 - Elapsed time for pull on luca-COMPUTE-PreProd-0001: 30s...
2020-06-15 09:34:08 INFO  Provision:122 - Elapsed time for pull on luca-COMPUTE-PreProd-0002: 30s...
2020-06-15 09:34:08 INFO  Provision:122 - Elapsed time for pull on luca-COMPUTE-PreProd-0003: 30s...
2020-06-15 09:34:08 INFO  Provision:122 - Elapsed time for pull on luca-COMPUTE-PreProd-0004: 30s...
2020-06-15 09:34:08 INFO  Provision:122 - Elapsed time for pull on luca-DATA-PreProd-0004: 30s...
2020-06-15 09:34:08 INFO  Provision:122 - Elapsed time for pull on luca-DATA-PreProd-0001: 30s...
2020-06-15 09:34:08 INFO  Provision:122 - Elapsed time for pull on luca-DATA-PreProd-0002: 30s...
2020-06-15 09:34:08 INFO  Provision:122 - Elapsed time for pull on luca-DATA-PreProd-0003: 30s...
2020-06-15 09:34:20 INFO  Docker:534 - ...pulled image intersystems/iris:2020.3.0XDBC.132.0 on luca-DATA-PreProd-0001
2020-06-15 09:34:20 INFO  Docker:534 - ...pulled image intersystems/iris:2020.3.0XDBC.132.0 on luca-DATA-PreProd-0003
2020-06-15 09:34:23 INFO  Provision:122 - Elapsed time for pull on luca-COMPUTE-PreProd-0001: 45s...
2020-06-15 09:34:23 INFO  Provision:122 - Elapsed time for pull on luca-COMPUTE-PreProd-0002: 45s...
2020-06-15 09:34:23 INFO  Provision:122 - Elapsed time for pull on luca-COMPUTE-PreProd-0004: 45s...
2020-06-15 09:34:23 INFO  Provision:122 - Elapsed time for pull on luca-DATA-PreProd-0002: 45s...
2020-06-15 09:34:23 INFO  Docker:534 - ...pulled image intersystems/iris:2020.3.0XDBC.132.0 on luca-DATA-PreProd-0004
2020-06-15 09:34:25 INFO  Docker:534 - ...pulled image intersystems/iris:2020.3.0XDBC.132.0 on luca-COMPUTE-PreProd-0003
2020-06-15 09:34:28 INFO  Docker:534 - ...pulled image intersystems/iris:2020.3.0XDBC.132.0 on luca-COMPUTE-PreProd-0002
2020-06-15 09:34:38 INFO  Provision:122 - Elapsed time for pull on luca-COMPUTE-PreProd-0001: 60s...
2020-06-15 09:34:38 INFO  Provision:122 - Elapsed time for pull on luca-COMPUTE-PreProd-0004: 60s...
2020-06-15 09:34:38 INFO  Provision:122 - Elapsed time for pull on luca-DATA-PreProd-0002: 60s...
2020-06-15 09:34:47 INFO  Docker:534 - ...pulled image intersystems/iris:2020.3.0XDBC.132.0 on luca-DATA-PreProd-0002
2020-06-15 09:34:53 INFO  Provision:122 - Elapsed time for pull on luca-COMPUTE-PreProd-0001: 75s...
2020-06-15 09:34:53 INFO  Provision:122 - Elapsed time for pull on luca-COMPUTE-PreProd-0004: 75s...
2020-06-15 09:34:58 INFO  Docker:534 - ...pulled image intersystems/iris:2020.3.0XDBC.132.0 on luca-COMPUTE-PreProd-0001
2020-06-15 09:35:08 INFO  Provision:122 - Elapsed time for pull on luca-COMPUTE-PreProd-0004: 90s...
2020-06-15 09:35:23 INFO  Provision:122 - Elapsed time for pull on luca-COMPUTE-PreProd-0004: 105s...
2020-06-15 09:35:24 INFO  Docker:534 - ...pulled image intersystems/iris:2020.3.0XDBC.132.0 on luca-COMPUTE-PreProd-0004
2020-06-15 09:35:24 INFO  Docker:395 - Stopping container iris on luca-COMPUTE-PreProd-0001...
2020-06-15 09:35:24 INFO  Docker:395 - Stopping container iris on luca-COMPUTE-PreProd-0002...
2020-06-15 09:35:24 INFO  Docker:395 - Stopping container iris on luca-COMPUTE-PreProd-0003...
2020-06-15 09:35:24 INFO  Docker:395 - Stopping container iris on luca-COMPUTE-PreProd-0004...
2020-06-15 09:35:24 INFO  Docker:395 - Stopping container iris on luca-DATA-PreProd-0001...
2020-06-15 09:35:24 INFO  Docker:395 - Stopping container iris on luca-DATA-PreProd-0002...
2020-06-15 09:35:24 INFO  Docker:395 - Stopping container iris on luca-DATA-PreProd-0003...
2020-06-15 09:35:24 INFO  Docker:395 - Stopping container iris on luca-DATA-PreProd-0004...
2020-06-15 09:35:25 INFO  Docker:538 - ...completed stop of container iris on luca-DATA-PreProd-0001
2020-06-15 09:35:25 INFO  Docker:538 - ...completed stop of container iris on luca-COMPUTE-PreProd-0002
2020-06-15 09:35:25 INFO  Docker:538 - ...completed stop of container iris on luca-COMPUTE-PreProd-0003
2020-06-15 09:35:25 INFO  Docker:538 - ...completed stop of container iris on luca-COMPUTE-PreProd-0001
2020-06-15 09:35:25 INFO  Docker:538 - ...completed stop of container iris on luca-DATA-PreProd-0004
2020-06-15 09:35:25 INFO  Docker:538 - ...completed stop of container iris on luca-DATA-PreProd-0002
2020-06-15 09:35:25 INFO  Docker:538 - ...completed stop of container iris on luca-DATA-PreProd-0003
2020-06-15 09:35:25 INFO  Docker:538 - ...completed stop of container iris on luca-COMPUTE-PreProd-0004
2020-06-15 09:35:25 INFO  Docker:401 - Removing container iris on luca-COMPUTE-PreProd-0001...
2020-06-15 09:35:25 INFO  Docker:401 - Removing container iris on luca-COMPUTE-PreProd-0002...
2020-06-15 09:35:25 INFO  Docker:401 - Removing container iris on luca-COMPUTE-PreProd-0003...
2020-06-15 09:35:25 INFO  Docker:401 - Removing container iris on luca-COMPUTE-PreProd-0004...
2020-06-15 09:35:25 INFO  Docker:401 - Removing container iris on luca-DATA-PreProd-0001...
2020-06-15 09:35:25 INFO  Docker:401 - Removing container iris on luca-DATA-PreProd-0002...
2020-06-15 09:35:25 INFO  Docker:401 - Removing container iris on luca-DATA-PreProd-0003...
2020-06-15 09:35:25 INFO  Docker:401 - Removing container iris on luca-DATA-PreProd-0004...
2020-06-15 09:35:26 INFO  Docker:544 - ...removed container iris on luca-COMPUTE-PreProd-0003
2020-06-15 09:35:27 INFO  Docker:544 - ...removed container iris on luca-DATA-PreProd-0002
2020-06-15 09:35:27 INFO  Docker:544 - ...removed container iris on luca-COMPUTE-PreProd-0001
2020-06-15 09:35:27 INFO  Docker:544 - ...removed container iris on luca-COMPUTE-PreProd-0004
2020-06-15 09:35:27 INFO  Docker:544 - ...removed container iris on luca-DATA-PreProd-0003
2020-06-15 09:35:27 INFO  Docker:544 - ...removed container iris on luca-COMPUTE-PreProd-0002
2020-06-15 09:35:27 INFO  Docker:544 - ...removed container iris on luca-DATA-PreProd-0001
2020-06-15 09:35:27 INFO  Docker:544 - ...removed container iris on luca-DATA-PreProd-0004
2020-06-15 09:35:27 INFO  Docker:465 - Inspecting docker image intersystems/iris:2020.3.0XDBC.132.0 on luca-COMPUTE-PreProd-0001...
2020-06-15 09:35:27 INFO  Docker:465 - Inspecting docker image intersystems/iris:2020.3.0XDBC.132.0 on luca-COMPUTE-PreProd-0002...
2020-06-15 09:35:27 INFO  Docker:465 - Inspecting docker image intersystems/iris:2020.3.0XDBC.132.0 on luca-COMPUTE-PreProd-0003...
2020-06-15 09:35:27 INFO  Docker:465 - Inspecting docker image intersystems/iris:2020.3.0XDBC.132.0 on luca-COMPUTE-PreProd-0004...
2020-06-15 09:35:27 INFO  Docker:465 - Inspecting docker image intersystems/iris:2020.3.0XDBC.132.0 on luca-DATA-PreProd-0001...
2020-06-15 09:35:27 INFO  Docker:465 - Inspecting docker image intersystems/iris:2020.3.0XDBC.132.0 on luca-DATA-PreProd-0002...
2020-06-15 09:35:27 INFO  Docker:465 - Inspecting docker image intersystems/iris:2020.3.0XDBC.132.0 on luca-DATA-PreProd-0003...
2020-06-15 09:35:27 INFO  Docker:465 - Inspecting docker image intersystems/iris:2020.3.0XDBC.132.0 on luca-DATA-PreProd-0004...
2020-06-15 09:35:28 INFO  Docker:598 - ...inspected docker image intersystems/iris:2020.3.0XDBC.132.0 on luca-DATA-PreProd-0003
2020-06-15 09:35:28 INFO  Docker:598 - ...inspected docker image intersystems/iris:2020.3.0XDBC.132.0 on luca-DATA-PreProd-0004
2020-06-15 09:35:28 INFO  Docker:598 - ...inspected docker image intersystems/iris:2020.3.0XDBC.132.0 on luca-COMPUTE-PreProd-0003
2020-06-15 09:35:28 INFO  Docker:598 - ...inspected docker image intersystems/iris:2020.3.0XDBC.132.0 on luca-COMPUTE-PreProd-0001
2020-06-15 09:35:28 INFO  Docker:598 - ...inspected docker image intersystems/iris:2020.3.0XDBC.132.0 on luca-COMPUTE-PreProd-0004
2020-06-15 09:35:28 INFO  Docker:598 - ...inspected docker image intersystems/iris:2020.3.0XDBC.132.0 on luca-DATA-PreProd-0001
2020-06-15 09:35:28 INFO  Docker:598 - ...inspected docker image intersystems/iris:2020.3.0XDBC.132.0 on luca-DATA-PreProd-0002
2020-06-15 09:35:28 INFO  Docker:598 - ...inspected docker image intersystems/iris:2020.3.0XDBC.132.0 on luca-COMPUTE-PreProd-0002
2020-06-15 09:35:28 INFO  Docker:398 - Creating container iris on luca-COMPUTE-PreProd-0001...
2020-06-15 09:35:28 INFO  Docker:398 - Creating container iris on luca-COMPUTE-PreProd-0002...
2020-06-15 09:35:28 INFO  Docker:398 - Creating container iris on luca-COMPUTE-PreProd-0003...
2020-06-15 09:35:28 INFO  Docker:398 - Creating container iris on luca-COMPUTE-PreProd-0004...
2020-06-15 09:35:28 INFO  Docker:398 - Creating container iris on luca-DATA-PreProd-0001...
2020-06-15 09:35:28 INFO  Docker:398 - Creating container iris on luca-DATA-PreProd-0002...
2020-06-15 09:35:28 INFO  Docker:398 - Creating container iris on luca-DATA-PreProd-0003...
2020-06-15 09:35:28 INFO  Docker:398 - Creating container iris on luca-DATA-PreProd-0004...
2020-06-15 09:35:29 INFO  Docker:541 - ...created container iris on luca-COMPUTE-PreProd-0001
2020-06-15 09:35:29 INFO  Docker:541 - ...created container iris on luca-COMPUTE-PreProd-0003
2020-06-15 09:35:30 INFO  Docker:541 - ...created container iris on luca-COMPUTE-PreProd-0002
2020-06-15 09:35:30 INFO  Docker:541 - ...created container iris on luca-COMPUTE-PreProd-0004
2020-06-15 09:35:30 INFO  Docker:541 - ...created container iris on luca-DATA-PreProd-0002
2020-06-15 09:35:30 INFO  Docker:541 - ...created container iris on luca-DATA-PreProd-0004
2020-06-15 09:35:30 INFO  Docker:541 - ...created container iris on luca-DATA-PreProd-0001
2020-06-15 09:35:30 INFO  Docker:541 - ...created container iris on luca-DATA-PreProd-0003
2020-06-15 09:35:30 INFO  SSH:402 - Copying license directory ./ikey/ to luca-DATA-PreProd-0001...
2020-06-15 09:35:30 INFO  SSH:480 - Copying CPF deltas to luca-DATA-PreProd-0002...
2020-06-15 09:35:30 INFO  SSH:480 - Copying CPF deltas to luca-DATA-PreProd-0003...
2020-06-15 09:35:30 INFO  SSH:480 - Copying CPF deltas to luca-DATA-PreProd-0004...
2020-06-15 09:35:30 INFO  SSH:480 - Copying CPF deltas to luca-COMPUTE-PreProd-0003...
2020-06-15 09:35:30 INFO  SSH:480 - Copying CPF deltas to luca-COMPUTE-PreProd-0004...
2020-06-15 09:35:30 INFO  SSH:480 - Copying CPF deltas to luca-COMPUTE-PreProd-0001...
2020-06-15 09:35:30 INFO  SSH:480 - Copying CPF deltas to luca-COMPUTE-PreProd-0002...
2020-06-15 09:35:37 INFO  SSH:485 - ...copied CPF deltas to luca-COMPUTE-PreProd-0001
2020-06-15 09:35:37 INFO  SSH:485 - ...copied CPF deltas to luca-DATA-PreProd-0002
2020-06-15 09:35:37 INFO  SSH:485 - ...copied CPF deltas to luca-COMPUTE-PreProd-0002
2020-06-15 09:35:37 INFO  SSH:485 - ...copied CPF deltas to luca-COMPUTE-PreProd-0003
2020-06-15 09:35:37 INFO  SSH:485 - ...copied CPF deltas to luca-DATA-PreProd-0003
2020-06-15 09:35:37 INFO  SSH:485 - ...copied CPF deltas to luca-COMPUTE-PreProd-0004
2020-06-15 09:35:37 INFO  SSH:485 - ...copied CPF deltas to luca-DATA-PreProd-0004
2020-06-15 09:35:38 INFO  SSH:405 - ...copied license directory ./ikey/ to luca-DATA-PreProd-0001
2020-06-15 09:35:38 INFO  SSH:480 - Copying CPF deltas to luca-DATA-PreProd-0001...
2020-06-15 09:35:44 INFO  SSH:485 - ...copied CPF deltas to luca-DATA-PreProd-0001
2020-06-15 09:35:44 INFO  Docker:392 - Starting container iris on luca-COMPUTE-PreProd-0001...
2020-06-15 09:35:44 INFO  Docker:392 - Starting container iris on luca-COMPUTE-PreProd-0002...
2020-06-15 09:35:44 INFO  Docker:392 - Starting container iris on luca-COMPUTE-PreProd-0003...
2020-06-15 09:35:44 INFO  Docker:392 - Starting container iris on luca-COMPUTE-PreProd-0004...
2020-06-15 09:35:44 INFO  Docker:392 - Starting container iris on luca-DATA-PreProd-0001...
2020-06-15 09:35:44 INFO  Docker:392 - Starting container iris on luca-DATA-PreProd-0002...
2020-06-15 09:35:44 INFO  Docker:392 - Starting container iris on luca-DATA-PreProd-0003...
2020-06-15 09:35:44 INFO  Docker:392 - Starting container iris on luca-DATA-PreProd-0004...
2020-06-15 09:35:47 INFO  Docker:538 - ...completed start of container iris on luca-DATA-PreProd-0003
2020-06-15 09:35:47 INFO  Docker:538 - ...completed start of container iris on luca-COMPUTE-PreProd-0003
2020-06-15 09:35:47 INFO  Docker:538 - ...completed start of container iris on luca-DATA-PreProd-0002
2020-06-15 09:35:47 INFO  Docker:538 - ...completed start of container iris on luca-DATA-PreProd-0001
2020-06-15 09:35:48 INFO  Docker:538 - ...completed start of container iris on luca-COMPUTE-PreProd-0004
2020-06-15 09:35:48 INFO  Docker:538 - ...completed start of container iris on luca-COMPUTE-PreProd-0002
2020-06-15 09:35:48 INFO  Docker:538 - ...completed start of container iris on luca-COMPUTE-PreProd-0001
2020-06-15 09:35:48 INFO  Docker:538 - ...completed start of container iris on luca-DATA-PreProd-0004
2020-06-15 09:35:48 INFO  Docker:437 - Waiting for InterSystems IRIS to start on luca-COMPUTE-PreProd-0001...
2020-06-15 09:35:48 INFO  Docker:437 - Waiting for InterSystems IRIS to start on luca-COMPUTE-PreProd-0002...
2020-06-15 09:35:48 INFO  Docker:437 - Waiting for InterSystems IRIS to start on luca-COMPUTE-PreProd-0003...
2020-06-15 09:35:48 INFO  Docker:437 - Waiting for InterSystems IRIS to start on luca-COMPUTE-PreProd-0004...
2020-06-15 09:35:48 INFO  Docker:437 - Waiting for InterSystems IRIS to start on luca-DATA-PreProd-0001...
2020-06-15 09:35:48 INFO  Docker:437 - Waiting for InterSystems IRIS to start on luca-DATA-PreProd-0002...
2020-06-15 09:35:48 INFO  Docker:437 - Waiting for InterSystems IRIS to start on luca-DATA-PreProd-0003...
2020-06-15 09:35:48 INFO  Docker:437 - Waiting for InterSystems IRIS to start on luca-DATA-PreProd-0004...
2020-06-15 09:36:03 INFO  Provision:122 - Elapsed time for wait_started on luca-COMPUTE-PreProd-0001: 15s...
2020-06-15 09:36:03 INFO  Provision:122 - Elapsed time for wait_started on luca-COMPUTE-PreProd-0002: 15s...
2020-06-15 09:36:03 INFO  Provision:122 - Elapsed time for wait_started on luca-COMPUTE-PreProd-0003: 15s...
2020-06-15 09:36:03 INFO  Provision:122 - Elapsed time for wait_started on luca-COMPUTE-PreProd-0004: 15s...
2020-06-15 09:36:03 INFO  Provision:122 - Elapsed time for wait_started on luca-DATA-PreProd-0001: 15s...
2020-06-15 09:36:03 INFO  Provision:122 - Elapsed time for wait_started on luca-DATA-PreProd-0002: 15s...
2020-06-15 09:36:03 INFO  Provision:122 - Elapsed time for wait_started on luca-DATA-PreProd-0003: 15s...
2020-06-15 09:36:03 INFO  Provision:122 - Elapsed time for wait_started on luca-DATA-PreProd-0004: 15s...
2020-06-15 09:36:18 INFO  Provision:122 - Elapsed time for wait_started on luca-COMPUTE-PreProd-0001: 30s...
2020-06-15 09:36:18 INFO  Provision:122 - Elapsed time for wait_started on luca-COMPUTE-PreProd-0002: 30s...
2020-06-15 09:36:18 INFO  Provision:122 - Elapsed time for wait_started on luca-COMPUTE-PreProd-0003: 30s...
2020-06-15 09:36:18 INFO  Provision:122 - Elapsed time for wait_started on luca-COMPUTE-PreProd-0004: 30s...
2020-06-15 09:36:18 INFO  Provision:122 - Elapsed time for wait_started on luca-DATA-PreProd-0001: 30s...
2020-06-15 09:36:18 INFO  Provision:122 - Elapsed time for wait_started on luca-DATA-PreProd-0002: 30s...
2020-06-15 09:36:18 INFO  Provision:122 - Elapsed time for wait_started on luca-DATA-PreProd-0003: 30s...
2020-06-15 09:36:18 INFO  Provision:122 - Elapsed time for wait_started on luca-DATA-PreProd-0004: 30s...
2020-06-15 09:36:33 INFO  Provision:122 - Elapsed time for wait_started on luca-COMPUTE-PreProd-0001: 45s...
2020-06-15 09:36:33 INFO  Provision:122 - Elapsed time for wait_started on luca-COMPUTE-PreProd-0002: 45s...
2020-06-15 09:36:33 INFO  Provision:122 - Elapsed time for wait_started on luca-COMPUTE-PreProd-0003: 45s...
2020-06-15 09:36:33 INFO  Provision:122 - Elapsed time for wait_started on luca-COMPUTE-PreProd-0004: 45s...
2020-06-15 09:36:33 INFO  Provision:122 - Elapsed time for wait_started on luca-DATA-PreProd-0001: 45s...
2020-06-15 09:36:33 INFO  Provision:122 - Elapsed time for wait_started on luca-DATA-PreProd-0002: 45s...
2020-06-15 09:36:33 INFO  Provision:122 - Elapsed time for wait_started on luca-DATA-PreProd-0003: 45s...
2020-06-15 09:36:33 INFO  Provision:122 - Elapsed time for wait_started on luca-DATA-PreProd-0004: 45s...
2020-06-15 09:36:44 INFO  Docker:566 - ...InterSystems IRIS started on luca-DATA-PreProd-0001
2020-06-15 09:36:48 INFO  Provision:122 - Elapsed time for wait_started on luca-COMPUTE-PreProd-0001: 60s...
2020-06-15 09:36:48 INFO  Provision:122 - Elapsed time for wait_started on luca-COMPUTE-PreProd-0002: 60s...
2020-06-15 09:36:48 INFO  Provision:122 - Elapsed time for wait_started on luca-COMPUTE-PreProd-0003: 60s...
2020-06-15 09:36:48 INFO  Provision:122 - Elapsed time for wait_started on luca-COMPUTE-PreProd-0004: 60s...
2020-06-15 09:36:48 INFO  Provision:122 - Elapsed time for wait_started on luca-DATA-PreProd-0002: 60s...
2020-06-15 09:36:48 INFO  Provision:122 - Elapsed time for wait_started on luca-DATA-PreProd-0003: 60s...
2020-06-15 09:36:48 INFO  Provision:122 - Elapsed time for wait_started on luca-DATA-PreProd-0004: 60s...
2020-06-15 09:37:03 INFO  Provision:122 - Elapsed time for wait_started on luca-COMPUTE-PreProd-0001: 75s...
2020-06-15 09:37:03 INFO  Provision:122 - Elapsed time for wait_started on luca-COMPUTE-PreProd-0002: 75s...
2020-06-15 09:37:03 INFO  Provision:122 - Elapsed time for wait_started on luca-COMPUTE-PreProd-0003: 75s...
2020-06-15 09:37:03 INFO  Provision:122 - Elapsed time for wait_started on luca-COMPUTE-PreProd-0004: 75s...
2020-06-15 09:37:03 INFO  Provision:122 - Elapsed time for wait_started on luca-DATA-PreProd-0002: 75s...
2020-06-15 09:37:03 INFO  Provision:122 - Elapsed time for wait_started on luca-DATA-PreProd-0003: 75s...
2020-06-15 09:37:03 INFO  Provision:122 - Elapsed time for wait_started on luca-DATA-PreProd-0004: 75s...
2020-06-15 09:37:10 INFO  Docker:566 - ...InterSystems IRIS started on luca-DATA-PreProd-0003
2020-06-15 09:37:12 INFO  Docker:566 - ...InterSystems IRIS started on luca-COMPUTE-PreProd-0003
2020-06-15 09:37:16 INFO  Docker:566 - ...InterSystems IRIS started on luca-DATA-PreProd-0004
2020-06-15 09:37:17 INFO  Docker:566 - ...InterSystems IRIS started on luca-COMPUTE-PreProd-0004
2020-06-15 09:37:17 INFO  Docker:566 - ...InterSystems IRIS started on luca-DATA-PreProd-0002
2020-06-15 09:37:17 INFO  Docker:566 - ...InterSystems IRIS started on luca-COMPUTE-PreProd-0002
2020-06-15 09:37:18 INFO  Provision:122 - Elapsed time for wait_started on luca-COMPUTE-PreProd-0001: 90s...
2020-06-15 09:37:33 INFO  Provision:122 - Elapsed time for wait_started on luca-COMPUTE-PreProd-0001: 105s...
2020-06-15 09:37:37 INFO  Docker:566 - ...InterSystems IRIS started on luca-COMPUTE-PreProd-0001
2020-06-15 09:37:37 INFO  SSH:661 - Getting ICM state from luca-COMPUTE-PreProd-0001...
2020-06-15 09:37:37 INFO  SSH:661 - Getting ICM state from luca-COMPUTE-PreProd-0002...
2020-06-15 09:37:37 INFO  SSH:661 - Getting ICM state from luca-COMPUTE-PreProd-0003...
2020-06-15 09:37:37 INFO  SSH:661 - Getting ICM state from luca-COMPUTE-PreProd-0004...
2020-06-15 09:37:37 INFO  SSH:661 - Getting ICM state from luca-DATA-PreProd-0001...
2020-06-15 09:37:37 INFO  SSH:661 - Getting ICM state from luca-DATA-PreProd-0002...
2020-06-15 09:37:37 INFO  SSH:661 - Getting ICM state from luca-DATA-PreProd-0003...
2020-06-15 09:37:37 INFO  SSH:661 - Getting ICM state from luca-DATA-PreProd-0004...
2020-06-15 09:37:42 INFO  SSH:669 - ...got ICM state from luca-COMPUTE-PreProd-0003
2020-06-15 09:37:42 INFO  SSH:669 - ...got ICM state from luca-DATA-PreProd-0001
2020-06-15 09:37:42 INFO  SSH:669 - ...got ICM state from luca-DATA-PreProd-0002
2020-06-15 09:37:43 INFO  SSH:669 - ...got ICM state from luca-DATA-PreProd-0003
2020-06-15 09:37:43 INFO  SSH:669 - ...got ICM state from luca-COMPUTE-PreProd-0004
2020-06-15 09:37:43 INFO  SSH:669 - ...got ICM state from luca-COMPUTE-PreProd-0002
2020-06-15 09:37:43 INFO  SSH:669 - ...got ICM state from luca-DATA-PreProd-0004
2020-06-15 09:37:44 INFO  SSH:669 - ...got ICM state from luca-COMPUTE-PreProd-0001
2020-06-15 09:37:44 INFO  Docker:450 - Configuring Web Gateway on luca-COMPUTE-PreProd-0001...
2020-06-15 09:37:44 INFO  Docker:450 - Configuring Web Gateway on luca-COMPUTE-PreProd-0002...
2020-06-15 09:37:44 INFO  Docker:450 - Configuring Web Gateway on luca-COMPUTE-PreProd-0003...
2020-06-15 09:37:44 INFO  Docker:450 - Configuring Web Gateway on luca-COMPUTE-PreProd-0004...
2020-06-15 09:37:44 INFO  Docker:450 - Configuring Web Gateway on luca-DATA-PreProd-0001...
2020-06-15 09:37:44 INFO  Docker:450 - Configuring Web Gateway on luca-DATA-PreProd-0002...
2020-06-15 09:37:44 INFO  Docker:450 - Configuring Web Gateway on luca-DATA-PreProd-0003...
2020-06-15 09:37:44 INFO  Docker:450 - Configuring Web Gateway on luca-DATA-PreProd-0004...
2020-06-15 09:37:48 INFO  Docker:570 - ...configured Web Gateway on luca-COMPUTE-PreProd-0003
2020-06-15 09:37:48 INFO  Docker:570 - ...configured Web Gateway on luca-DATA-PreProd-0001
2020-06-15 09:37:48 INFO  Docker:570 - ...configured Web Gateway on luca-DATA-PreProd-0003
2020-06-15 09:37:48 INFO  Docker:570 - ...configured Web Gateway on luca-COMPUTE-PreProd-0002
2020-06-15 09:37:48 INFO  Docker:570 - ...configured Web Gateway on luca-DATA-PreProd-0002
2020-06-15 09:37:48 INFO  Docker:570 - ...configured Web Gateway on luca-COMPUTE-PreProd-0004
2020-06-15 09:37:48 INFO  Docker:570 - ...configured Web Gateway on luca-COMPUTE-PreProd-0001
2020-06-15 09:37:48 INFO  Docker:570 - ...configured Web Gateway on luca-DATA-PreProd-0004
2020-06-15 09:37:48 INFO  Docker:458 - Configuring ODBC on luca-COMPUTE-PreProd-0001...
2020-06-15 09:37:48 INFO  Docker:458 - Configuring ODBC on luca-COMPUTE-PreProd-0002...
2020-06-15 09:37:48 INFO  Docker:458 - Configuring ODBC on luca-COMPUTE-PreProd-0003...
2020-06-15 09:37:48 INFO  Docker:458 - Configuring ODBC on luca-COMPUTE-PreProd-0004...
2020-06-15 09:37:48 INFO  Docker:458 - Configuring ODBC on luca-DATA-PreProd-0001...
2020-06-15 09:37:48 INFO  Docker:458 - Configuring ODBC on luca-DATA-PreProd-0002...
2020-06-15 09:37:48 INFO  Docker:458 - Configuring ODBC on luca-DATA-PreProd-0003...
2020-06-15 09:37:48 INFO  Docker:458 - Configuring ODBC on luca-DATA-PreProd-0004...
2020-06-15 09:37:52 INFO  Docker:573 - ...configured ODBC on luca-COMPUTE-PreProd-0003
2020-06-15 09:37:52 INFO  Docker:573 - ...configured ODBC on luca-DATA-PreProd-0004
2020-06-15 09:37:52 INFO  Docker:573 - ...configured ODBC on luca-COMPUTE-PreProd-0004
2020-06-15 09:37:52 INFO  Docker:573 - ...configured ODBC on luca-DATA-PreProd-0002
2020-06-15 09:37:52 INFO  Docker:573 - ...configured ODBC on luca-DATA-PreProd-0001
2020-06-15 09:37:52 INFO  Docker:573 - ...configured ODBC on luca-DATA-PreProd-0003
2020-06-15 09:37:52 INFO  Docker:573 - ...configured ODBC on luca-COMPUTE-PreProd-0001
2020-06-15 09:37:52 INFO  Docker:573 - ...configured ODBC on luca-COMPUTE-PreProd-0002
2020-06-15 09:37:52 INFO  JDBC:1208 - Configuring JDBC on luca-COMPUTE-PreProd-0001...
2020-06-15 09:37:52 INFO  JDBC:1208 - Configuring JDBC on luca-COMPUTE-PreProd-0002...
2020-06-15 09:37:52 INFO  JDBC:1208 - Configuring JDBC on luca-COMPUTE-PreProd-0003...
2020-06-15 09:37:52 INFO  JDBC:1208 - Configuring JDBC on luca-COMPUTE-PreProd-0004...
2020-06-15 09:37:52 INFO  JDBC:1208 - Configuring JDBC on luca-DATA-PreProd-0001...
2020-06-15 09:37:52 INFO  JDBC:1208 - Configuring JDBC on luca-DATA-PreProd-0002...
2020-06-15 09:37:52 INFO  JDBC:1208 - Configuring JDBC on luca-DATA-PreProd-0003...
2020-06-15 09:37:52 INFO  JDBC:1208 - Configuring JDBC on luca-DATA-PreProd-0004...
2020-06-15 09:37:54 INFO  JDBC:1282 - ...configured JDBC on luca-COMPUTE-PreProd-0002
2020-06-15 09:37:54 INFO  JDBC:859 - Configuring ECP on luca-COMPUTE-PreProd-0002...
2020-06-15 09:37:54 INFO  JDBC:1282 - ...configured JDBC on luca-COMPUTE-PreProd-0003
2020-06-15 09:37:54 INFO  JDBC:859 - Configuring ECP on luca-COMPUTE-PreProd-0003...
2020-06-15 09:37:54 INFO  JDBC:1282 - ...configured JDBC on luca-DATA-PreProd-0002
2020-06-15 09:37:54 INFO  JDBC:859 - Configuring ECP on luca-DATA-PreProd-0002...
2020-06-15 09:37:54 INFO  JDBC:1282 - ...configured JDBC on luca-DATA-PreProd-0003
2020-06-15 09:37:54 INFO  JDBC:859 - Configuring ECP on luca-DATA-PreProd-0003...
2020-06-15 09:37:54 INFO  JDBC:1282 - ...configured JDBC on luca-COMPUTE-PreProd-0004
2020-06-15 09:37:54 INFO  JDBC:859 - Configuring ECP on luca-COMPUTE-PreProd-0004...
2020-06-15 09:37:54 INFO  JDBC:1282 - ...configured JDBC on luca-DATA-PreProd-0001
2020-06-15 09:37:54 INFO  JDBC:859 - Configuring ECP on luca-DATA-PreProd-0001...
2020-06-15 09:37:54 INFO  JDBC:1282 - ...configured JDBC on luca-DATA-PreProd-0004
2020-06-15 09:37:54 INFO  JDBC:859 - Configuring ECP on luca-DATA-PreProd-0004...
2020-06-15 09:37:54 INFO  JDBC:1282 - ...configured JDBC on luca-COMPUTE-PreProd-0001
2020-06-15 09:37:54 INFO  JDBC:859 - Configuring ECP on luca-COMPUTE-PreProd-0001...
2020-06-15 09:37:57 INFO  JDBC:937 - ...configured ECP on luca-COMPUTE-PreProd-0003
2020-06-15 09:37:57 INFO  JDBC:937 - ...configured ECP on luca-COMPUTE-PreProd-0004
2020-06-15 09:37:57 INFO  JDBC:937 - ...configured ECP on luca-COMPUTE-PreProd-0002
2020-06-15 09:37:57 INFO  JDBC:937 - ...configured ECP on luca-DATA-PreProd-0001
2020-06-15 09:37:57 INFO  JDBC:937 - ...configured ECP on luca-DATA-PreProd-0002
2020-06-15 09:37:57 INFO  JDBC:937 - ...configured ECP on luca-DATA-PreProd-0003
2020-06-15 09:37:57 INFO  JDBC:937 - ...configured ECP on luca-COMPUTE-PreProd-0001
2020-06-15 09:37:57 INFO  JDBC:937 - ...configured ECP on luca-DATA-PreProd-0004
2020-06-15 09:37:57 INFO  JDBC:1420 - Changing WebGateway password on luca-COMPUTE-PreProd-0001...
2020-06-15 09:37:57 INFO  JDBC:1420 - Changing WebGateway password on luca-COMPUTE-PreProd-0002...
2020-06-15 09:37:57 INFO  JDBC:1420 - Changing WebGateway password on luca-COMPUTE-PreProd-0003...
2020-06-15 09:37:57 INFO  JDBC:1420 - Changing WebGateway password on luca-COMPUTE-PreProd-0004...
2020-06-15 09:37:57 INFO  JDBC:1420 - Changing WebGateway password on luca-DATA-PreProd-0001...
2020-06-15 09:37:57 INFO  JDBC:1420 - Changing WebGateway password on luca-DATA-PreProd-0002...
2020-06-15 09:37:57 INFO  JDBC:1420 - Changing WebGateway password on luca-DATA-PreProd-0003...
2020-06-15 09:37:57 INFO  JDBC:1420 - Changing WebGateway password on luca-DATA-PreProd-0004...
2020-06-15 09:37:58 INFO  JDBC:1442 - ...changed WebGateway password on luca-COMPUTE-PreProd-0001
2020-06-15 09:37:58 INFO  JDBC:1442 - ...changed WebGateway password on luca-COMPUTE-PreProd-0002
2020-06-15 09:37:58 INFO  JDBC:1442 - ...changed WebGateway password on luca-DATA-PreProd-0004
2020-06-15 09:37:58 INFO  JDBC:1442 - ...changed WebGateway password on luca-COMPUTE-PreProd-0004
2020-06-15 09:37:58 INFO  JDBC:1442 - ...changed WebGateway password on luca-DATA-PreProd-0001
2020-06-15 09:37:58 INFO  JDBC:1442 - ...changed WebGateway password on luca-COMPUTE-PreProd-0003
2020-06-15 09:37:58 INFO  JDBC:1442 - ...changed WebGateway password on luca-DATA-PreProd-0002
2020-06-15 09:37:58 INFO  JDBC:1442 - ...changed WebGateway password on luca-DATA-PreProd-0003
2020-06-15 09:37:58 INFO  JDBC:1103 - Acquiring license on luca-COMPUTE-PreProd-0001...
2020-06-15 09:37:58 INFO  JDBC:1103 - Acquiring license on luca-COMPUTE-PreProd-0002...
2020-06-15 09:37:58 INFO  JDBC:1103 - Acquiring license on luca-COMPUTE-PreProd-0003...
2020-06-15 09:37:58 INFO  JDBC:1103 - Acquiring license on luca-COMPUTE-PreProd-0004...
2020-06-15 09:37:58 INFO  JDBC:1073 - Validating license on luca-DATA-PreProd-0001...
2020-06-15 09:37:58 INFO  JDBC:1103 - Acquiring license on luca-DATA-PreProd-0002...
2020-06-15 09:37:58 INFO  JDBC:1103 - Acquiring license on luca-DATA-PreProd-0003...
2020-06-15 09:37:58 INFO  JDBC:1103 - Acquiring license on luca-DATA-PreProd-0004...
2020-06-15 09:38:00 INFO  JDBC:1110 - ...acquired license on luca-COMPUTE-PreProd-0001
2020-06-15 09:38:00 INFO  JDBC:1089 - ...validated license on luca-DATA-PreProd-0001
2020-06-15 09:38:00 INFO  JDBC:1103 - Acquiring license on luca-DATA-PreProd-0001...
2020-06-15 09:38:00 INFO  JDBC:1110 - ...acquired license on luca-COMPUTE-PreProd-0004
2020-06-15 09:38:00 INFO  JDBC:1110 - ...acquired license on luca-COMPUTE-PreProd-0003
2020-06-15 09:38:00 INFO  JDBC:1110 - ...acquired license on luca-DATA-PreProd-0004
2020-06-15 09:38:00 INFO  JDBC:1110 - ...acquired license on luca-DATA-PreProd-0002
2020-06-15 09:38:00 INFO  JDBC:1110 - ...acquired license on luca-COMPUTE-PreProd-0002
2020-06-15 09:38:00 INFO  JDBC:1110 - ...acquired license on luca-DATA-PreProd-0003
2020-06-15 09:38:01 INFO  JDBC:1110 - ...acquired license on luca-DATA-PreProd-0001
2020-06-15 09:38:03 INFO  JDBC:391 - Initializing shard luca-DATA-PreProd-0001...
2020-06-15 09:38:04 INFO  JDBC:404 - ...initialized shard luca-DATA-PreProd-0001
2020-06-15 09:38:05 INFO  JDBC:449 - Verifying local node ready for attach...
2020-06-15 09:38:06 INFO  JDBC:465 - ...verified local node ready for attach
2020-06-15 09:38:07 INFO  JDBC:449 - Verifying remote node ready for attach...
2020-06-15 09:38:07 INFO  JDBC:449 - Verifying remote node ready for attach...
2020-06-15 09:38:07 INFO  JDBC:449 - Verifying remote node ready for attach...
2020-06-15 09:38:07 INFO  JDBC:465 - ...verified remote node ready for attach
2020-06-15 09:38:07 INFO  JDBC:526 - Attaching shard luca-DATA-PreProd-0003 as data node....
2020-06-15 09:38:07 INFO  JDBC:465 - ...verified remote node ready for attach
2020-06-15 09:38:07 INFO  JDBC:526 - Attaching shard luca-DATA-PreProd-0004 as data node....
2020-06-15 09:38:07 INFO  JDBC:465 - ...verified remote node ready for attach
2020-06-15 09:38:07 INFO  JDBC:526 - Attaching shard luca-DATA-PreProd-0002 as data node....
2020-06-15 09:38:10 INFO  JDBC:550 - ...attached shard luca-DATA-PreProd-0004 as data node
2020-06-15 09:38:10 INFO  JDBC:550 - ...attached shard luca-DATA-PreProd-0003 as data node
2020-06-15 09:38:12 INFO  JDBC:550 - ...attached shard luca-DATA-PreProd-0002 as data node
2020-06-15 09:38:13 INFO  JDBC:449 - Verifying remote node ready for attach...
2020-06-15 09:38:13 INFO  JDBC:449 - Verifying remote node ready for attach...
2020-06-15 09:38:13 INFO  JDBC:449 - Verifying remote node ready for attach...
2020-06-15 09:38:13 INFO  JDBC:449 - Verifying remote node ready for attach...
2020-06-15 09:38:13 INFO  JDBC:465 - ...verified remote node ready for attach
2020-06-15 09:38:13 INFO  JDBC:465 - ...verified remote node ready for attach
2020-06-15 09:38:13 INFO  JDBC:526 - Attaching shard luca-COMPUTE-PreProd-0003 as compute node....
2020-06-15 09:38:13 INFO  JDBC:526 - Attaching shard luca-COMPUTE-PreProd-0002 as compute node....
2020-06-15 09:38:13 INFO  JDBC:465 - ...verified remote node ready for attach
2020-06-15 09:38:13 INFO  JDBC:526 - Attaching shard luca-COMPUTE-PreProd-0004 as compute node....
2020-06-15 09:38:14 INFO  JDBC:465 - ...verified remote node ready for attach
2020-06-15 09:38:14 INFO  JDBC:526 - Attaching shard luca-COMPUTE-PreProd-0001 as compute node....
2020-06-15 09:38:15 INFO  JDBC:550 - ...attached shard luca-COMPUTE-PreProd-0003 as compute node
2020-06-15 09:38:16 INFO  JDBC:550 - ...attached shard luca-COMPUTE-PreProd-0004 as compute node
2020-06-15 09:38:16 INFO  JDBC:550 - ...attached shard luca-COMPUTE-PreProd-0002 as compute node
2020-06-15 09:38:17 INFO  JDBC:550 - ...attached shard luca-COMPUTE-PreProd-0001 as compute node
2020-06-15 09:38:19 INFO  JDBC:1163 - Setting shard options on luca-DATA-PreProd-0002...
2020-06-15 09:38:19 INFO  JDBC:1163 - Setting shard options on luca-DATA-PreProd-0003...
2020-06-15 09:38:19 INFO  JDBC:1200 - ...set shard options on luca-DATA-PreProd-0003
2020-06-15 09:38:19 INFO  JDBC:1163 - Setting shard options on luca-COMPUTE-PreProd-0004...
2020-06-15 09:38:19 INFO  JDBC:1200 - ...set shard options on luca-COMPUTE-PreProd-0004
2020-06-15 09:38:19 INFO  JDBC:1163 - Setting shard options on luca-COMPUTE-PreProd-0003...
2020-06-15 09:38:19 INFO  JDBC:1200 - ...set shard options on luca-COMPUTE-PreProd-0003
2020-06-15 09:38:19 INFO  JDBC:1163 - Setting shard options on luca-DATA-PreProd-0004...
2020-06-15 09:38:19 INFO  JDBC:1200 - ...set shard options on luca-DATA-PreProd-0004
2020-06-15 09:38:19 INFO  JDBC:1163 - Setting shard options on luca-COMPUTE-PreProd-0002...
2020-06-15 09:38:19 INFO  JDBC:1200 - ...set shard options on luca-COMPUTE-PreProd-0002
2020-06-15 09:38:19 INFO  JDBC:1163 - Setting shard options on luca-COMPUTE-PreProd-0001...
2020-06-15 09:38:19 INFO  JDBC:1163 - Setting shard options on luca-DATA-PreProd-0001...
2020-06-15 09:38:19 INFO  JDBC:1200 - ...set shard options on luca-DATA-PreProd-0001
2020-06-15 09:38:19 INFO  JDBC:1200 - ...set shard options on luca-DATA-PreProd-0002
2020-06-15 09:38:19 INFO  JDBC:1200 - ...set shard options on luca-COMPUTE-PreProd-0001
2020-06-15 09:38:19 INFO  JDBC:742 - Retrieving shard index on luca-DATA-PreProd-0004...
2020-06-15 09:38:19 INFO  JDBC:742 - Retrieving shard index on luca-DATA-PreProd-0003...
2020-06-15 09:38:19 INFO  JDBC:742 - Retrieving shard index on luca-DATA-PreProd-0002...
2020-06-15 09:38:19 INFO  JDBC:742 - Retrieving shard index on luca-DATA-PreProd-0001...
2020-06-15 09:38:20 INFO  JDBC:757 - ..retrieved shard index on luca-DATA-PreProd-0003
2020-06-15 09:38:20 INFO  JDBC:797 - Setting shard brokered host on luca-DATA-PreProd-0003...
2020-06-15 09:38:20 INFO  JDBC:757 - ..retrieved shard index on luca-DATA-PreProd-0004
2020-06-15 09:38:20 INFO  JDBC:797 - Setting shard brokered host on luca-DATA-PreProd-0004...
2020-06-15 09:38:20 INFO  JDBC:757 - ..retrieved shard index on luca-DATA-PreProd-0001
2020-06-15 09:38:20 INFO  JDBC:797 - Setting shard brokered host on luca-DATA-PreProd-0001...
2020-06-15 09:38:20 INFO  JDBC:757 - ..retrieved shard index on luca-DATA-PreProd-0002
2020-06-15 09:38:20 INFO  JDBC:797 - Setting shard brokered host on luca-DATA-PreProd-0002...
2020-06-15 09:38:22 INFO  JDBC:812 - ...set shard brokered host on luca-DATA-PreProd-0003
2020-06-15 09:38:22 INFO  JDBC:812 - ...set shard brokered host on luca-DATA-PreProd-0004
2020-06-15 09:38:22 INFO  JDBC:812 - ...set shard brokered host on luca-DATA-PreProd-0002
2020-06-15 09:38:22 INFO  JDBC:812 - ...set shard brokered host on luca-DATA-PreProd-0001
2020-06-15 09:38:22 INFO  JDBC:836 - Verifying shards on luca-DATA-PreProd-0001...
2020-06-15 09:38:23 INFO  JDBC:853 - ...verified shards on luca-DATA-PreProd-0001
2020-06-15 09:38:23 INFO  SSH:627 - Setting ICM state on luca-COMPUTE-PreProd-0001...
2020-06-15 09:38:23 INFO  SSH:627 - Setting ICM state on luca-COMPUTE-PreProd-0002...
2020-06-15 09:38:23 INFO  SSH:627 - Setting ICM state on luca-COMPUTE-PreProd-0003...
2020-06-15 09:38:23 INFO  SSH:627 - Setting ICM state on luca-COMPUTE-PreProd-0004...
2020-06-15 09:38:23 INFO  SSH:627 - Setting ICM state on luca-DATA-PreProd-0001...
2020-06-15 09:38:23 INFO  SSH:627 - Setting ICM state on luca-DATA-PreProd-0002...
2020-06-15 09:38:23 INFO  SSH:627 - Setting ICM state on luca-DATA-PreProd-0003...
2020-06-15 09:38:23 INFO  SSH:627 - Setting ICM state on luca-DATA-PreProd-0004...
2020-06-15 09:38:30 INFO  SSH:638 - ...set ICM state on luca-COMPUTE-PreProd-0004
2020-06-15 09:38:30 INFO  SSH:638 - ...set ICM state on luca-DATA-PreProd-0004
2020-06-15 09:38:30 INFO  SSH:638 - ...set ICM state on luca-COMPUTE-PreProd-0001
2020-06-15 09:38:30 INFO  SSH:638 - ...set ICM state on luca-DATA-PreProd-0002
2020-06-15 09:38:30 INFO  SSH:638 - ...set ICM state on luca-COMPUTE-PreProd-0003
2020-06-15 09:38:30 INFO  SSH:638 - ...set ICM state on luca-DATA-PreProd-0003
2020-06-15 09:38:30 INFO  SSH:638 - ...set ICM state on luca-DATA-PreProd-0001
2020-06-15 09:38:31 INFO  SSH:638 - ...set ICM state on luca-COMPUTE-PreProd-0002
2020-06-15 09:38:31 INFO  IRIS:111 - -> Management Portal available at: http://ec2-52-57-203-174.eu-central-1.compute.amazonaws.com:52773/csp/sys/UtilHome.csp
2020-06-15 09:53:00 DEBUG Provision:1065 - inventory
2020-06-15 09:53:01 INFO  Provision:561 - Machine                        IP Address       DNS Name                                 Provider Region     Zone
2020-06-15 09:53:01 INFO  Provision:562 - -------                        ----------       --------                                 -------- ------     ----
2020-06-15 09:53:01 INFO  Provision:609 - luca-COMPUTE-PreProd-0001      18.196.41.163    ec2-18-196-41-163.eu-central-1.compute.a AWS      eu-central-1 c    
2020-06-15 09:53:01 INFO  Provision:609 - luca-COMPUTE-PreProd-0002      18.184.119.75    ec2-18-184-119-75.eu-central-1.compute.a AWS      eu-central-1 c    
2020-06-15 09:53:01 INFO  Provision:609 - luca-COMPUTE-PreProd-0003      18.156.134.244   ec2-18-156-134-244.eu-central-1.compute. AWS      eu-central-1 c    
2020-06-15 09:53:01 INFO  Provision:609 - luca-COMPUTE-PreProd-0004      35.158.251.235   ec2-35-158-251-235.eu-central-1.compute. AWS      eu-central-1 c    
2020-06-15 09:53:01 INFO  Provision:609 - luca-DATA-PreProd-0001         52.57.203.174    ec2-52-57-203-174.eu-central-1.compute.a AWS      eu-central-1 c    
2020-06-15 09:53:01 INFO  Provision:609 - luca-DATA-PreProd-0002         35.158.161.110   ec2-35-158-161-110.eu-central-1.compute. AWS      eu-central-1 c    
2020-06-15 09:53:01 INFO  Provision:609 - luca-DATA-PreProd-0003         18.157.175.12    ec2-18-157-175-12.eu-central-1.compute.a AWS      eu-central-1 c    
2020-06-15 09:53:01 INFO  Provision:609 - luca-DATA-PreProd-0004         18.156.134.117   ec2-18-156-134-117.eu-central-1.compute. AWS      eu-central-1 c    
2020-06-15 09:53:02 DEBUG Provision:1065 - ps --container=iris
2020-06-15 09:53:04 INFO  Provision:643 - Machine                        IP Address       Container            Status   Health     Image
2020-06-15 09:53:04 INFO  Provision:644 - -------                        ----------       ---------            ------   ------     -----
2020-06-15 09:53:04 INFO  Provision:669 - luca-COMPUTE-PreProd-0001      18.196.41.163    iris                 Up       healthy    intersystems/iris:2020.3.0XDBC.132.0
2020-06-15 09:53:04 INFO  Provision:669 - luca-DATA-PreProd-0002         35.158.161.110   iris                 Up       healthy    intersystems/iris:2020.3.0XDBC.132.0
2020-06-15 09:53:04 INFO  Provision:669 - luca-COMPUTE-PreProd-0004      35.158.251.235   iris                 Up       healthy    intersystems/iris:2020.3.0XDBC.132.0
2020-06-15 09:53:04 INFO  Provision:669 - luca-COMPUTE-PreProd-0002      18.184.119.75    iris                 Up       healthy    intersystems/iris:2020.3.0XDBC.132.0
2020-06-15 09:53:04 INFO  Provision:669 - luca-DATA-PreProd-0003         18.157.175.12    iris                 Up       healthy    intersystems/iris:2020.3.0XDBC.132.0
2020-06-15 09:53:04 INFO  Provision:669 - luca-DATA-PreProd-0004         18.156.134.117   iris                 Up       healthy    intersystems/iris:2020.3.0XDBC.132.0
2020-06-15 09:53:04 INFO  Provision:669 - luca-COMPUTE-PreProd-0003      18.156.134.244   iris                 Up       healthy    intersystems/iris:2020.3.0XDBC.132.0
2020-06-15 09:53:04 INFO  Provision:669 - luca-DATA-PreProd-0001         52.57.203.174    iris                 Up       healthy    intersystems/iris:2020.3.0XDBC.132.0
2020-06-15 10:10:49 DEBUG Provision:1065 - unprovision --cleanUp=true --force=true --stateDir=state
2020-06-15 10:10:50 INFO  Terraform:305 - Starting init of luca-DATA-PreProd...
2020-06-15 10:10:50 INFO  Terraform:305 - Starting init of luca-COMPUTE-PreProd...
2020-06-15 10:10:50 INFO  Terraform:312 - ...completed init of luca-COMPUTE-PreProd
2020-06-15 10:10:50 INFO  Terraform:312 - ...completed init of luca-DATA-PreProd
2020-06-15 10:10:50 INFO  Terraform:305 - Starting refresh of luca-DATA-PreProd...
2020-06-15 10:10:50 INFO  Terraform:305 - Starting refresh of luca-COMPUTE-PreProd...
2020-06-15 10:11:05 INFO  Provision:122 - Elapsed time for refresh on luca-DATA-PreProd: 15s...
2020-06-15 10:11:05 INFO  Provision:122 - Elapsed time for refresh on luca-COMPUTE-PreProd: 15s...
2020-06-15 10:11:08 INFO  Terraform:312 - ...completed refresh of luca-DATA-PreProd
2020-06-15 10:11:08 INFO  Terraform:312 - ...completed refresh of luca-COMPUTE-PreProd
2020-06-15 10:11:08 INFO  Terraform:305 - Starting destroy of luca-DATA-PreProd...
2020-06-15 10:11:08 INFO  Terraform:305 - Starting destroy of luca-COMPUTE-PreProd...
2020-06-15 10:11:23 INFO  Provision:122 - Elapsed time for destroy on luca-DATA-PreProd: 15s...
2020-06-15 10:11:23 INFO  Provision:122 - Elapsed time for destroy on luca-COMPUTE-PreProd: 15s...
2020-06-15 10:11:38 INFO  Provision:122 - Elapsed time for destroy on luca-DATA-PreProd: 30s...
2020-06-15 10:11:38 INFO  Provision:122 - Elapsed time for destroy on luca-COMPUTE-PreProd: 30s...
2020-06-15 10:11:53 INFO  Provision:122 - Elapsed time for destroy on luca-DATA-PreProd: 45s...
2020-06-15 10:11:53 INFO  Provision:122 - Elapsed time for destroy on luca-COMPUTE-PreProd: 45s...
2020-06-15 10:12:08 INFO  Provision:122 - Elapsed time for destroy on luca-DATA-PreProd: 60s...
2020-06-15 10:12:08 INFO  Provision:122 - Elapsed time for destroy on luca-COMPUTE-PreProd: 60s...
2020-06-15 10:12:23 INFO  Provision:122 - Elapsed time for destroy on luca-DATA-PreProd: 75s...
2020-06-15 10:12:23 INFO  Provision:122 - Elapsed time for destroy on luca-COMPUTE-PreProd: 75s...
2020-06-15 10:12:38 INFO  Provision:122 - Elapsed time for destroy on luca-DATA-PreProd: 90s...
2020-06-15 10:12:38 INFO  Provision:122 - Elapsed time for destroy on luca-COMPUTE-PreProd: 90s...
2020-06-15 10:12:53 INFO  Provision:122 - Elapsed time for destroy on luca-DATA-PreProd: 105s...
2020-06-15 10:12:53 INFO  Provision:122 - Elapsed time for destroy on luca-COMPUTE-PreProd: 105s...
2020-06-15 10:13:08 INFO  Provision:122 - Elapsed time for destroy on luca-DATA-PreProd: 120s...
2020-06-15 10:13:08 INFO  Provision:122 - Elapsed time for destroy on luca-COMPUTE-PreProd: 120s...
2020-06-15 10:13:23 INFO  Provision:122 - Elapsed time for destroy on luca-DATA-PreProd: 135s...
2020-06-15 10:13:23 INFO  Provision:122 - Elapsed time for destroy on luca-COMPUTE-PreProd: 135s...
2020-06-15 10:13:38 INFO  Provision:122 - Elapsed time for destroy on luca-DATA-PreProd: 150s...
2020-06-15 10:13:38 INFO  Provision:122 - Elapsed time for destroy on luca-COMPUTE-PreProd: 150s...
2020-06-15 10:13:53 INFO  Provision:122 - Elapsed time for destroy on luca-COMPUTE-PreProd: 165s...
2020-06-15 10:13:53 INFO  Provision:122 - Elapsed time for destroy on luca-DATA-PreProd: 165s...
2020-06-15 10:14:08 INFO  Provision:122 - Elapsed time for destroy on luca-COMPUTE-PreProd: 180s...
2020-06-15 10:14:08 INFO  Provision:122 - Elapsed time for destroy on luca-DATA-PreProd: 180s...
2020-06-15 10:14:23 INFO  Provision:122 - Elapsed time for destroy on luca-COMPUTE-PreProd: 195s...
2020-06-15 10:14:23 INFO  Provision:122 - Elapsed time for destroy on luca-DATA-PreProd: 195s...
2020-06-15 10:14:38 INFO  Provision:122 - Elapsed time for destroy on luca-COMPUTE-PreProd: 210s...
2020-06-15 10:14:38 INFO  Provision:122 - Elapsed time for destroy on luca-DATA-PreProd: 210s...
2020-06-15 10:14:53 INFO  Provision:122 - Elapsed time for destroy on luca-COMPUTE-PreProd: 225s...
2020-06-15 10:14:53 INFO  Provision:122 - Elapsed time for destroy on luca-DATA-PreProd: 225s...
2020-06-15 10:14:55 INFO  Terraform:312 - ...completed destroy of luca-COMPUTE-PreProd
2020-06-15 10:15:08 INFO  Provision:122 - Elapsed time for destroy on luca-DATA-PreProd: 240s...
2020-06-15 10:15:08 INFO  Terraform:312 - ...completed destroy of luca-DATA-PreProd
2020-06-15 10:15:08 INFO  Terraform:305 - Starting init of luca-PreProd...
2020-06-15 10:15:09 INFO  Terraform:312 - ...completed init of luca-PreProd
2020-06-15 10:15:09 INFO  Terraform:305 - Starting refresh of luca-PreProd...
2020-06-15 10:15:24 INFO  Provision:122 - Elapsed time for refresh on luca-PreProd: 15s...
2020-06-15 10:15:32 INFO  Terraform:312 - ...completed refresh of luca-PreProd
2020-06-15 10:15:32 INFO  Terraform:305 - Starting destroy of luca-PreProd...
2020-06-15 10:15:47 INFO  Provision:122 - Elapsed time for destroy on luca-PreProd: 15s...
2020-06-15 10:16:02 INFO  Provision:122 - Elapsed time for destroy on luca-PreProd: 30s...
2020-06-15 10:16:11 INFO  Terraform:312 - ...completed destroy of luca-PreProd
2020-06-15 10:16:11 INFO  Provision:174 - Deleting state
2020-06-15 10:16:11 INFO  Provision:186 - Deleting instances.json
