2020-06-15 09:20:36 DEBUG Provision:1065 - provision
2020-06-15 09:20:37 INFO  Terraform:305 - Starting init of luca-PROD...
2020-06-15 09:20:37 INFO  Terraform:312 - ...completed init of luca-PROD
2020-06-15 09:20:37 INFO  Terraform:305 - Starting plan of luca-PROD...
2020-06-15 09:20:44 INFO  Terraform:312 - ...completed plan of luca-PROD
2020-06-15 09:20:44 INFO  Terraform:305 - Starting refresh of luca-PROD...
2020-06-15 09:20:45 INFO  Terraform:312 - ...completed refresh of luca-PROD
2020-06-15 09:20:45 INFO  Terraform:305 - Starting apply of luca-PROD...
2020-06-15 09:21:00 INFO  Provision:122 - Elapsed time for apply on luca-PROD: 15s...
2020-06-15 09:21:15 INFO  Provision:122 - Elapsed time for apply on luca-PROD: 30s...
2020-06-15 09:21:19 INFO  Terraform:312 - ...completed apply of luca-PROD
2020-06-15 09:21:19 INFO  Terraform:305 - Starting init of luca-DATA-PROD...
2020-06-15 09:21:19 INFO  Terraform:305 - Starting init of luca-COMPUTE-PROD...
2020-06-15 09:21:19 INFO  Terraform:312 - ...completed init of luca-COMPUTE-PROD
2020-06-15 09:21:19 INFO  Terraform:312 - ...completed init of luca-DATA-PROD
2020-06-15 09:21:19 INFO  Terraform:305 - Starting plan of luca-DATA-PROD...
2020-06-15 09:21:19 INFO  Terraform:305 - Starting plan of luca-COMPUTE-PROD...
2020-06-15 09:21:27 INFO  Terraform:312 - ...completed plan of luca-COMPUTE-PROD
2020-06-15 09:21:27 INFO  Terraform:312 - ...completed plan of luca-DATA-PROD
2020-06-15 09:21:27 INFO  Terraform:305 - Starting refresh of luca-DATA-PROD...
2020-06-15 09:21:27 INFO  Terraform:305 - Starting refresh of luca-COMPUTE-PROD...
2020-06-15 09:21:28 INFO  Terraform:312 - ...completed refresh of luca-COMPUTE-PROD
2020-06-15 09:21:28 INFO  Terraform:312 - ...completed refresh of luca-DATA-PROD
2020-06-15 09:21:28 INFO  Terraform:305 - Starting apply of luca-DATA-PROD...
2020-06-15 09:21:28 INFO  Terraform:305 - Starting apply of luca-COMPUTE-PROD...
2020-06-15 09:21:43 INFO  Provision:122 - Elapsed time for apply on luca-DATA-PROD: 15s...
2020-06-15 09:21:43 INFO  Provision:122 - Elapsed time for apply on luca-COMPUTE-PROD: 15s...
2020-06-15 09:21:58 INFO  Provision:122 - Elapsed time for apply on luca-DATA-PROD: 30s...
2020-06-15 09:21:58 INFO  Provision:122 - Elapsed time for apply on luca-COMPUTE-PROD: 30s...
2020-06-15 09:22:13 INFO  Provision:122 - Elapsed time for apply on luca-DATA-PROD: 45s...
2020-06-15 09:22:13 INFO  Provision:122 - Elapsed time for apply on luca-COMPUTE-PROD: 45s...
2020-06-15 09:22:28 INFO  Provision:122 - Elapsed time for apply on luca-DATA-PROD: 60s...
2020-06-15 09:22:28 INFO  Provision:122 - Elapsed time for apply on luca-COMPUTE-PROD: 60s...
2020-06-15 09:22:43 INFO  Provision:122 - Elapsed time for apply on luca-DATA-PROD: 75s...
2020-06-15 09:22:43 INFO  Provision:122 - Elapsed time for apply on luca-COMPUTE-PROD: 75s...
2020-06-15 09:22:58 INFO  Provision:122 - Elapsed time for apply on luca-DATA-PROD: 90s...
2020-06-15 09:22:58 INFO  Provision:122 - Elapsed time for apply on luca-COMPUTE-PROD: 90s...
2020-06-15 09:23:13 INFO  Provision:122 - Elapsed time for apply on luca-DATA-PROD: 105s...
2020-06-15 09:23:13 INFO  Provision:122 - Elapsed time for apply on luca-COMPUTE-PROD: 105s...
2020-06-15 09:23:28 INFO  Provision:122 - Elapsed time for apply on luca-DATA-PROD: 120s...
2020-06-15 09:23:28 INFO  Provision:122 - Elapsed time for apply on luca-COMPUTE-PROD: 120s...
2020-06-15 09:23:43 INFO  Provision:122 - Elapsed time for apply on luca-DATA-PROD: 135s...
2020-06-15 09:23:43 INFO  Provision:122 - Elapsed time for apply on luca-COMPUTE-PROD: 135s...
2020-06-15 09:23:58 INFO  Provision:122 - Elapsed time for apply on luca-DATA-PROD: 150s...
2020-06-15 09:23:58 INFO  Provision:122 - Elapsed time for apply on luca-COMPUTE-PROD: 150s...
2020-06-15 09:24:13 INFO  Provision:122 - Elapsed time for apply on luca-DATA-PROD: 165s...
2020-06-15 09:24:13 INFO  Provision:122 - Elapsed time for apply on luca-COMPUTE-PROD: 165s...
2020-06-15 09:24:17 INFO  Terraform:312 - ...completed apply of luca-COMPUTE-PROD
2020-06-15 09:24:18 INFO  Terraform:312 - ...completed apply of luca-DATA-PROD
2020-06-15 09:24:22 INFO  SSH:198 - Copying files to luca-DATA-PROD-0005...
2020-06-15 09:24:22 INFO  SSH:198 - Copying files to luca-DATA-PROD-0002...
2020-06-15 09:24:22 INFO  SSH:198 - Copying files to luca-COMPUTE-PROD-0004...
2020-06-15 09:24:22 INFO  SSH:198 - Copying files to luca-DATA-PROD-0003...
2020-06-15 09:24:22 INFO  SSH:198 - Copying files to luca-COMPUTE-PROD-0005...
2020-06-15 09:24:22 INFO  SSH:198 - Copying files to luca-COMPUTE-PROD-0001...
2020-06-15 09:24:22 INFO  SSH:198 - Copying files to luca-COMPUTE-PROD-0006...
2020-06-15 09:24:22 INFO  SSH:198 - Copying files to luca-DATA-PROD-0004...
2020-06-15 09:24:22 INFO  SSH:198 - Copying files to luca-DATA-PROD-0001...
2020-06-15 09:24:22 INFO  SSH:198 - Copying files to luca-DATA-PROD-0006...
2020-06-15 09:24:23 INFO  SSH:198 - Copying files to luca-COMPUTE-PROD-0003...
2020-06-15 09:24:24 INFO  SSH:198 - Copying files to luca-COMPUTE-PROD-0002...
2020-06-15 09:24:28 INFO  SSH:210 - ...copied files to luca-DATA-PROD-0002
2020-06-15 09:24:28 INFO  SSH:213 - Configuring luca-DATA-PROD-0002...
2020-06-15 09:24:28 INFO  SSH:210 - ...copied files to luca-DATA-PROD-0005
2020-06-15 09:24:28 INFO  SSH:213 - Configuring luca-DATA-PROD-0005...
2020-06-15 09:24:28 INFO  SSH:210 - ...copied files to luca-COMPUTE-PROD-0004
2020-06-15 09:24:28 INFO  SSH:213 - Configuring luca-COMPUTE-PROD-0004...
2020-06-15 09:24:28 INFO  SSH:210 - ...copied files to luca-COMPUTE-PROD-0005
2020-06-15 09:24:28 INFO  SSH:213 - Configuring luca-COMPUTE-PROD-0005...
2020-06-15 09:24:28 INFO  SSH:210 - ...copied files to luca-COMPUTE-PROD-0006
2020-06-15 09:24:28 INFO  SSH:213 - Configuring luca-COMPUTE-PROD-0006...
2020-06-15 09:24:28 INFO  SSH:210 - ...copied files to luca-DATA-PROD-0003
2020-06-15 09:24:28 INFO  SSH:213 - Configuring luca-DATA-PROD-0003...
2020-06-15 09:24:28 INFO  SSH:210 - ...copied files to luca-COMPUTE-PROD-0001
2020-06-15 09:24:28 INFO  SSH:213 - Configuring luca-COMPUTE-PROD-0001...
2020-06-15 09:24:28 INFO  SSH:210 - ...copied files to luca-DATA-PROD-0004
2020-06-15 09:24:28 INFO  SSH:213 - Configuring luca-DATA-PROD-0004...
2020-06-15 09:24:29 INFO  SSH:210 - ...copied files to luca-DATA-PROD-0001
2020-06-15 09:24:29 INFO  SSH:213 - Configuring luca-DATA-PROD-0001...
2020-06-15 09:24:29 INFO  SSH:210 - ...copied files to luca-DATA-PROD-0006
2020-06-15 09:24:29 INFO  SSH:213 - Configuring luca-DATA-PROD-0006...
2020-06-15 09:24:29 INFO  SSH:210 - ...copied files to luca-COMPUTE-PROD-0003
2020-06-15 09:24:29 INFO  SSH:213 - Configuring luca-COMPUTE-PROD-0003...
2020-06-15 09:24:31 INFO  SSH:210 - ...copied files to luca-COMPUTE-PROD-0002
2020-06-15 09:24:31 INFO  SSH:213 - Configuring luca-COMPUTE-PROD-0002...
2020-06-15 09:24:41 INFO  SSH:232 - ...configured luca-DATA-PROD-0005
2020-06-15 09:24:41 INFO  SSH:238 - Copying more files to luca-DATA-PROD-0005...
2020-06-15 09:24:41 INFO  SSH:232 - ...configured luca-DATA-PROD-0002
2020-06-15 09:24:41 INFO  SSH:238 - Copying more files to luca-DATA-PROD-0002...
2020-06-15 09:24:41 INFO  SSH:232 - ...configured luca-COMPUTE-PROD-0004
2020-06-15 09:24:41 INFO  SSH:238 - Copying more files to luca-COMPUTE-PROD-0004...
2020-06-15 09:24:41 INFO  SSH:232 - ...configured luca-COMPUTE-PROD-0006
2020-06-15 09:24:41 INFO  SSH:238 - Copying more files to luca-COMPUTE-PROD-0006...
2020-06-15 09:24:42 INFO  SSH:232 - ...configured luca-DATA-PROD-0001
2020-06-15 09:24:42 INFO  SSH:238 - Copying more files to luca-DATA-PROD-0001...
2020-06-15 09:24:42 INFO  SSH:232 - ...configured luca-COMPUTE-PROD-0001
2020-06-15 09:24:42 INFO  SSH:238 - Copying more files to luca-COMPUTE-PROD-0001...
2020-06-15 09:24:42 INFO  SSH:232 - ...configured luca-COMPUTE-PROD-0003
2020-06-15 09:24:42 INFO  SSH:238 - Copying more files to luca-COMPUTE-PROD-0003...
2020-06-15 09:24:42 INFO  SSH:232 - ...configured luca-DATA-PROD-0003
2020-06-15 09:24:42 INFO  SSH:238 - Copying more files to luca-DATA-PROD-0003...
2020-06-15 09:24:43 INFO  SSH:232 - ...configured luca-COMPUTE-PROD-0005
2020-06-15 09:24:43 INFO  SSH:238 - Copying more files to luca-COMPUTE-PROD-0005...
2020-06-15 09:24:44 INFO  SSH:232 - ...configured luca-DATA-PROD-0006
2020-06-15 09:24:44 INFO  SSH:238 - Copying more files to luca-DATA-PROD-0006...
2020-06-15 09:24:45 INFO  SSH:232 - ...configured luca-COMPUTE-PROD-0002
2020-06-15 09:24:45 INFO  SSH:238 - Copying more files to luca-COMPUTE-PROD-0002...
2020-06-15 09:24:46 INFO  Provision:122 - Elapsed time for provision on luca-DATA-PROD-0004: 15s...
2020-06-15 09:24:51 INFO  SSH:232 - ...configured luca-DATA-PROD-0004
2020-06-15 09:24:51 INFO  SSH:238 - Copying more files to luca-DATA-PROD-0004...
2020-06-15 09:25:05 INFO  SSH:248 - ...copied more files to luca-DATA-PROD-0005
2020-06-15 09:25:05 INFO  SSH:251 - Mounting volumes on luca-DATA-PROD-0005...
2020-06-15 09:25:05 INFO  SSH:248 - ...copied more files to luca-COMPUTE-PROD-0004
2020-06-15 09:25:05 INFO  SSH:251 - Mounting volumes on luca-COMPUTE-PROD-0004...
2020-06-15 09:25:05 INFO  SSH:248 - ...copied more files to luca-COMPUTE-PROD-0006
2020-06-15 09:25:05 INFO  SSH:248 - ...copied more files to luca-DATA-PROD-0002
2020-06-15 09:25:05 INFO  SSH:251 - Mounting volumes on luca-DATA-PROD-0002...
2020-06-15 09:25:05 INFO  SSH:251 - Mounting volumes on luca-COMPUTE-PROD-0006...
2020-06-15 09:25:06 INFO  SSH:248 - ...copied more files to luca-COMPUTE-PROD-0001
2020-06-15 09:25:06 INFO  SSH:251 - Mounting volumes on luca-COMPUTE-PROD-0001...
2020-06-15 09:25:06 INFO  SSH:248 - ...copied more files to luca-DATA-PROD-0001
2020-06-15 09:25:06 INFO  SSH:251 - Mounting volumes on luca-DATA-PROD-0001...
2020-06-15 09:25:06 INFO  SSH:248 - ...copied more files to luca-COMPUTE-PROD-0003
2020-06-15 09:25:06 INFO  SSH:251 - Mounting volumes on luca-COMPUTE-PROD-0003...
2020-06-15 09:25:07 INFO  SSH:248 - ...copied more files to luca-COMPUTE-PROD-0005
2020-06-15 09:25:07 INFO  SSH:251 - Mounting volumes on luca-COMPUTE-PROD-0005...
2020-06-15 09:25:07 INFO  SSH:248 - ...copied more files to luca-DATA-PROD-0003
2020-06-15 09:25:07 INFO  SSH:251 - Mounting volumes on luca-DATA-PROD-0003...
2020-06-15 09:25:09 INFO  SSH:248 - ...copied more files to luca-COMPUTE-PROD-0002
2020-06-15 09:25:09 INFO  SSH:251 - Mounting volumes on luca-COMPUTE-PROD-0002...
2020-06-15 09:25:09 INFO  SSH:263 - ...mounted volumes on luca-DATA-PROD-0002
2020-06-15 09:25:09 INFO  SSH:267 - Installing Docker on luca-DATA-PROD-0002...
2020-06-15 09:25:10 INFO  SSH:263 - ...mounted volumes on luca-DATA-PROD-0005
2020-06-15 09:25:10 INFO  SSH:267 - Installing Docker on luca-DATA-PROD-0005...
2020-06-15 09:25:10 INFO  SSH:263 - ...mounted volumes on luca-COMPUTE-PROD-0001
2020-06-15 09:25:10 INFO  SSH:267 - Installing Docker on luca-COMPUTE-PROD-0001...
2020-06-15 09:25:10 INFO  SSH:263 - ...mounted volumes on luca-COMPUTE-PROD-0003
2020-06-15 09:25:10 INFO  SSH:267 - Installing Docker on luca-COMPUTE-PROD-0003...
2020-06-15 09:25:10 INFO  SSH:248 - ...copied more files to luca-DATA-PROD-0006
2020-06-15 09:25:10 INFO  SSH:251 - Mounting volumes on luca-DATA-PROD-0006...
2020-06-15 09:25:10 INFO  SSH:263 - ...mounted volumes on luca-COMPUTE-PROD-0004
2020-06-15 09:25:10 INFO  SSH:267 - Installing Docker on luca-COMPUTE-PROD-0004...
2020-06-15 09:25:11 INFO  SSH:263 - ...mounted volumes on luca-DATA-PROD-0001
2020-06-15 09:25:11 INFO  SSH:267 - Installing Docker on luca-DATA-PROD-0001...
2020-06-15 09:25:11 INFO  SSH:263 - ...mounted volumes on luca-COMPUTE-PROD-0005
2020-06-15 09:25:11 INFO  SSH:267 - Installing Docker on luca-COMPUTE-PROD-0005...
2020-06-15 09:25:11 INFO  SSH:263 - ...mounted volumes on luca-COMPUTE-PROD-0006
2020-06-15 09:25:11 INFO  SSH:267 - Installing Docker on luca-COMPUTE-PROD-0006...
2020-06-15 09:25:12 INFO  SSH:263 - ...mounted volumes on luca-DATA-PROD-0003
2020-06-15 09:25:12 INFO  SSH:267 - Installing Docker on luca-DATA-PROD-0003...
2020-06-15 09:25:14 INFO  SSH:263 - ...mounted volumes on luca-COMPUTE-PROD-0002
2020-06-15 09:25:14 INFO  SSH:267 - Installing Docker on luca-COMPUTE-PROD-0002...
2020-06-15 09:25:15 INFO  SSH:263 - ...mounted volumes on luca-DATA-PROD-0006
2020-06-15 09:25:15 INFO  SSH:267 - Installing Docker on luca-DATA-PROD-0006...
2020-06-15 09:25:16 INFO  SSH:248 - ...copied more files to luca-DATA-PROD-0004
2020-06-15 09:25:16 INFO  SSH:251 - Mounting volumes on luca-DATA-PROD-0004...
2020-06-15 09:25:20 INFO  SSH:263 - ...mounted volumes on luca-DATA-PROD-0004
2020-06-15 09:25:20 INFO  SSH:267 - Installing Docker on luca-DATA-PROD-0004...
2020-06-15 09:25:28 INFO  Provision:122 - Elapsed time for provision on luca-DATA-PROD-0002: 15s...
2020-06-15 09:25:29 INFO  Provision:122 - Elapsed time for provision on luca-COMPUTE-PROD-0001: 15s...
2020-06-15 09:25:29 INFO  Provision:122 - Elapsed time for provision on luca-COMPUTE-PROD-0004: 15s...
2020-06-15 09:25:29 INFO  Provision:122 - Elapsed time for provision on luca-COMPUTE-PROD-0003: 15s...
2020-06-15 09:25:30 INFO  Provision:122 - Elapsed time for provision on luca-COMPUTE-PROD-0005: 15s...
2020-06-15 09:25:30 INFO  Provision:122 - Elapsed time for provision on luca-DATA-PROD-0001: 15s...
2020-06-15 09:25:30 INFO  Provision:122 - Elapsed time for provision on luca-COMPUTE-PROD-0006: 15s...
2020-06-15 09:25:30 INFO  Provision:122 - Elapsed time for provision on luca-DATA-PROD-0003: 15s...
2020-06-15 09:25:33 INFO  Provision:122 - Elapsed time for provision on luca-COMPUTE-PROD-0002: 15s...
2020-06-15 09:25:34 INFO  Provision:122 - Elapsed time for provision on luca-DATA-PROD-0006: 15s...
2020-06-15 09:25:36 INFO  Provision:122 - Elapsed time for provision on luca-DATA-PROD-0005: 15s...
2020-06-15 09:25:40 INFO  Provision:122 - Elapsed time for provision on luca-DATA-PROD-0004: 15s...
2020-06-15 09:25:43 INFO  Provision:122 - Elapsed time for provision on luca-DATA-PROD-0002: 30s...
2020-06-15 09:25:43 INFO  Provision:122 - Elapsed time for provision on luca-COMPUTE-PROD-0001: 30s...
2020-06-15 09:25:44 INFO  Provision:122 - Elapsed time for provision on luca-COMPUTE-PROD-0004: 30s...
2020-06-15 09:25:44 INFO  Provision:122 - Elapsed time for provision on luca-COMPUTE-PROD-0003: 30s...
2020-06-15 09:25:44 INFO  Provision:122 - Elapsed time for provision on luca-COMPUTE-PROD-0005: 30s...
2020-06-15 09:25:45 INFO  Provision:122 - Elapsed time for provision on luca-DATA-PROD-0001: 30s...
2020-06-15 09:25:45 INFO  Provision:122 - Elapsed time for provision on luca-COMPUTE-PROD-0006: 30s...
2020-06-15 09:25:45 INFO  Provision:122 - Elapsed time for provision on luca-DATA-PROD-0003: 30s...
2020-06-15 09:25:47 INFO  Provision:122 - Elapsed time for provision on luca-COMPUTE-PROD-0002: 30s...
2020-06-15 09:25:49 INFO  Provision:122 - Elapsed time for provision on luca-DATA-PROD-0006: 30s...
2020-06-15 09:25:51 INFO  Provision:122 - Elapsed time for provision on luca-DATA-PROD-0005: 30s...
2020-06-15 09:25:54 INFO  SSH:284 - ...installed Docker on luca-DATA-PROD-0002
2020-06-15 09:25:54 INFO  SSH:288 - Determining host OS of luca-DATA-PROD-0002...
2020-06-15 09:25:54 INFO  SSH:284 - ...installed Docker on luca-COMPUTE-PROD-0004
2020-06-15 09:25:54 INFO  SSH:288 - Determining host OS of luca-COMPUTE-PROD-0004...
2020-06-15 09:25:55 INFO  Provision:122 - Elapsed time for provision on luca-DATA-PROD-0004: 30s...
2020-06-15 09:25:55 INFO  SSH:284 - ...installed Docker on luca-COMPUTE-PROD-0001
2020-06-15 09:25:55 INFO  SSH:288 - Determining host OS of luca-COMPUTE-PROD-0001...
2020-06-15 09:25:56 INFO  SSH:284 - ...installed Docker on luca-COMPUTE-PROD-0006
2020-06-15 09:25:56 INFO  SSH:288 - Determining host OS of luca-COMPUTE-PROD-0006...
2020-06-15 09:25:56 INFO  SSH:284 - ...installed Docker on luca-DATA-PROD-0001
2020-06-15 09:25:56 INFO  SSH:288 - Determining host OS of luca-DATA-PROD-0001...
2020-06-15 09:25:58 INFO  SSH:297 - ...determined host OS of luca-COMPUTE-PROD-0004
2020-06-15 09:25:58 INFO  SSH:317 - Determining local IP address of luca-COMPUTE-PROD-0004...
2020-06-15 09:25:58 INFO  SSH:297 - ...determined host OS of luca-DATA-PROD-0002
2020-06-15 09:25:58 INFO  SSH:317 - Determining local IP address of luca-DATA-PROD-0002...
2020-06-15 09:25:58 INFO  SSH:297 - ...determined host OS of luca-COMPUTE-PROD-0006
2020-06-15 09:25:58 INFO  SSH:317 - Determining local IP address of luca-COMPUTE-PROD-0006...
2020-06-15 09:25:58 INFO  SSH:297 - ...determined host OS of luca-COMPUTE-PROD-0001
2020-06-15 09:25:58 INFO  SSH:317 - Determining local IP address of luca-COMPUTE-PROD-0001...
2020-06-15 09:25:59 INFO  SSH:297 - ...determined host OS of luca-DATA-PROD-0001
2020-06-15 09:25:59 INFO  SSH:317 - Determining local IP address of luca-DATA-PROD-0001...
2020-06-15 09:25:59 INFO  Provision:122 - Elapsed time for provision on luca-COMPUTE-PROD-0003: 45s...
2020-06-15 09:25:59 INFO  SSH:284 - ...installed Docker on luca-COMPUTE-PROD-0005
2020-06-15 09:25:59 INFO  SSH:288 - Determining host OS of luca-COMPUTE-PROD-0005...
2020-06-15 09:26:00 INFO  SSH:284 - ...installed Docker on luca-COMPUTE-PROD-0003
2020-06-15 09:26:00 INFO  SSH:288 - Determining host OS of luca-COMPUTE-PROD-0003...
2020-06-15 09:26:00 INFO  Provision:122 - Elapsed time for provision on luca-DATA-PROD-0003: 45s...
2020-06-15 09:26:01 INFO  SSH:328 - ...determined local IP address of luca-COMPUTE-PROD-0004
2020-06-15 09:26:01 INFO  SSH:328 - ...determined local IP address of luca-COMPUTE-PROD-0001
2020-06-15 09:26:01 INFO  SSH:328 - ...determined local IP address of luca-DATA-PROD-0002
2020-06-15 09:26:01 INFO  SSH:328 - ...determined local IP address of luca-DATA-PROD-0001
2020-06-15 09:26:02 INFO  SSH:328 - ...determined local IP address of luca-COMPUTE-PROD-0006
2020-06-15 09:26:02 INFO  SSH:297 - ...determined host OS of luca-COMPUTE-PROD-0005
2020-06-15 09:26:02 INFO  SSH:317 - Determining local IP address of luca-COMPUTE-PROD-0005...
2020-06-15 09:26:02 INFO  Provision:122 - Elapsed time for provision on luca-COMPUTE-PROD-0002: 45s...
2020-06-15 09:26:03 INFO  SSH:297 - ...determined host OS of luca-COMPUTE-PROD-0003
2020-06-15 09:26:03 INFO  SSH:317 - Determining local IP address of luca-COMPUTE-PROD-0003...
2020-06-15 09:26:04 INFO  Provision:122 - Elapsed time for provision on luca-DATA-PROD-0006: 45s...
2020-06-15 09:26:05 INFO  SSH:328 - ...determined local IP address of luca-COMPUTE-PROD-0005
2020-06-15 09:26:06 INFO  Provision:122 - Elapsed time for provision on luca-DATA-PROD-0005: 45s...
2020-06-15 09:26:06 INFO  SSH:328 - ...determined local IP address of luca-COMPUTE-PROD-0003
2020-06-15 09:26:07 INFO  SSH:284 - ...installed Docker on luca-COMPUTE-PROD-0002
2020-06-15 09:26:07 INFO  SSH:288 - Determining host OS of luca-COMPUTE-PROD-0002...
2020-06-15 09:26:09 INFO  SSH:284 - ...installed Docker on luca-DATA-PROD-0006
2020-06-15 09:26:09 INFO  SSH:288 - Determining host OS of luca-DATA-PROD-0006...
2020-06-15 09:26:10 INFO  Provision:122 - Elapsed time for provision on luca-DATA-PROD-0004: 45s...
2020-06-15 09:26:10 INFO  SSH:284 - ...installed Docker on luca-DATA-PROD-0003
2020-06-15 09:26:10 INFO  SSH:288 - Determining host OS of luca-DATA-PROD-0003...
2020-06-15 09:26:10 INFO  SSH:297 - ...determined host OS of luca-COMPUTE-PROD-0002
2020-06-15 09:26:10 INFO  SSH:317 - Determining local IP address of luca-COMPUTE-PROD-0002...
2020-06-15 09:26:11 INFO  SSH:284 - ...installed Docker on luca-DATA-PROD-0005
2020-06-15 09:26:11 INFO  SSH:288 - Determining host OS of luca-DATA-PROD-0005...
2020-06-15 09:26:12 INFO  SSH:297 - ...determined host OS of luca-DATA-PROD-0006
2020-06-15 09:26:12 INFO  SSH:317 - Determining local IP address of luca-DATA-PROD-0006...
2020-06-15 09:26:13 INFO  SSH:284 - ...installed Docker on luca-DATA-PROD-0004
2020-06-15 09:26:13 INFO  SSH:288 - Determining host OS of luca-DATA-PROD-0004...
2020-06-15 09:26:13 INFO  SSH:328 - ...determined local IP address of luca-COMPUTE-PROD-0002
2020-06-15 09:26:13 INFO  SSH:297 - ...determined host OS of luca-DATA-PROD-0003
2020-06-15 09:26:13 INFO  SSH:317 - Determining local IP address of luca-DATA-PROD-0003...
2020-06-15 09:26:14 INFO  SSH:297 - ...determined host OS of luca-DATA-PROD-0005
2020-06-15 09:26:14 INFO  SSH:317 - Determining local IP address of luca-DATA-PROD-0005...
2020-06-15 09:26:15 INFO  SSH:328 - ...determined local IP address of luca-DATA-PROD-0006
2020-06-15 09:26:16 INFO  SSH:297 - ...determined host OS of luca-DATA-PROD-0004
2020-06-15 09:26:16 INFO  SSH:317 - Determining local IP address of luca-DATA-PROD-0004...
2020-06-15 09:26:16 INFO  SSH:328 - ...determined local IP address of luca-DATA-PROD-0003
2020-06-15 09:26:17 INFO  SSH:328 - ...determined local IP address of luca-DATA-PROD-0005
2020-06-15 09:26:19 INFO  SSH:328 - ...determined local IP address of luca-DATA-PROD-0004
2020-06-15 09:26:19 INFO  SSH:691 - Installing Weave Net on luca-COMPUTE-PROD-0001...
2020-06-15 09:26:19 INFO  SSH:691 - Installing Weave Net on luca-COMPUTE-PROD-0002...
2020-06-15 09:26:19 INFO  SSH:691 - Installing Weave Net on luca-COMPUTE-PROD-0003...
2020-06-15 09:26:19 INFO  SSH:691 - Installing Weave Net on luca-COMPUTE-PROD-0004...
2020-06-15 09:26:19 INFO  SSH:691 - Installing Weave Net on luca-COMPUTE-PROD-0005...
2020-06-15 09:26:19 INFO  SSH:691 - Installing Weave Net on luca-COMPUTE-PROD-0006...
2020-06-15 09:26:19 INFO  SSH:691 - Installing Weave Net on luca-DATA-PROD-0001...
2020-06-15 09:26:19 INFO  SSH:691 - Installing Weave Net on luca-DATA-PROD-0002...
2020-06-15 09:26:19 INFO  SSH:691 - Installing Weave Net on luca-DATA-PROD-0003...
2020-06-15 09:26:19 INFO  SSH:691 - Installing Weave Net on luca-DATA-PROD-0004...
2020-06-15 09:26:19 INFO  SSH:691 - Installing Weave Net on luca-DATA-PROD-0005...
2020-06-15 09:26:19 INFO  SSH:691 - Installing Weave Net on luca-DATA-PROD-0006...
2020-06-15 09:26:34 INFO  Provision:122 - Elapsed time for weave on luca-COMPUTE-PROD-0002: 15s...
2020-06-15 09:26:34 INFO  Provision:122 - Elapsed time for weave on luca-COMPUTE-PROD-0001: 15s...
2020-06-15 09:26:34 INFO  Provision:122 - Elapsed time for weave on luca-COMPUTE-PROD-0004: 15s...
2020-06-15 09:26:34 INFO  Provision:122 - Elapsed time for weave on luca-COMPUTE-PROD-0003: 15s...
2020-06-15 09:26:34 INFO  Provision:122 - Elapsed time for weave on luca-COMPUTE-PROD-0005: 15s...
2020-06-15 09:26:34 INFO  Provision:122 - Elapsed time for weave on luca-COMPUTE-PROD-0006: 15s...
2020-06-15 09:26:34 INFO  Provision:122 - Elapsed time for weave on luca-DATA-PROD-0001: 15s...
2020-06-15 09:26:34 INFO  Provision:122 - Elapsed time for weave on luca-DATA-PROD-0003: 15s...
2020-06-15 09:26:34 INFO  Provision:122 - Elapsed time for weave on luca-DATA-PROD-0002: 15s...
2020-06-15 09:26:34 INFO  Provision:122 - Elapsed time for weave on luca-DATA-PROD-0004: 15s...
2020-06-15 09:26:34 INFO  Provision:122 - Elapsed time for weave on luca-DATA-PROD-0005: 15s...
2020-06-15 09:26:34 INFO  Provision:122 - Elapsed time for weave on luca-DATA-PROD-0006: 15s...
2020-06-15 09:26:37 INFO  SSH:696 - ...installed Weave Net on luca-DATA-PROD-0002
2020-06-15 09:26:37 INFO  SSH:700 - Collecting Weave info for luca-DATA-PROD-0002...
2020-06-15 09:26:37 INFO  SSH:696 - ...installed Weave Net on luca-DATA-PROD-0001
2020-06-15 09:26:37 INFO  SSH:700 - Collecting Weave info for luca-DATA-PROD-0001...
2020-06-15 09:26:37 INFO  SSH:696 - ...installed Weave Net on luca-COMPUTE-PROD-0006
2020-06-15 09:26:37 INFO  SSH:700 - Collecting Weave info for luca-COMPUTE-PROD-0006...
2020-06-15 09:26:38 INFO  SSH:696 - ...installed Weave Net on luca-DATA-PROD-0003
2020-06-15 09:26:38 INFO  SSH:700 - Collecting Weave info for luca-DATA-PROD-0003...
2020-06-15 09:26:38 INFO  SSH:696 - ...installed Weave Net on luca-COMPUTE-PROD-0004
2020-06-15 09:26:38 INFO  SSH:700 - Collecting Weave info for luca-COMPUTE-PROD-0004...
2020-06-15 09:26:38 INFO  SSH:696 - ...installed Weave Net on luca-COMPUTE-PROD-0003
2020-06-15 09:26:38 INFO  SSH:700 - Collecting Weave info for luca-COMPUTE-PROD-0003...
2020-06-15 09:26:40 INFO  SSH:708 - ...collected Weave info for luca-DATA-PROD-0002
2020-06-15 09:26:40 INFO  SSH:696 - ...installed Weave Net on luca-COMPUTE-PROD-0001
2020-06-15 09:26:40 INFO  SSH:700 - Collecting Weave info for luca-COMPUTE-PROD-0001...
2020-06-15 09:26:40 INFO  SSH:708 - ...collected Weave info for luca-DATA-PROD-0001
2020-06-15 09:26:40 INFO  SSH:696 - ...installed Weave Net on luca-DATA-PROD-0005
2020-06-15 09:26:40 INFO  SSH:700 - Collecting Weave info for luca-DATA-PROD-0005...
2020-06-15 09:26:41 INFO  SSH:696 - ...installed Weave Net on luca-COMPUTE-PROD-0002
2020-06-15 09:26:41 INFO  SSH:700 - Collecting Weave info for luca-COMPUTE-PROD-0002...
2020-06-15 09:26:41 INFO  SSH:708 - ...collected Weave info for luca-COMPUTE-PROD-0006
2020-06-15 09:26:41 INFO  SSH:708 - ...collected Weave info for luca-DATA-PROD-0003
2020-06-15 09:26:41 INFO  SSH:708 - ...collected Weave info for luca-COMPUTE-PROD-0004
2020-06-15 09:26:42 INFO  SSH:708 - ...collected Weave info for luca-COMPUTE-PROD-0003
2020-06-15 09:26:42 INFO  SSH:696 - ...installed Weave Net on luca-DATA-PROD-0006
2020-06-15 09:26:42 INFO  SSH:700 - Collecting Weave info for luca-DATA-PROD-0006...
2020-06-15 09:26:42 INFO  SSH:696 - ...installed Weave Net on luca-COMPUTE-PROD-0005
2020-06-15 09:26:42 INFO  SSH:700 - Collecting Weave info for luca-COMPUTE-PROD-0005...
2020-06-15 09:26:43 INFO  SSH:708 - ...collected Weave info for luca-COMPUTE-PROD-0001
2020-06-15 09:26:44 INFO  SSH:696 - ...installed Weave Net on luca-DATA-PROD-0004
2020-06-15 09:26:44 INFO  SSH:700 - Collecting Weave info for luca-DATA-PROD-0004...
2020-06-15 09:26:44 INFO  SSH:708 - ...collected Weave info for luca-DATA-PROD-0005
2020-06-15 09:26:44 INFO  SSH:708 - ...collected Weave info for luca-COMPUTE-PROD-0002
2020-06-15 09:26:46 INFO  SSH:708 - ...collected Weave info for luca-DATA-PROD-0006
2020-06-15 09:26:46 INFO  SSH:708 - ...collected Weave info for luca-COMPUTE-PROD-0005
2020-06-15 09:26:47 INFO  SSH:708 - ...collected Weave info for luca-DATA-PROD-0004
2020-06-15 09:26:47 INFO  Provision:561 - Machine                        IP Address       DNS Name                                 Provider Region     Zone
2020-06-15 09:26:47 INFO  Provision:562 - -------                        ----------       --------                                 -------- ------     ----
2020-06-15 09:26:47 INFO  Provision:609 - luca-COMPUTE-PROD-0001         35.178.211.162   ec2-35-178-211-162.eu-west-2.compute.ama AWS      eu-west-2  a    
2020-06-15 09:26:47 INFO  Provision:609 - luca-COMPUTE-PROD-0002         18.130.102.250   ec2-18-130-102-250.eu-west-2.compute.ama AWS      eu-west-2  a    
2020-06-15 09:26:47 INFO  Provision:609 - luca-COMPUTE-PROD-0003         3.10.21.40       ec2-3-10-21-40.eu-west-2.compute.amazona AWS      eu-west-2  a    
2020-06-15 09:26:47 INFO  Provision:609 - luca-COMPUTE-PROD-0004         35.176.35.198    ec2-35-176-35-198.eu-west-2.compute.amaz AWS      eu-west-2  a    
2020-06-15 09:26:47 INFO  Provision:609 - luca-COMPUTE-PROD-0005         18.132.198.2     ec2-18-132-198-2.eu-west-2.compute.amazo AWS      eu-west-2  a    
2020-06-15 09:26:47 INFO  Provision:609 - luca-COMPUTE-PROD-0006         3.8.114.108      ec2-3-8-114-108.eu-west-2.compute.amazon AWS      eu-west-2  a    
2020-06-15 09:26:47 INFO  Provision:609 - luca-DATA-PROD-0001            52.56.141.47     ec2-52-56-141-47.eu-west-2.compute.amazo AWS      eu-west-2  a    
2020-06-15 09:26:47 INFO  Provision:609 - luca-DATA-PROD-0002            3.8.144.196      ec2-3-8-144-196.eu-west-2.compute.amazon AWS      eu-west-2  a    
2020-06-15 09:26:47 INFO  Provision:609 - luca-DATA-PROD-0003            3.9.19.254       ec2-3-9-19-254.eu-west-2.compute.amazona AWS      eu-west-2  a    
2020-06-15 09:26:47 INFO  Provision:609 - luca-DATA-PROD-0004            18.132.47.5      ec2-18-132-47-5.eu-west-2.compute.amazon AWS      eu-west-2  a    
2020-06-15 09:26:47 INFO  Provision:609 - luca-DATA-PROD-0005            3.8.101.6        ec2-3-8-101-6.eu-west-2.compute.amazonaw AWS      eu-west-2  a    
2020-06-15 09:26:47 INFO  Provision:609 - luca-DATA-PROD-0006            35.176.164.180   ec2-35-176-164-180.eu-west-2.compute.ama AWS      eu-west-2  a    
2020-06-15 09:26:47 INFO  Provision:486 - To destroy: icm unprovision -stateDir state [-cleanUp] [-force]
2020-06-15 09:38:34 DEBUG Provision:1065 - run
2020-06-15 09:38:34 INFO  Docker:414 - Executing command 'docker login' on luca-COMPUTE-PROD-0001...
2020-06-15 09:38:34 INFO  Docker:414 - Executing command 'docker login' on luca-COMPUTE-PROD-0002...
2020-06-15 09:38:34 INFO  Docker:414 - Executing command 'docker login' on luca-COMPUTE-PROD-0003...
2020-06-15 09:38:34 INFO  Docker:414 - Executing command 'docker login' on luca-COMPUTE-PROD-0004...
2020-06-15 09:38:34 INFO  Docker:414 - Executing command 'docker login' on luca-COMPUTE-PROD-0005...
2020-06-15 09:38:34 INFO  Docker:414 - Executing command 'docker login' on luca-COMPUTE-PROD-0006...
2020-06-15 09:38:34 INFO  Docker:414 - Executing command 'docker login' on luca-DATA-PROD-0001...
2020-06-15 09:38:34 INFO  Docker:414 - Executing command 'docker login' on luca-DATA-PROD-0002...
2020-06-15 09:38:34 INFO  Docker:414 - Executing command 'docker login' on luca-DATA-PROD-0003...
2020-06-15 09:38:34 INFO  Docker:414 - Executing command 'docker login' on luca-DATA-PROD-0004...
2020-06-15 09:38:34 INFO  Docker:414 - Executing command 'docker login' on luca-DATA-PROD-0005...
2020-06-15 09:38:34 INFO  Docker:414 - Executing command 'docker login' on luca-DATA-PROD-0006...
2020-06-15 09:38:37 INFO  Docker:553 - ...output in /AWS5-Prod/state/luca-COMPUTE-PROD/luca-COMPUTE-PROD-0001/docker.out
2020-06-15 09:38:37 INFO  Docker:553 - ...output in /AWS5-Prod/state/luca-COMPUTE-PROD/luca-COMPUTE-PROD-0004/docker.out
2020-06-15 09:38:37 INFO  Docker:553 - ...output in /AWS5-Prod/state/luca-DATA-PROD/luca-DATA-PROD-0005/docker.out
2020-06-15 09:38:37 INFO  Docker:553 - ...output in /AWS5-Prod/state/luca-COMPUTE-PROD/luca-COMPUTE-PROD-0002/docker.out
2020-06-15 09:38:37 INFO  Docker:553 - ...output in /AWS5-Prod/state/luca-DATA-PROD/luca-DATA-PROD-0002/docker.out
2020-06-15 09:38:37 INFO  Docker:553 - ...output in /AWS5-Prod/state/luca-DATA-PROD/luca-DATA-PROD-0006/docker.out
2020-06-15 09:38:37 INFO  Docker:553 - ...output in /AWS5-Prod/state/luca-DATA-PROD/luca-DATA-PROD-0003/docker.out
2020-06-15 09:38:37 INFO  Docker:553 - ...output in /AWS5-Prod/state/luca-COMPUTE-PROD/luca-COMPUTE-PROD-0005/docker.out
2020-06-15 09:38:37 INFO  Docker:553 - ...output in /AWS5-Prod/state/luca-COMPUTE-PROD/luca-COMPUTE-PROD-0006/docker.out
2020-06-15 09:38:37 INFO  Docker:553 - ...output in /AWS5-Prod/state/luca-DATA-PROD/luca-DATA-PROD-0001/docker.out
2020-06-15 09:38:37 INFO  Docker:553 - ...output in /AWS5-Prod/state/luca-COMPUTE-PROD/luca-COMPUTE-PROD-0003/docker.out
2020-06-15 09:38:37 INFO  Docker:553 - ...output in /AWS5-Prod/state/luca-DATA-PROD/luca-DATA-PROD-0004/docker.out
2020-06-15 09:38:37 INFO  Docker:389 - Pulling image intersystems/iris:2020.3.0XDBC.132.0 on luca-COMPUTE-PROD-0001 ...
2020-06-15 09:38:37 INFO  Docker:389 - Pulling image intersystems/iris:2020.3.0XDBC.132.0 on luca-COMPUTE-PROD-0002 ...
2020-06-15 09:38:37 INFO  Docker:389 - Pulling image intersystems/iris:2020.3.0XDBC.132.0 on luca-COMPUTE-PROD-0003 ...
2020-06-15 09:38:37 INFO  Docker:389 - Pulling image intersystems/iris:2020.3.0XDBC.132.0 on luca-COMPUTE-PROD-0004 ...
2020-06-15 09:38:37 INFO  Docker:389 - Pulling image intersystems/iris:2020.3.0XDBC.132.0 on luca-COMPUTE-PROD-0005 ...
2020-06-15 09:38:37 INFO  Docker:389 - Pulling image intersystems/iris:2020.3.0XDBC.132.0 on luca-COMPUTE-PROD-0006 ...
2020-06-15 09:38:37 INFO  Docker:389 - Pulling image intersystems/iris:2020.3.0XDBC.132.0 on luca-DATA-PROD-0001 ...
2020-06-15 09:38:37 INFO  Docker:389 - Pulling image intersystems/iris:2020.3.0XDBC.132.0 on luca-DATA-PROD-0002 ...
2020-06-15 09:38:37 INFO  Docker:389 - Pulling image intersystems/iris:2020.3.0XDBC.132.0 on luca-DATA-PROD-0003 ...
2020-06-15 09:38:37 INFO  Docker:389 - Pulling image intersystems/iris:2020.3.0XDBC.132.0 on luca-DATA-PROD-0004 ...
2020-06-15 09:38:37 INFO  Docker:389 - Pulling image intersystems/iris:2020.3.0XDBC.132.0 on luca-DATA-PROD-0005 ...
2020-06-15 09:38:37 INFO  Docker:389 - Pulling image intersystems/iris:2020.3.0XDBC.132.0 on luca-DATA-PROD-0006 ...
2020-06-15 09:38:52 INFO  Provision:122 - Elapsed time for pull on luca-COMPUTE-PROD-0001: 15s...
2020-06-15 09:38:52 INFO  Provision:122 - Elapsed time for pull on luca-COMPUTE-PROD-0002: 15s...
2020-06-15 09:38:52 INFO  Provision:122 - Elapsed time for pull on luca-COMPUTE-PROD-0003: 15s...
2020-06-15 09:38:52 INFO  Provision:122 - Elapsed time for pull on luca-COMPUTE-PROD-0004: 15s...
2020-06-15 09:38:52 INFO  Provision:122 - Elapsed time for pull on luca-COMPUTE-PROD-0005: 15s...
2020-06-15 09:38:52 INFO  Provision:122 - Elapsed time for pull on luca-COMPUTE-PROD-0006: 15s...
2020-06-15 09:38:52 INFO  Provision:122 - Elapsed time for pull on luca-DATA-PROD-0001: 15s...
2020-06-15 09:38:52 INFO  Provision:122 - Elapsed time for pull on luca-DATA-PROD-0002: 15s...
2020-06-15 09:38:52 INFO  Provision:122 - Elapsed time for pull on luca-DATA-PROD-0003: 15s...
2020-06-15 09:38:52 INFO  Provision:122 - Elapsed time for pull on luca-DATA-PROD-0005: 15s...
2020-06-15 09:38:52 INFO  Provision:122 - Elapsed time for pull on luca-DATA-PROD-0004: 15s...
2020-06-15 09:38:52 INFO  Provision:122 - Elapsed time for pull on luca-DATA-PROD-0006: 15s...
2020-06-15 09:39:07 INFO  Provision:122 - Elapsed time for pull on luca-COMPUTE-PROD-0001: 30s...
2020-06-15 09:39:07 INFO  Provision:122 - Elapsed time for pull on luca-COMPUTE-PROD-0002: 30s...
2020-06-15 09:39:07 INFO  Provision:122 - Elapsed time for pull on luca-COMPUTE-PROD-0003: 30s...
2020-06-15 09:39:07 INFO  Provision:122 - Elapsed time for pull on luca-COMPUTE-PROD-0004: 30s...
2020-06-15 09:39:07 INFO  Provision:122 - Elapsed time for pull on luca-COMPUTE-PROD-0005: 30s...
2020-06-15 09:39:07 INFO  Provision:122 - Elapsed time for pull on luca-COMPUTE-PROD-0006: 30s...
2020-06-15 09:39:07 INFO  Provision:122 - Elapsed time for pull on luca-DATA-PROD-0001: 30s...
2020-06-15 09:39:07 INFO  Provision:122 - Elapsed time for pull on luca-DATA-PROD-0002: 30s...
2020-06-15 09:39:07 INFO  Provision:122 - Elapsed time for pull on luca-DATA-PROD-0003: 30s...
2020-06-15 09:39:07 INFO  Provision:122 - Elapsed time for pull on luca-DATA-PROD-0005: 30s...
2020-06-15 09:39:07 INFO  Provision:122 - Elapsed time for pull on luca-DATA-PROD-0004: 30s...
2020-06-15 09:39:07 INFO  Provision:122 - Elapsed time for pull on luca-DATA-PROD-0006: 30s...
2020-06-15 09:39:14 INFO  Docker:534 - ...pulled image intersystems/iris:2020.3.0XDBC.132.0 on luca-DATA-PROD-0003
2020-06-15 09:39:17 INFO  Docker:534 - ...pulled image intersystems/iris:2020.3.0XDBC.132.0 on luca-COMPUTE-PROD-0005
2020-06-15 09:39:18 INFO  Docker:534 - ...pulled image intersystems/iris:2020.3.0XDBC.132.0 on luca-DATA-PROD-0006
2020-06-15 09:39:18 INFO  Docker:534 - ...pulled image intersystems/iris:2020.3.0XDBC.132.0 on luca-COMPUTE-PROD-0003
2020-06-15 09:39:18 INFO  Docker:534 - ...pulled image intersystems/iris:2020.3.0XDBC.132.0 on luca-DATA-PROD-0004
2020-06-15 09:39:19 INFO  Docker:534 - ...pulled image intersystems/iris:2020.3.0XDBC.132.0 on luca-COMPUTE-PROD-0004
2020-06-15 09:39:20 INFO  Docker:534 - ...pulled image intersystems/iris:2020.3.0XDBC.132.0 on luca-DATA-PROD-0005
2020-06-15 09:39:20 INFO  Docker:534 - ...pulled image intersystems/iris:2020.3.0XDBC.132.0 on luca-DATA-PROD-0002
2020-06-15 09:39:20 INFO  Docker:534 - ...pulled image intersystems/iris:2020.3.0XDBC.132.0 on luca-COMPUTE-PROD-0006
2020-06-15 09:39:20 INFO  Docker:534 - ...pulled image intersystems/iris:2020.3.0XDBC.132.0 on luca-COMPUTE-PROD-0001
2020-06-15 09:39:20 INFO  Docker:534 - ...pulled image intersystems/iris:2020.3.0XDBC.132.0 on luca-DATA-PROD-0001
2020-06-15 09:39:20 INFO  Docker:534 - ...pulled image intersystems/iris:2020.3.0XDBC.132.0 on luca-COMPUTE-PROD-0002
2020-06-15 09:39:20 INFO  Docker:395 - Stopping container iris on luca-COMPUTE-PROD-0001...
2020-06-15 09:39:20 INFO  Docker:395 - Stopping container iris on luca-COMPUTE-PROD-0002...
2020-06-15 09:39:20 INFO  Docker:395 - Stopping container iris on luca-COMPUTE-PROD-0003...
2020-06-15 09:39:20 INFO  Docker:395 - Stopping container iris on luca-COMPUTE-PROD-0004...
2020-06-15 09:39:20 INFO  Docker:395 - Stopping container iris on luca-COMPUTE-PROD-0005...
2020-06-15 09:39:20 INFO  Docker:395 - Stopping container iris on luca-COMPUTE-PROD-0006...
2020-06-15 09:39:20 INFO  Docker:395 - Stopping container iris on luca-DATA-PROD-0001...
2020-06-15 09:39:20 INFO  Docker:395 - Stopping container iris on luca-DATA-PROD-0002...
2020-06-15 09:39:20 INFO  Docker:395 - Stopping container iris on luca-DATA-PROD-0003...
2020-06-15 09:39:20 INFO  Docker:395 - Stopping container iris on luca-DATA-PROD-0004...
2020-06-15 09:39:20 INFO  Docker:395 - Stopping container iris on luca-DATA-PROD-0005...
2020-06-15 09:39:20 INFO  Docker:395 - Stopping container iris on luca-DATA-PROD-0006...
2020-06-15 09:39:21 INFO  Docker:538 - ...completed stop of container iris on luca-DATA-PROD-0002
2020-06-15 09:39:21 INFO  Docker:538 - ...completed stop of container iris on luca-COMPUTE-PROD-0003
2020-06-15 09:39:21 INFO  Docker:538 - ...completed stop of container iris on luca-COMPUTE-PROD-0006
2020-06-15 09:39:21 INFO  Docker:538 - ...completed stop of container iris on luca-DATA-PROD-0005
2020-06-15 09:39:21 INFO  Docker:538 - ...completed stop of container iris on luca-COMPUTE-PROD-0001
2020-06-15 09:39:21 INFO  Docker:538 - ...completed stop of container iris on luca-COMPUTE-PROD-0004
2020-06-15 09:39:21 INFO  Docker:538 - ...completed stop of container iris on luca-DATA-PROD-0003
2020-06-15 09:39:21 INFO  Docker:538 - ...completed stop of container iris on luca-DATA-PROD-0001
2020-06-15 09:39:21 INFO  Docker:538 - ...completed stop of container iris on luca-COMPUTE-PROD-0002
2020-06-15 09:39:21 INFO  Docker:538 - ...completed stop of container iris on luca-DATA-PROD-0006
2020-06-15 09:39:21 INFO  Docker:538 - ...completed stop of container iris on luca-COMPUTE-PROD-0005
2020-06-15 09:39:21 INFO  Docker:538 - ...completed stop of container iris on luca-DATA-PROD-0004
2020-06-15 09:39:21 INFO  Docker:401 - Removing container iris on luca-COMPUTE-PROD-0001...
2020-06-15 09:39:21 INFO  Docker:401 - Removing container iris on luca-COMPUTE-PROD-0002...
2020-06-15 09:39:21 INFO  Docker:401 - Removing container iris on luca-COMPUTE-PROD-0003...
2020-06-15 09:39:22 INFO  Docker:401 - Removing container iris on luca-COMPUTE-PROD-0004...
2020-06-15 09:39:22 INFO  Docker:401 - Removing container iris on luca-COMPUTE-PROD-0005...
2020-06-15 09:39:22 INFO  Docker:401 - Removing container iris on luca-COMPUTE-PROD-0006...
2020-06-15 09:39:22 INFO  Docker:401 - Removing container iris on luca-DATA-PROD-0001...
2020-06-15 09:39:22 INFO  Docker:401 - Removing container iris on luca-DATA-PROD-0002...
2020-06-15 09:39:22 INFO  Docker:401 - Removing container iris on luca-DATA-PROD-0003...
2020-06-15 09:39:22 INFO  Docker:401 - Removing container iris on luca-DATA-PROD-0004...
2020-06-15 09:39:22 INFO  Docker:401 - Removing container iris on luca-DATA-PROD-0005...
2020-06-15 09:39:22 INFO  Docker:401 - Removing container iris on luca-DATA-PROD-0006...
2020-06-15 09:39:23 INFO  Docker:544 - ...removed container iris on luca-COMPUTE-PROD-0004
2020-06-15 09:39:23 INFO  Docker:544 - ...removed container iris on luca-DATA-PROD-0005
2020-06-15 09:39:23 INFO  Docker:544 - ...removed container iris on luca-COMPUTE-PROD-0005
2020-06-15 09:39:23 INFO  Docker:544 - ...removed container iris on luca-DATA-PROD-0001
2020-06-15 09:39:23 INFO  Docker:544 - ...removed container iris on luca-COMPUTE-PROD-0006
2020-06-15 09:39:23 INFO  Docker:544 - ...removed container iris on luca-DATA-PROD-0002
2020-06-15 09:39:23 INFO  Docker:544 - ...removed container iris on luca-DATA-PROD-0004
2020-06-15 09:39:23 INFO  Docker:544 - ...removed container iris on luca-COMPUTE-PROD-0001
2020-06-15 09:39:23 INFO  Docker:544 - ...removed container iris on luca-COMPUTE-PROD-0002
2020-06-15 09:39:23 INFO  Docker:544 - ...removed container iris on luca-DATA-PROD-0006
2020-06-15 09:39:23 INFO  Docker:544 - ...removed container iris on luca-DATA-PROD-0003
2020-06-15 09:39:23 INFO  Docker:544 - ...removed container iris on luca-COMPUTE-PROD-0003
2020-06-15 09:39:23 INFO  Docker:465 - Inspecting docker image intersystems/iris:2020.3.0XDBC.132.0 on luca-COMPUTE-PROD-0001...
2020-06-15 09:39:23 INFO  Docker:465 - Inspecting docker image intersystems/iris:2020.3.0XDBC.132.0 on luca-COMPUTE-PROD-0002...
2020-06-15 09:39:23 INFO  Docker:465 - Inspecting docker image intersystems/iris:2020.3.0XDBC.132.0 on luca-COMPUTE-PROD-0003...
2020-06-15 09:39:23 INFO  Docker:465 - Inspecting docker image intersystems/iris:2020.3.0XDBC.132.0 on luca-COMPUTE-PROD-0004...
2020-06-15 09:39:23 INFO  Docker:465 - Inspecting docker image intersystems/iris:2020.3.0XDBC.132.0 on luca-COMPUTE-PROD-0005...
2020-06-15 09:39:23 INFO  Docker:465 - Inspecting docker image intersystems/iris:2020.3.0XDBC.132.0 on luca-COMPUTE-PROD-0006...
2020-06-15 09:39:23 INFO  Docker:465 - Inspecting docker image intersystems/iris:2020.3.0XDBC.132.0 on luca-DATA-PROD-0001...
2020-06-15 09:39:23 INFO  Docker:465 - Inspecting docker image intersystems/iris:2020.3.0XDBC.132.0 on luca-DATA-PROD-0002...
2020-06-15 09:39:23 INFO  Docker:465 - Inspecting docker image intersystems/iris:2020.3.0XDBC.132.0 on luca-DATA-PROD-0003...
2020-06-15 09:39:23 INFO  Docker:465 - Inspecting docker image intersystems/iris:2020.3.0XDBC.132.0 on luca-DATA-PROD-0004...
2020-06-15 09:39:23 INFO  Docker:465 - Inspecting docker image intersystems/iris:2020.3.0XDBC.132.0 on luca-DATA-PROD-0005...
2020-06-15 09:39:23 INFO  Docker:465 - Inspecting docker image intersystems/iris:2020.3.0XDBC.132.0 on luca-DATA-PROD-0006...
2020-06-15 09:39:24 INFO  Docker:598 - ...inspected docker image intersystems/iris:2020.3.0XDBC.132.0 on luca-COMPUTE-PROD-0003
2020-06-15 09:39:24 INFO  Docker:598 - ...inspected docker image intersystems/iris:2020.3.0XDBC.132.0 on luca-DATA-PROD-0003
2020-06-15 09:39:24 INFO  Docker:598 - ...inspected docker image intersystems/iris:2020.3.0XDBC.132.0 on luca-COMPUTE-PROD-0006
2020-06-15 09:39:24 INFO  Docker:598 - ...inspected docker image intersystems/iris:2020.3.0XDBC.132.0 on luca-DATA-PROD-0001
2020-06-15 09:39:24 INFO  Docker:598 - ...inspected docker image intersystems/iris:2020.3.0XDBC.132.0 on luca-DATA-PROD-0002
2020-06-15 09:39:24 INFO  Docker:598 - ...inspected docker image intersystems/iris:2020.3.0XDBC.132.0 on luca-DATA-PROD-0006
2020-06-15 09:39:24 INFO  Docker:598 - ...inspected docker image intersystems/iris:2020.3.0XDBC.132.0 on luca-COMPUTE-PROD-0001
2020-06-15 09:39:24 INFO  Docker:598 - ...inspected docker image intersystems/iris:2020.3.0XDBC.132.0 on luca-COMPUTE-PROD-0005
2020-06-15 09:39:24 INFO  Docker:598 - ...inspected docker image intersystems/iris:2020.3.0XDBC.132.0 on luca-DATA-PROD-0004
2020-06-15 09:39:24 INFO  Docker:598 - ...inspected docker image intersystems/iris:2020.3.0XDBC.132.0 on luca-COMPUTE-PROD-0002
2020-06-15 09:39:24 INFO  Docker:598 - ...inspected docker image intersystems/iris:2020.3.0XDBC.132.0 on luca-COMPUTE-PROD-0004
2020-06-15 09:39:24 INFO  Docker:598 - ...inspected docker image intersystems/iris:2020.3.0XDBC.132.0 on luca-DATA-PROD-0005
2020-06-15 09:39:24 INFO  Docker:398 - Creating container iris on luca-COMPUTE-PROD-0001...
2020-06-15 09:39:24 INFO  Docker:398 - Creating container iris on luca-COMPUTE-PROD-0002...
2020-06-15 09:39:24 INFO  Docker:398 - Creating container iris on luca-COMPUTE-PROD-0003...
2020-06-15 09:39:24 INFO  Docker:398 - Creating container iris on luca-COMPUTE-PROD-0004...
2020-06-15 09:39:24 INFO  Docker:398 - Creating container iris on luca-COMPUTE-PROD-0005...
2020-06-15 09:39:24 INFO  Docker:398 - Creating container iris on luca-COMPUTE-PROD-0006...
2020-06-15 09:39:24 INFO  Docker:398 - Creating container iris on luca-DATA-PROD-0001...
2020-06-15 09:39:24 INFO  Docker:398 - Creating container iris on luca-DATA-PROD-0002...
2020-06-15 09:39:24 INFO  Docker:398 - Creating container iris on luca-DATA-PROD-0003...
2020-06-15 09:39:24 INFO  Docker:398 - Creating container iris on luca-DATA-PROD-0004...
2020-06-15 09:39:24 INFO  Docker:398 - Creating container iris on luca-DATA-PROD-0005...
2020-06-15 09:39:24 INFO  Docker:398 - Creating container iris on luca-DATA-PROD-0006...
2020-06-15 09:39:26 INFO  Docker:541 - ...created container iris on luca-DATA-PROD-0003
2020-06-15 09:39:26 INFO  Docker:541 - ...created container iris on luca-DATA-PROD-0004
2020-06-15 09:39:26 INFO  Docker:541 - ...created container iris on luca-COMPUTE-PROD-0005
2020-06-15 09:39:26 INFO  Docker:541 - ...created container iris on luca-DATA-PROD-0001
2020-06-15 09:39:26 INFO  Docker:541 - ...created container iris on luca-DATA-PROD-0002
2020-06-15 09:39:26 INFO  Docker:541 - ...created container iris on luca-COMPUTE-PROD-0001
2020-06-15 09:39:26 INFO  Docker:541 - ...created container iris on luca-COMPUTE-PROD-0004
2020-06-15 09:39:26 INFO  Docker:541 - ...created container iris on luca-COMPUTE-PROD-0003
2020-06-15 09:39:26 INFO  Docker:541 - ...created container iris on luca-DATA-PROD-0006
2020-06-15 09:39:27 INFO  Docker:541 - ...created container iris on luca-DATA-PROD-0005
2020-06-15 09:39:27 INFO  Docker:541 - ...created container iris on luca-COMPUTE-PROD-0006
2020-06-15 09:39:33 INFO  Docker:541 - ...created container iris on luca-COMPUTE-PROD-0002
2020-06-15 09:39:33 INFO  SSH:402 - Copying license directory ./ikey/ to luca-DATA-PROD-0001...
2020-06-15 09:39:33 INFO  SSH:480 - Copying CPF deltas to luca-COMPUTE-PROD-0004...
2020-06-15 09:39:33 INFO  SSH:480 - Copying CPF deltas to luca-COMPUTE-PROD-0005...
2020-06-15 09:39:33 INFO  SSH:480 - Copying CPF deltas to luca-DATA-PROD-0002...
2020-06-15 09:39:33 INFO  SSH:480 - Copying CPF deltas to luca-DATA-PROD-0006...
2020-06-15 09:39:33 INFO  SSH:480 - Copying CPF deltas to luca-COMPUTE-PROD-0002...
2020-06-15 09:39:33 INFO  SSH:480 - Copying CPF deltas to luca-DATA-PROD-0003...
2020-06-15 09:39:33 INFO  SSH:480 - Copying CPF deltas to luca-COMPUTE-PROD-0001...
2020-06-15 09:39:33 INFO  SSH:480 - Copying CPF deltas to luca-DATA-PROD-0004...
2020-06-15 09:39:33 INFO  SSH:480 - Copying CPF deltas to luca-COMPUTE-PROD-0006...
2020-06-15 09:39:33 INFO  SSH:480 - Copying CPF deltas to luca-DATA-PROD-0005...
2020-06-15 09:39:33 INFO  SSH:480 - Copying CPF deltas to luca-COMPUTE-PROD-0003...
2020-06-15 09:39:39 INFO  SSH:485 - ...copied CPF deltas to luca-COMPUTE-PROD-0002
2020-06-15 09:39:39 INFO  SSH:485 - ...copied CPF deltas to luca-DATA-PROD-0003
2020-06-15 09:39:39 INFO  SSH:485 - ...copied CPF deltas to luca-DATA-PROD-0002
2020-06-15 09:39:39 INFO  SSH:485 - ...copied CPF deltas to luca-COMPUTE-PROD-0001
2020-06-15 09:39:39 INFO  SSH:485 - ...copied CPF deltas to luca-DATA-PROD-0005
2020-06-15 09:39:39 INFO  SSH:485 - ...copied CPF deltas to luca-COMPUTE-PROD-0003
2020-06-15 09:39:39 INFO  SSH:485 - ...copied CPF deltas to luca-COMPUTE-PROD-0004
2020-06-15 09:39:39 INFO  SSH:485 - ...copied CPF deltas to luca-COMPUTE-PROD-0006
2020-06-15 09:39:39 INFO  SSH:485 - ...copied CPF deltas to luca-DATA-PROD-0004
2020-06-15 09:39:39 INFO  SSH:485 - ...copied CPF deltas to luca-COMPUTE-PROD-0005
2020-06-15 09:39:39 INFO  SSH:485 - ...copied CPF deltas to luca-DATA-PROD-0006
2020-06-15 09:39:40 INFO  SSH:405 - ...copied license directory ./ikey/ to luca-DATA-PROD-0001
2020-06-15 09:39:40 INFO  SSH:480 - Copying CPF deltas to luca-DATA-PROD-0001...
2020-06-15 09:39:46 INFO  SSH:485 - ...copied CPF deltas to luca-DATA-PROD-0001
2020-06-15 09:39:46 INFO  Docker:392 - Starting container iris on luca-COMPUTE-PROD-0001...
2020-06-15 09:39:46 INFO  Docker:392 - Starting container iris on luca-COMPUTE-PROD-0002...
2020-06-15 09:39:46 INFO  Docker:392 - Starting container iris on luca-COMPUTE-PROD-0003...
2020-06-15 09:39:46 INFO  Docker:392 - Starting container iris on luca-COMPUTE-PROD-0004...
2020-06-15 09:39:46 INFO  Docker:392 - Starting container iris on luca-COMPUTE-PROD-0005...
2020-06-15 09:39:46 INFO  Docker:392 - Starting container iris on luca-COMPUTE-PROD-0006...
2020-06-15 09:39:46 INFO  Docker:392 - Starting container iris on luca-DATA-PROD-0001...
2020-06-15 09:39:46 INFO  Docker:392 - Starting container iris on luca-DATA-PROD-0002...
2020-06-15 09:39:46 INFO  Docker:392 - Starting container iris on luca-DATA-PROD-0003...
2020-06-15 09:39:46 INFO  Docker:392 - Starting container iris on luca-DATA-PROD-0004...
2020-06-15 09:39:46 INFO  Docker:392 - Starting container iris on luca-DATA-PROD-0005...
2020-06-15 09:39:46 INFO  Docker:392 - Starting container iris on luca-DATA-PROD-0006...
2020-06-15 09:39:48 INFO  Docker:538 - ...completed start of container iris on luca-COMPUTE-PROD-0004
2020-06-15 09:39:49 INFO  Docker:538 - ...completed start of container iris on luca-DATA-PROD-0006
2020-06-15 09:39:49 INFO  Docker:538 - ...completed start of container iris on luca-DATA-PROD-0003
2020-06-15 09:39:49 INFO  Docker:538 - ...completed start of container iris on luca-DATA-PROD-0005
2020-06-15 09:39:49 INFO  Docker:538 - ...completed start of container iris on luca-COMPUTE-PROD-0005
2020-06-15 09:39:49 INFO  Docker:538 - ...completed start of container iris on luca-COMPUTE-PROD-0002
2020-06-15 09:39:49 INFO  Docker:538 - ...completed start of container iris on luca-DATA-PROD-0002
2020-06-15 09:39:49 INFO  Docker:538 - ...completed start of container iris on luca-COMPUTE-PROD-0003
2020-06-15 09:39:49 INFO  Docker:538 - ...completed start of container iris on luca-DATA-PROD-0001
2020-06-15 09:39:49 INFO  Docker:538 - ...completed start of container iris on luca-DATA-PROD-0004
2020-06-15 09:39:49 INFO  Docker:538 - ...completed start of container iris on luca-COMPUTE-PROD-0001
2020-06-15 09:39:49 INFO  Docker:538 - ...completed start of container iris on luca-COMPUTE-PROD-0006
2020-06-15 09:39:49 INFO  Docker:437 - Waiting for InterSystems IRIS to start on luca-COMPUTE-PROD-0001...
2020-06-15 09:39:49 INFO  Docker:437 - Waiting for InterSystems IRIS to start on luca-COMPUTE-PROD-0002...
2020-06-15 09:39:49 INFO  Docker:437 - Waiting for InterSystems IRIS to start on luca-COMPUTE-PROD-0003...
2020-06-15 09:39:49 INFO  Docker:437 - Waiting for InterSystems IRIS to start on luca-COMPUTE-PROD-0004...
2020-06-15 09:39:49 INFO  Docker:437 - Waiting for InterSystems IRIS to start on luca-COMPUTE-PROD-0005...
2020-06-15 09:39:49 INFO  Docker:437 - Waiting for InterSystems IRIS to start on luca-COMPUTE-PROD-0006...
2020-06-15 09:39:49 INFO  Docker:437 - Waiting for InterSystems IRIS to start on luca-DATA-PROD-0001...
2020-06-15 09:39:49 INFO  Docker:437 - Waiting for InterSystems IRIS to start on luca-DATA-PROD-0002...
2020-06-15 09:39:49 INFO  Docker:437 - Waiting for InterSystems IRIS to start on luca-DATA-PROD-0003...
2020-06-15 09:39:49 INFO  Docker:437 - Waiting for InterSystems IRIS to start on luca-DATA-PROD-0004...
2020-06-15 09:39:49 INFO  Docker:437 - Waiting for InterSystems IRIS to start on luca-DATA-PROD-0005...
2020-06-15 09:39:49 INFO  Docker:437 - Waiting for InterSystems IRIS to start on luca-DATA-PROD-0006...
2020-06-15 09:40:04 INFO  Provision:122 - Elapsed time for wait_started on luca-COMPUTE-PROD-0001: 15s...
2020-06-15 09:40:04 INFO  Provision:122 - Elapsed time for wait_started on luca-COMPUTE-PROD-0002: 15s...
2020-06-15 09:40:04 INFO  Provision:122 - Elapsed time for wait_started on luca-COMPUTE-PROD-0003: 15s...
2020-06-15 09:40:04 INFO  Provision:122 - Elapsed time for wait_started on luca-COMPUTE-PROD-0004: 15s...
2020-06-15 09:40:04 INFO  Provision:122 - Elapsed time for wait_started on luca-COMPUTE-PROD-0006: 15s...
2020-06-15 09:40:04 INFO  Provision:122 - Elapsed time for wait_started on luca-COMPUTE-PROD-0005: 15s...
2020-06-15 09:40:04 INFO  Provision:122 - Elapsed time for wait_started on luca-DATA-PROD-0001: 15s...
2020-06-15 09:40:04 INFO  Provision:122 - Elapsed time for wait_started on luca-DATA-PROD-0002: 15s...
2020-06-15 09:40:04 INFO  Provision:122 - Elapsed time for wait_started on luca-DATA-PROD-0003: 15s...
2020-06-15 09:40:04 INFO  Provision:122 - Elapsed time for wait_started on luca-DATA-PROD-0004: 15s...
2020-06-15 09:40:04 INFO  Provision:122 - Elapsed time for wait_started on luca-DATA-PROD-0005: 15s...
2020-06-15 09:40:04 INFO  Provision:122 - Elapsed time for wait_started on luca-DATA-PROD-0006: 15s...
2020-06-15 09:40:19 INFO  Provision:122 - Elapsed time for wait_started on luca-COMPUTE-PROD-0001: 30s...
2020-06-15 09:40:19 INFO  Provision:122 - Elapsed time for wait_started on luca-COMPUTE-PROD-0002: 30s...
2020-06-15 09:40:19 INFO  Provision:122 - Elapsed time for wait_started on luca-COMPUTE-PROD-0003: 30s...
2020-06-15 09:40:19 INFO  Provision:122 - Elapsed time for wait_started on luca-COMPUTE-PROD-0004: 30s...
2020-06-15 09:40:19 INFO  Provision:122 - Elapsed time for wait_started on luca-COMPUTE-PROD-0006: 30s...
2020-06-15 09:40:19 INFO  Provision:122 - Elapsed time for wait_started on luca-COMPUTE-PROD-0005: 30s...
2020-06-15 09:40:19 INFO  Provision:122 - Elapsed time for wait_started on luca-DATA-PROD-0001: 30s...
2020-06-15 09:40:19 INFO  Provision:122 - Elapsed time for wait_started on luca-DATA-PROD-0002: 30s...
2020-06-15 09:40:19 INFO  Provision:122 - Elapsed time for wait_started on luca-DATA-PROD-0003: 30s...
2020-06-15 09:40:19 INFO  Provision:122 - Elapsed time for wait_started on luca-DATA-PROD-0004: 30s...
2020-06-15 09:40:19 INFO  Provision:122 - Elapsed time for wait_started on luca-DATA-PROD-0005: 30s...
2020-06-15 09:40:19 INFO  Provision:122 - Elapsed time for wait_started on luca-DATA-PROD-0006: 30s...
2020-06-15 09:40:34 INFO  Provision:122 - Elapsed time for wait_started on luca-COMPUTE-PROD-0001: 45s...
2020-06-15 09:40:34 INFO  Provision:122 - Elapsed time for wait_started on luca-COMPUTE-PROD-0002: 45s...
2020-06-15 09:40:34 INFO  Provision:122 - Elapsed time for wait_started on luca-COMPUTE-PROD-0003: 45s...
2020-06-15 09:40:34 INFO  Provision:122 - Elapsed time for wait_started on luca-COMPUTE-PROD-0004: 45s...
2020-06-15 09:40:34 INFO  Provision:122 - Elapsed time for wait_started on luca-COMPUTE-PROD-0006: 45s...
2020-06-15 09:40:34 INFO  Provision:122 - Elapsed time for wait_started on luca-COMPUTE-PROD-0005: 45s...
2020-06-15 09:40:34 INFO  Provision:122 - Elapsed time for wait_started on luca-DATA-PROD-0001: 45s...
2020-06-15 09:40:34 INFO  Provision:122 - Elapsed time for wait_started on luca-DATA-PROD-0002: 45s...
2020-06-15 09:40:34 INFO  Provision:122 - Elapsed time for wait_started on luca-DATA-PROD-0003: 45s...
2020-06-15 09:40:34 INFO  Provision:122 - Elapsed time for wait_started on luca-DATA-PROD-0004: 45s...
2020-06-15 09:40:34 INFO  Provision:122 - Elapsed time for wait_started on luca-DATA-PROD-0005: 45s...
2020-06-15 09:40:34 INFO  Provision:122 - Elapsed time for wait_started on luca-DATA-PROD-0006: 45s...
2020-06-15 09:40:49 INFO  Provision:122 - Elapsed time for wait_started on luca-COMPUTE-PROD-0001: 60s...
2020-06-15 09:40:49 INFO  Provision:122 - Elapsed time for wait_started on luca-COMPUTE-PROD-0002: 60s...
2020-06-15 09:40:49 INFO  Provision:122 - Elapsed time for wait_started on luca-COMPUTE-PROD-0003: 60s...
2020-06-15 09:40:49 INFO  Provision:122 - Elapsed time for wait_started on luca-COMPUTE-PROD-0004: 60s...
2020-06-15 09:40:49 INFO  Provision:122 - Elapsed time for wait_started on luca-COMPUTE-PROD-0006: 60s...
2020-06-15 09:40:49 INFO  Provision:122 - Elapsed time for wait_started on luca-COMPUTE-PROD-0005: 60s...
2020-06-15 09:40:49 INFO  Provision:122 - Elapsed time for wait_started on luca-DATA-PROD-0002: 60s...
2020-06-15 09:40:49 INFO  Provision:122 - Elapsed time for wait_started on luca-DATA-PROD-0003: 60s...
2020-06-15 09:40:49 INFO  Provision:122 - Elapsed time for wait_started on luca-DATA-PROD-0004: 60s...
2020-06-15 09:40:49 INFO  Provision:122 - Elapsed time for wait_started on luca-DATA-PROD-0005: 60s...
2020-06-15 09:40:49 INFO  Provision:122 - Elapsed time for wait_started on luca-DATA-PROD-0006: 60s...
2020-06-15 09:40:53 INFO  Docker:566 - ...InterSystems IRIS started on luca-DATA-PROD-0001
2020-06-15 09:41:04 INFO  Provision:122 - Elapsed time for wait_started on luca-COMPUTE-PROD-0001: 75s...
2020-06-15 09:41:04 INFO  Provision:122 - Elapsed time for wait_started on luca-COMPUTE-PROD-0002: 75s...
2020-06-15 09:41:04 INFO  Provision:122 - Elapsed time for wait_started on luca-COMPUTE-PROD-0003: 75s...
2020-06-15 09:41:04 INFO  Provision:122 - Elapsed time for wait_started on luca-COMPUTE-PROD-0004: 75s...
2020-06-15 09:41:04 INFO  Provision:122 - Elapsed time for wait_started on luca-COMPUTE-PROD-0006: 75s...
2020-06-15 09:41:04 INFO  Provision:122 - Elapsed time for wait_started on luca-COMPUTE-PROD-0005: 75s...
2020-06-15 09:41:04 INFO  Provision:122 - Elapsed time for wait_started on luca-DATA-PROD-0002: 75s...
2020-06-15 09:41:04 INFO  Provision:122 - Elapsed time for wait_started on luca-DATA-PROD-0003: 75s...
2020-06-15 09:41:04 INFO  Provision:122 - Elapsed time for wait_started on luca-DATA-PROD-0004: 75s...
2020-06-15 09:41:04 INFO  Provision:122 - Elapsed time for wait_started on luca-DATA-PROD-0005: 75s...
2020-06-15 09:41:04 INFO  Provision:122 - Elapsed time for wait_started on luca-DATA-PROD-0006: 75s...
2020-06-15 09:41:09 INFO  Docker:566 - ...InterSystems IRIS started on luca-COMPUTE-PROD-0003
2020-06-15 09:41:10 INFO  Docker:566 - ...InterSystems IRIS started on luca-DATA-PROD-0003
2020-06-15 09:41:14 INFO  Docker:566 - ...InterSystems IRIS started on luca-DATA-PROD-0005
2020-06-15 09:41:14 INFO  Docker:566 - ...InterSystems IRIS started on luca-DATA-PROD-0002
2020-06-15 09:41:15 INFO  Docker:566 - ...InterSystems IRIS started on luca-COMPUTE-PROD-0001
2020-06-15 09:41:15 INFO  Docker:566 - ...InterSystems IRIS started on luca-COMPUTE-PROD-0006
2020-06-15 09:41:15 INFO  Docker:566 - ...InterSystems IRIS started on luca-COMPUTE-PROD-0002
2020-06-15 09:41:15 INFO  Docker:566 - ...InterSystems IRIS started on luca-DATA-PROD-0006
2020-06-15 09:41:15 INFO  Docker:566 - ...InterSystems IRIS started on luca-COMPUTE-PROD-0004
2020-06-15 09:41:15 INFO  Docker:566 - ...InterSystems IRIS started on luca-DATA-PROD-0004
2020-06-15 09:41:16 INFO  Docker:566 - ...InterSystems IRIS started on luca-COMPUTE-PROD-0005
2020-06-15 09:41:16 INFO  SSH:661 - Getting ICM state from luca-COMPUTE-PROD-0001...
2020-06-15 09:41:16 INFO  SSH:661 - Getting ICM state from luca-COMPUTE-PROD-0002...
2020-06-15 09:41:16 INFO  SSH:661 - Getting ICM state from luca-COMPUTE-PROD-0003...
2020-06-15 09:41:16 INFO  SSH:661 - Getting ICM state from luca-COMPUTE-PROD-0004...
2020-06-15 09:41:16 INFO  SSH:661 - Getting ICM state from luca-COMPUTE-PROD-0005...
2020-06-15 09:41:16 INFO  SSH:661 - Getting ICM state from luca-COMPUTE-PROD-0006...
2020-06-15 09:41:16 INFO  SSH:661 - Getting ICM state from luca-DATA-PROD-0001...
2020-06-15 09:41:16 INFO  SSH:661 - Getting ICM state from luca-DATA-PROD-0002...
2020-06-15 09:41:16 INFO  SSH:661 - Getting ICM state from luca-DATA-PROD-0003...
2020-06-15 09:41:16 INFO  SSH:661 - Getting ICM state from luca-DATA-PROD-0004...
2020-06-15 09:41:16 INFO  SSH:661 - Getting ICM state from luca-DATA-PROD-0005...
2020-06-15 09:41:16 INFO  SSH:661 - Getting ICM state from luca-DATA-PROD-0006...
2020-06-15 09:41:21 INFO  SSH:669 - ...got ICM state from luca-COMPUTE-PROD-0004
2020-06-15 09:41:21 INFO  SSH:669 - ...got ICM state from luca-DATA-PROD-0004
2020-06-15 09:41:21 INFO  SSH:669 - ...got ICM state from luca-DATA-PROD-0003
2020-06-15 09:41:21 INFO  SSH:669 - ...got ICM state from luca-COMPUTE-PROD-0006
2020-06-15 09:41:21 INFO  SSH:669 - ...got ICM state from luca-DATA-PROD-0006
2020-06-15 09:41:21 INFO  SSH:669 - ...got ICM state from luca-COMPUTE-PROD-0002
2020-06-15 09:41:21 INFO  SSH:669 - ...got ICM state from luca-DATA-PROD-0002
2020-06-15 09:41:21 INFO  SSH:669 - ...got ICM state from luca-DATA-PROD-0005
2020-06-15 09:41:22 INFO  SSH:669 - ...got ICM state from luca-DATA-PROD-0001
2020-06-15 09:41:22 INFO  SSH:669 - ...got ICM state from luca-COMPUTE-PROD-0001
2020-06-15 09:41:22 INFO  SSH:669 - ...got ICM state from luca-COMPUTE-PROD-0005
2020-06-15 09:41:22 INFO  SSH:669 - ...got ICM state from luca-COMPUTE-PROD-0003
2020-06-15 09:41:22 INFO  Docker:450 - Configuring Web Gateway on luca-COMPUTE-PROD-0001...
2020-06-15 09:41:22 INFO  Docker:450 - Configuring Web Gateway on luca-COMPUTE-PROD-0002...
2020-06-15 09:41:22 INFO  Docker:450 - Configuring Web Gateway on luca-COMPUTE-PROD-0003...
2020-06-15 09:41:22 INFO  Docker:450 - Configuring Web Gateway on luca-COMPUTE-PROD-0004...
2020-06-15 09:41:22 INFO  Docker:450 - Configuring Web Gateway on luca-COMPUTE-PROD-0005...
2020-06-15 09:41:22 INFO  Docker:450 - Configuring Web Gateway on luca-COMPUTE-PROD-0006...
2020-06-15 09:41:22 INFO  Docker:450 - Configuring Web Gateway on luca-DATA-PROD-0001...
2020-06-15 09:41:22 INFO  Docker:450 - Configuring Web Gateway on luca-DATA-PROD-0002...
2020-06-15 09:41:22 INFO  Docker:450 - Configuring Web Gateway on luca-DATA-PROD-0003...
2020-06-15 09:41:22 INFO  Docker:450 - Configuring Web Gateway on luca-DATA-PROD-0004...
2020-06-15 09:41:22 INFO  Docker:450 - Configuring Web Gateway on luca-DATA-PROD-0005...
2020-06-15 09:41:22 INFO  Docker:450 - Configuring Web Gateway on luca-DATA-PROD-0006...
2020-06-15 09:41:25 INFO  Docker:570 - ...configured Web Gateway on luca-COMPUTE-PROD-0006
2020-06-15 09:41:25 INFO  Docker:570 - ...configured Web Gateway on luca-DATA-PROD-0002
2020-06-15 09:41:25 INFO  Docker:570 - ...configured Web Gateway on luca-DATA-PROD-0001
2020-06-15 09:41:25 INFO  Docker:570 - ...configured Web Gateway on luca-COMPUTE-PROD-0001
2020-06-15 09:41:26 INFO  Docker:570 - ...configured Web Gateway on luca-DATA-PROD-0003
2020-06-15 09:41:26 INFO  Docker:570 - ...configured Web Gateway on luca-DATA-PROD-0006
2020-06-15 09:41:26 INFO  Docker:570 - ...configured Web Gateway on luca-DATA-PROD-0004
2020-06-15 09:41:26 INFO  Docker:570 - ...configured Web Gateway on luca-COMPUTE-PROD-0002
2020-06-15 09:41:26 INFO  Docker:570 - ...configured Web Gateway on luca-COMPUTE-PROD-0005
2020-06-15 09:41:26 INFO  Docker:570 - ...configured Web Gateway on luca-COMPUTE-PROD-0003
2020-06-15 09:41:26 INFO  Docker:570 - ...configured Web Gateway on luca-DATA-PROD-0005
2020-06-15 09:41:26 INFO  Docker:570 - ...configured Web Gateway on luca-COMPUTE-PROD-0004
2020-06-15 09:41:26 INFO  Docker:458 - Configuring ODBC on luca-COMPUTE-PROD-0001...
2020-06-15 09:41:26 INFO  Docker:458 - Configuring ODBC on luca-COMPUTE-PROD-0002...
2020-06-15 09:41:26 INFO  Docker:458 - Configuring ODBC on luca-COMPUTE-PROD-0003...
2020-06-15 09:41:26 INFO  Docker:458 - Configuring ODBC on luca-COMPUTE-PROD-0004...
2020-06-15 09:41:26 INFO  Docker:458 - Configuring ODBC on luca-COMPUTE-PROD-0005...
2020-06-15 09:41:26 INFO  Docker:458 - Configuring ODBC on luca-COMPUTE-PROD-0006...
2020-06-15 09:41:26 INFO  Docker:458 - Configuring ODBC on luca-DATA-PROD-0001...
2020-06-15 09:41:26 INFO  Docker:458 - Configuring ODBC on luca-DATA-PROD-0002...
2020-06-15 09:41:26 INFO  Docker:458 - Configuring ODBC on luca-DATA-PROD-0003...
2020-06-15 09:41:26 INFO  Docker:458 - Configuring ODBC on luca-DATA-PROD-0004...
2020-06-15 09:41:26 INFO  Docker:458 - Configuring ODBC on luca-DATA-PROD-0005...
2020-06-15 09:41:26 INFO  Docker:458 - Configuring ODBC on luca-DATA-PROD-0006...
2020-06-15 09:41:29 INFO  Docker:573 - ...configured ODBC on luca-COMPUTE-PROD-0001
2020-06-15 09:41:29 INFO  Docker:573 - ...configured ODBC on luca-COMPUTE-PROD-0003
2020-06-15 09:41:29 INFO  Docker:573 - ...configured ODBC on luca-DATA-PROD-0002
2020-06-15 09:41:30 INFO  Docker:573 - ...configured ODBC on luca-DATA-PROD-0005
2020-06-15 09:41:30 INFO  Docker:573 - ...configured ODBC on luca-COMPUTE-PROD-0002
2020-06-15 09:41:30 INFO  Docker:573 - ...configured ODBC on luca-DATA-PROD-0001
2020-06-15 09:41:30 INFO  Docker:573 - ...configured ODBC on luca-COMPUTE-PROD-0004
2020-06-15 09:41:30 INFO  Docker:573 - ...configured ODBC on luca-DATA-PROD-0003
2020-06-15 09:41:30 INFO  Docker:573 - ...configured ODBC on luca-DATA-PROD-0006
2020-06-15 09:41:30 INFO  Docker:573 - ...configured ODBC on luca-COMPUTE-PROD-0006
2020-06-15 09:41:30 INFO  Docker:573 - ...configured ODBC on luca-COMPUTE-PROD-0005
2020-06-15 09:41:30 INFO  Docker:573 - ...configured ODBC on luca-DATA-PROD-0004
2020-06-15 09:41:30 INFO  JDBC:1208 - Configuring JDBC on luca-COMPUTE-PROD-0001...
2020-06-15 09:41:30 INFO  JDBC:1208 - Configuring JDBC on luca-COMPUTE-PROD-0002...
2020-06-15 09:41:30 INFO  JDBC:1208 - Configuring JDBC on luca-COMPUTE-PROD-0003...
2020-06-15 09:41:30 INFO  JDBC:1208 - Configuring JDBC on luca-COMPUTE-PROD-0004...
2020-06-15 09:41:30 INFO  JDBC:1208 - Configuring JDBC on luca-COMPUTE-PROD-0005...
2020-06-15 09:41:30 INFO  JDBC:1208 - Configuring JDBC on luca-COMPUTE-PROD-0006...
2020-06-15 09:41:30 INFO  JDBC:1208 - Configuring JDBC on luca-DATA-PROD-0001...
2020-06-15 09:41:30 INFO  JDBC:1208 - Configuring JDBC on luca-DATA-PROD-0002...
2020-06-15 09:41:30 INFO  JDBC:1208 - Configuring JDBC on luca-DATA-PROD-0003...
2020-06-15 09:41:30 INFO  JDBC:1208 - Configuring JDBC on luca-DATA-PROD-0004...
2020-06-15 09:41:30 INFO  JDBC:1208 - Configuring JDBC on luca-DATA-PROD-0005...
2020-06-15 09:41:30 INFO  JDBC:1208 - Configuring JDBC on luca-DATA-PROD-0006...
2020-06-15 09:41:32 INFO  JDBC:1282 - ...configured JDBC on luca-COMPUTE-PROD-0001
2020-06-15 09:41:32 INFO  JDBC:859 - Configuring ECP on luca-COMPUTE-PROD-0001...
2020-06-15 09:41:32 INFO  JDBC:1282 - ...configured JDBC on luca-COMPUTE-PROD-0005
2020-06-15 09:41:32 INFO  JDBC:859 - Configuring ECP on luca-COMPUTE-PROD-0005...
2020-06-15 09:41:32 INFO  JDBC:1282 - ...configured JDBC on luca-DATA-PROD-0006
2020-06-15 09:41:32 INFO  JDBC:1282 - ...configured JDBC on luca-DATA-PROD-0003
2020-06-15 09:41:32 INFO  JDBC:859 - Configuring ECP on luca-DATA-PROD-0003...
2020-06-15 09:41:32 INFO  JDBC:859 - Configuring ECP on luca-DATA-PROD-0006...
2020-06-15 09:41:32 INFO  JDBC:1282 - ...configured JDBC on luca-DATA-PROD-0005
2020-06-15 09:41:32 INFO  JDBC:859 - Configuring ECP on luca-DATA-PROD-0005...
2020-06-15 09:41:32 INFO  JDBC:1282 - ...configured JDBC on luca-COMPUTE-PROD-0004
2020-06-15 09:41:32 INFO  JDBC:859 - Configuring ECP on luca-COMPUTE-PROD-0004...
2020-06-15 09:41:32 INFO  JDBC:1282 - ...configured JDBC on luca-COMPUTE-PROD-0006
2020-06-15 09:41:32 INFO  JDBC:859 - Configuring ECP on luca-COMPUTE-PROD-0006...
2020-06-15 09:41:32 INFO  JDBC:1282 - ...configured JDBC on luca-DATA-PROD-0002
2020-06-15 09:41:32 INFO  JDBC:859 - Configuring ECP on luca-DATA-PROD-0002...
2020-06-15 09:41:32 INFO  JDBC:1282 - ...configured JDBC on luca-COMPUTE-PROD-0002
2020-06-15 09:41:32 INFO  JDBC:859 - Configuring ECP on luca-COMPUTE-PROD-0002...
2020-06-15 09:41:32 INFO  JDBC:1282 - ...configured JDBC on luca-DATA-PROD-0004
2020-06-15 09:41:32 INFO  JDBC:859 - Configuring ECP on luca-DATA-PROD-0004...
2020-06-15 09:41:32 INFO  JDBC:1282 - ...configured JDBC on luca-DATA-PROD-0001
2020-06-15 09:41:32 INFO  JDBC:859 - Configuring ECP on luca-DATA-PROD-0001...
2020-06-15 09:41:33 INFO  JDBC:1282 - ...configured JDBC on luca-COMPUTE-PROD-0003
2020-06-15 09:41:33 INFO  JDBC:859 - Configuring ECP on luca-COMPUTE-PROD-0003...
2020-06-15 09:41:35 INFO  JDBC:937 - ...configured ECP on luca-COMPUTE-PROD-0004
2020-06-15 09:41:35 INFO  JDBC:937 - ...configured ECP on luca-DATA-PROD-0005
2020-06-15 09:41:35 INFO  JDBC:937 - ...configured ECP on luca-DATA-PROD-0001
2020-06-15 09:41:35 INFO  JDBC:937 - ...configured ECP on luca-COMPUTE-PROD-0006
2020-06-15 09:41:35 INFO  JDBC:937 - ...configured ECP on luca-COMPUTE-PROD-0002
2020-06-15 09:41:35 INFO  JDBC:937 - ...configured ECP on luca-DATA-PROD-0002
2020-06-15 09:41:35 INFO  JDBC:937 - ...configured ECP on luca-COMPUTE-PROD-0001
2020-06-15 09:41:35 INFO  JDBC:937 - ...configured ECP on luca-DATA-PROD-0004
2020-06-15 09:41:35 INFO  JDBC:937 - ...configured ECP on luca-DATA-PROD-0006
2020-06-15 09:41:35 INFO  JDBC:937 - ...configured ECP on luca-COMPUTE-PROD-0005
2020-06-15 09:41:35 INFO  JDBC:937 - ...configured ECP on luca-DATA-PROD-0003
2020-06-15 09:41:36 INFO  JDBC:937 - ...configured ECP on luca-COMPUTE-PROD-0003
2020-06-15 09:41:36 INFO  JDBC:1420 - Changing WebGateway password on luca-COMPUTE-PROD-0001...
2020-06-15 09:41:36 INFO  JDBC:1420 - Changing WebGateway password on luca-COMPUTE-PROD-0002...
2020-06-15 09:41:36 INFO  JDBC:1420 - Changing WebGateway password on luca-COMPUTE-PROD-0003...
2020-06-15 09:41:36 INFO  JDBC:1420 - Changing WebGateway password on luca-COMPUTE-PROD-0004...
2020-06-15 09:41:36 INFO  JDBC:1420 - Changing WebGateway password on luca-COMPUTE-PROD-0005...
2020-06-15 09:41:36 INFO  JDBC:1420 - Changing WebGateway password on luca-COMPUTE-PROD-0006...
2020-06-15 09:41:36 INFO  JDBC:1420 - Changing WebGateway password on luca-DATA-PROD-0001...
2020-06-15 09:41:36 INFO  JDBC:1420 - Changing WebGateway password on luca-DATA-PROD-0002...
2020-06-15 09:41:36 INFO  JDBC:1420 - Changing WebGateway password on luca-DATA-PROD-0003...
2020-06-15 09:41:36 INFO  JDBC:1420 - Changing WebGateway password on luca-DATA-PROD-0004...
2020-06-15 09:41:36 INFO  JDBC:1420 - Changing WebGateway password on luca-DATA-PROD-0005...
2020-06-15 09:41:36 INFO  JDBC:1420 - Changing WebGateway password on luca-DATA-PROD-0006...
2020-06-15 09:41:37 INFO  JDBC:1442 - ...changed WebGateway password on luca-COMPUTE-PROD-0001
2020-06-15 09:41:37 INFO  JDBC:1442 - ...changed WebGateway password on luca-COMPUTE-PROD-0003
2020-06-15 09:41:37 INFO  JDBC:1442 - ...changed WebGateway password on luca-COMPUTE-PROD-0002
2020-06-15 09:41:37 INFO  JDBC:1442 - ...changed WebGateway password on luca-COMPUTE-PROD-0004
2020-06-15 09:41:37 INFO  JDBC:1442 - ...changed WebGateway password on luca-DATA-PROD-0006
2020-06-15 09:41:37 INFO  JDBC:1442 - ...changed WebGateway password on luca-DATA-PROD-0005
2020-06-15 09:41:37 INFO  JDBC:1442 - ...changed WebGateway password on luca-DATA-PROD-0001
2020-06-15 09:41:37 INFO  JDBC:1442 - ...changed WebGateway password on luca-COMPUTE-PROD-0006
2020-06-15 09:41:37 INFO  JDBC:1442 - ...changed WebGateway password on luca-DATA-PROD-0002
2020-06-15 09:41:37 INFO  JDBC:1442 - ...changed WebGateway password on luca-DATA-PROD-0004
2020-06-15 09:41:37 INFO  JDBC:1442 - ...changed WebGateway password on luca-COMPUTE-PROD-0005
2020-06-15 09:41:37 INFO  JDBC:1442 - ...changed WebGateway password on luca-DATA-PROD-0003
2020-06-15 09:41:37 INFO  JDBC:1103 - Acquiring license on luca-COMPUTE-PROD-0001...
2020-06-15 09:41:37 INFO  JDBC:1103 - Acquiring license on luca-COMPUTE-PROD-0002...
2020-06-15 09:41:37 INFO  JDBC:1103 - Acquiring license on luca-COMPUTE-PROD-0003...
2020-06-15 09:41:37 INFO  JDBC:1103 - Acquiring license on luca-COMPUTE-PROD-0004...
2020-06-15 09:41:37 INFO  JDBC:1103 - Acquiring license on luca-COMPUTE-PROD-0005...
2020-06-15 09:41:37 INFO  JDBC:1103 - Acquiring license on luca-COMPUTE-PROD-0006...
2020-06-15 09:41:37 INFO  JDBC:1073 - Validating license on luca-DATA-PROD-0001...
2020-06-15 09:41:37 INFO  JDBC:1103 - Acquiring license on luca-DATA-PROD-0002...
2020-06-15 09:41:37 INFO  JDBC:1103 - Acquiring license on luca-DATA-PROD-0003...
2020-06-15 09:41:37 INFO  JDBC:1103 - Acquiring license on luca-DATA-PROD-0004...
2020-06-15 09:41:37 INFO  JDBC:1103 - Acquiring license on luca-DATA-PROD-0005...
2020-06-15 09:41:37 INFO  JDBC:1103 - Acquiring license on luca-DATA-PROD-0006...
2020-06-15 09:41:39 INFO  JDBC:1110 - ...acquired license on luca-DATA-PROD-0002
2020-06-15 09:41:39 INFO  JDBC:1110 - ...acquired license on luca-COMPUTE-PROD-0005
2020-06-15 09:41:39 INFO  JDBC:1110 - ...acquired license on luca-COMPUTE-PROD-0003
2020-06-15 09:41:39 INFO  JDBC:1110 - ...acquired license on luca-COMPUTE-PROD-0004
2020-06-15 09:41:39 INFO  JDBC:1110 - ...acquired license on luca-DATA-PROD-0003
2020-06-15 09:41:39 INFO  JDBC:1110 - ...acquired license on luca-DATA-PROD-0005
2020-06-15 09:41:39 INFO  JDBC:1110 - ...acquired license on luca-COMPUTE-PROD-0006
2020-06-15 09:41:39 INFO  JDBC:1110 - ...acquired license on luca-DATA-PROD-0006
2020-06-15 09:41:39 INFO  JDBC:1110 - ...acquired license on luca-DATA-PROD-0004
2020-06-15 09:41:39 INFO  JDBC:1110 - ...acquired license on luca-COMPUTE-PROD-0002
2020-06-15 09:41:39 INFO  JDBC:1089 - ...validated license on luca-DATA-PROD-0001
2020-06-15 09:41:39 INFO  JDBC:1103 - Acquiring license on luca-DATA-PROD-0001...
2020-06-15 09:41:39 INFO  JDBC:1110 - ...acquired license on luca-COMPUTE-PROD-0001
2020-06-15 09:41:40 INFO  JDBC:1110 - ...acquired license on luca-DATA-PROD-0001
2020-06-15 09:41:41 INFO  JDBC:391 - Initializing shard luca-DATA-PROD-0001...
2020-06-15 09:41:42 INFO  JDBC:404 - ...initialized shard luca-DATA-PROD-0001
2020-06-15 09:41:43 INFO  JDBC:449 - Verifying local node ready for attach...
2020-06-15 09:41:44 INFO  JDBC:465 - ...verified local node ready for attach
2020-06-15 09:41:45 INFO  JDBC:449 - Verifying remote node ready for attach...
2020-06-15 09:41:45 INFO  JDBC:449 - Verifying remote node ready for attach...
2020-06-15 09:41:45 INFO  JDBC:449 - Verifying remote node ready for attach...
2020-06-15 09:41:45 INFO  JDBC:449 - Verifying remote node ready for attach...
2020-06-15 09:41:45 INFO  JDBC:449 - Verifying remote node ready for attach...
2020-06-15 09:41:45 INFO  JDBC:465 - ...verified remote node ready for attach
2020-06-15 09:41:45 INFO  JDBC:526 - Attaching shard luca-DATA-PROD-0002 as data node....
2020-06-15 09:41:45 INFO  JDBC:465 - ...verified remote node ready for attach
2020-06-15 09:41:45 INFO  JDBC:526 - Attaching shard luca-DATA-PROD-0006 as data node....
2020-06-15 09:41:45 INFO  JDBC:465 - ...verified remote node ready for attach
2020-06-15 09:41:45 INFO  JDBC:526 - Attaching shard luca-DATA-PROD-0003 as data node....
2020-06-15 09:41:45 INFO  JDBC:465 - ...verified remote node ready for attach
2020-06-15 09:41:45 INFO  JDBC:526 - Attaching shard luca-DATA-PROD-0005 as data node....
2020-06-15 09:41:45 INFO  JDBC:465 - ...verified remote node ready for attach
2020-06-15 09:41:45 INFO  JDBC:526 - Attaching shard luca-DATA-PROD-0004 as data node....
2020-06-15 09:41:47 INFO  JDBC:550 - ...attached shard luca-DATA-PROD-0002 as data node
2020-06-15 09:41:47 INFO  JDBC:550 - ...attached shard luca-DATA-PROD-0005 as data node
2020-06-15 09:41:47 INFO  JDBC:550 - ...attached shard luca-DATA-PROD-0003 as data node
2020-06-15 09:41:47 INFO  JDBC:550 - ...attached shard luca-DATA-PROD-0006 as data node
2020-06-15 09:41:48 INFO  JDBC:550 - ...attached shard luca-DATA-PROD-0004 as data node
2020-06-15 09:41:49 INFO  JDBC:449 - Verifying remote node ready for attach...
2020-06-15 09:41:49 INFO  JDBC:449 - Verifying remote node ready for attach...
2020-06-15 09:41:49 INFO  JDBC:449 - Verifying remote node ready for attach...
2020-06-15 09:41:49 INFO  JDBC:449 - Verifying remote node ready for attach...
2020-06-15 09:41:49 INFO  JDBC:449 - Verifying remote node ready for attach...
2020-06-15 09:41:49 INFO  JDBC:449 - Verifying remote node ready for attach...
2020-06-15 09:41:49 INFO  JDBC:465 - ...verified remote node ready for attach
2020-06-15 09:41:49 INFO  JDBC:526 - Attaching shard luca-COMPUTE-PROD-0005 as compute node....
2020-06-15 09:41:49 INFO  JDBC:465 - ...verified remote node ready for attach
2020-06-15 09:41:49 INFO  JDBC:526 - Attaching shard luca-COMPUTE-PROD-0004 as compute node....
2020-06-15 09:41:49 INFO  JDBC:465 - ...verified remote node ready for attach
2020-06-15 09:41:49 INFO  JDBC:526 - Attaching shard luca-COMPUTE-PROD-0003 as compute node....
2020-06-15 09:41:49 INFO  JDBC:465 - ...verified remote node ready for attach
2020-06-15 09:41:49 INFO  JDBC:526 - Attaching shard luca-COMPUTE-PROD-0006 as compute node....
2020-06-15 09:41:49 INFO  JDBC:465 - ...verified remote node ready for attach
2020-06-15 09:41:49 INFO  JDBC:526 - Attaching shard luca-COMPUTE-PROD-0001 as compute node....
2020-06-15 09:41:50 INFO  JDBC:465 - ...verified remote node ready for attach
2020-06-15 09:41:50 INFO  JDBC:526 - Attaching shard luca-COMPUTE-PROD-0002 as compute node....
2020-06-15 09:41:52 INFO  JDBC:550 - ...attached shard luca-COMPUTE-PROD-0005 as compute node
2020-06-15 09:41:52 INFO  JDBC:550 - ...attached shard luca-COMPUTE-PROD-0006 as compute node
2020-06-15 09:41:52 INFO  JDBC:550 - ...attached shard luca-COMPUTE-PROD-0001 as compute node
2020-06-15 09:41:52 INFO  JDBC:550 - ...attached shard luca-COMPUTE-PROD-0003 as compute node
2020-06-15 09:41:52 INFO  JDBC:550 - ...attached shard luca-COMPUTE-PROD-0002 as compute node
2020-06-15 09:41:52 INFO  JDBC:550 - ...attached shard luca-COMPUTE-PROD-0004 as compute node
2020-06-15 09:41:54 INFO  JDBC:1163 - Setting shard options on luca-COMPUTE-PROD-0005...
2020-06-15 09:41:54 INFO  JDBC:1200 - ...set shard options on luca-COMPUTE-PROD-0005
2020-06-15 09:41:54 INFO  JDBC:1163 - Setting shard options on luca-COMPUTE-PROD-0003...
2020-06-15 09:41:54 INFO  JDBC:1200 - ...set shard options on luca-COMPUTE-PROD-0003
2020-06-15 09:41:54 INFO  JDBC:1163 - Setting shard options on luca-DATA-PROD-0003...
2020-06-15 09:41:54 INFO  JDBC:1200 - ...set shard options on luca-DATA-PROD-0003
2020-06-15 09:41:54 INFO  JDBC:1163 - Setting shard options on luca-COMPUTE-PROD-0001...
2020-06-15 09:41:54 INFO  JDBC:1200 - ...set shard options on luca-COMPUTE-PROD-0001
2020-06-15 09:41:54 INFO  JDBC:1163 - Setting shard options on luca-COMPUTE-PROD-0002...
2020-06-15 09:41:54 INFO  JDBC:742 - Retrieving shard index on luca-DATA-PROD-0003...
2020-06-15 09:41:54 INFO  JDBC:1200 - ...set shard options on luca-COMPUTE-PROD-0002
2020-06-15 09:41:54 INFO  JDBC:1163 - Setting shard options on luca-DATA-PROD-0002...
2020-06-15 09:41:54 INFO  JDBC:1200 - ...set shard options on luca-DATA-PROD-0002
2020-06-15 09:41:54 INFO  JDBC:742 - Retrieving shard index on luca-DATA-PROD-0002...
2020-06-15 09:41:54 INFO  JDBC:1163 - Setting shard options on luca-DATA-PROD-0006...
2020-06-15 09:41:54 INFO  JDBC:1200 - ...set shard options on luca-DATA-PROD-0006
2020-06-15 09:41:54 INFO  JDBC:1163 - Setting shard options on luca-DATA-PROD-0005...
2020-06-15 09:41:54 INFO  JDBC:1200 - ...set shard options on luca-DATA-PROD-0005
2020-06-15 09:41:54 INFO  JDBC:1163 - Setting shard options on luca-COMPUTE-PROD-0004...
2020-06-15 09:41:54 INFO  JDBC:1200 - ...set shard options on luca-COMPUTE-PROD-0004
2020-06-15 09:41:54 INFO  JDBC:742 - Retrieving shard index on luca-DATA-PROD-0006...
2020-06-15 09:41:54 INFO  JDBC:1163 - Setting shard options on luca-DATA-PROD-0004...
2020-06-15 09:41:54 INFO  JDBC:1200 - ...set shard options on luca-DATA-PROD-0004
2020-06-15 09:41:54 INFO  JDBC:742 - Retrieving shard index on luca-DATA-PROD-0005...
2020-06-15 09:41:54 INFO  JDBC:1163 - Setting shard options on luca-COMPUTE-PROD-0006...
2020-06-15 09:41:54 INFO  JDBC:1200 - ...set shard options on luca-COMPUTE-PROD-0006
2020-06-15 09:41:54 INFO  JDBC:742 - Retrieving shard index on luca-DATA-PROD-0004...
2020-06-15 09:41:54 INFO  JDBC:1163 - Setting shard options on luca-DATA-PROD-0001...
2020-06-15 09:41:54 INFO  JDBC:1200 - ...set shard options on luca-DATA-PROD-0001
2020-06-15 09:41:54 INFO  JDBC:742 - Retrieving shard index on luca-DATA-PROD-0001...
2020-06-15 09:41:55 INFO  JDBC:757 - ..retrieved shard index on luca-DATA-PROD-0003
2020-06-15 09:41:55 INFO  JDBC:797 - Setting shard brokered host on luca-DATA-PROD-0003...
2020-06-15 09:41:55 INFO  JDBC:757 - ..retrieved shard index on luca-DATA-PROD-0002
2020-06-15 09:41:55 INFO  JDBC:797 - Setting shard brokered host on luca-DATA-PROD-0002...
2020-06-15 09:41:55 INFO  JDBC:757 - ..retrieved shard index on luca-DATA-PROD-0004
2020-06-15 09:41:55 INFO  JDBC:797 - Setting shard brokered host on luca-DATA-PROD-0004...
2020-06-15 09:41:55 INFO  JDBC:757 - ..retrieved shard index on luca-DATA-PROD-0006
2020-06-15 09:41:55 INFO  JDBC:797 - Setting shard brokered host on luca-DATA-PROD-0006...
2020-06-15 09:41:55 INFO  JDBC:757 - ..retrieved shard index on luca-DATA-PROD-0001
2020-06-15 09:41:55 INFO  JDBC:757 - ..retrieved shard index on luca-DATA-PROD-0005
2020-06-15 09:41:55 INFO  JDBC:797 - Setting shard brokered host on luca-DATA-PROD-0001...
2020-06-15 09:41:55 INFO  JDBC:797 - Setting shard brokered host on luca-DATA-PROD-0005...
2020-06-15 09:41:56 INFO  JDBC:812 - ...set shard brokered host on luca-DATA-PROD-0003
2020-06-15 09:41:56 INFO  JDBC:812 - ...set shard brokered host on luca-DATA-PROD-0002
2020-06-15 09:41:56 INFO  JDBC:812 - ...set shard brokered host on luca-DATA-PROD-0005
2020-06-15 09:41:56 INFO  JDBC:812 - ...set shard brokered host on luca-DATA-PROD-0006
2020-06-15 09:41:56 INFO  JDBC:812 - ...set shard brokered host on luca-DATA-PROD-0004
2020-06-15 09:41:56 INFO  JDBC:812 - ...set shard brokered host on luca-DATA-PROD-0001
2020-06-15 09:41:56 INFO  JDBC:836 - Verifying shards on luca-DATA-PROD-0001...
2020-06-15 09:41:58 INFO  JDBC:853 - ...verified shards on luca-DATA-PROD-0001
2020-06-15 09:41:58 INFO  SSH:627 - Setting ICM state on luca-COMPUTE-PROD-0001...
2020-06-15 09:41:58 INFO  SSH:627 - Setting ICM state on luca-COMPUTE-PROD-0002...
2020-06-15 09:41:58 INFO  SSH:627 - Setting ICM state on luca-COMPUTE-PROD-0003...
2020-06-15 09:41:58 INFO  SSH:627 - Setting ICM state on luca-COMPUTE-PROD-0004...
2020-06-15 09:41:58 INFO  SSH:627 - Setting ICM state on luca-COMPUTE-PROD-0005...
2020-06-15 09:41:58 INFO  SSH:627 - Setting ICM state on luca-COMPUTE-PROD-0006...
2020-06-15 09:41:58 INFO  SSH:627 - Setting ICM state on luca-DATA-PROD-0001...
2020-06-15 09:41:58 INFO  SSH:627 - Setting ICM state on luca-DATA-PROD-0002...
2020-06-15 09:41:58 INFO  SSH:627 - Setting ICM state on luca-DATA-PROD-0003...
2020-06-15 09:41:58 INFO  SSH:627 - Setting ICM state on luca-DATA-PROD-0004...
2020-06-15 09:41:58 INFO  SSH:627 - Setting ICM state on luca-DATA-PROD-0005...
2020-06-15 09:41:58 INFO  SSH:627 - Setting ICM state on luca-DATA-PROD-0006...
2020-06-15 09:42:04 INFO  SSH:638 - ...set ICM state on luca-COMPUTE-PROD-0001
2020-06-15 09:42:04 INFO  SSH:638 - ...set ICM state on luca-DATA-PROD-0002
2020-06-15 09:42:04 INFO  SSH:638 - ...set ICM state on luca-COMPUTE-PROD-0002
2020-06-15 09:42:04 INFO  SSH:638 - ...set ICM state on luca-DATA-PROD-0003
2020-06-15 09:42:04 INFO  SSH:638 - ...set ICM state on luca-COMPUTE-PROD-0003
2020-06-15 09:42:04 INFO  SSH:638 - ...set ICM state on luca-DATA-PROD-0004
2020-06-15 09:42:04 INFO  SSH:638 - ...set ICM state on luca-COMPUTE-PROD-0006
2020-06-15 09:42:04 INFO  SSH:638 - ...set ICM state on luca-COMPUTE-PROD-0004
2020-06-15 09:42:04 INFO  SSH:638 - ...set ICM state on luca-DATA-PROD-0006
2020-06-15 09:42:04 INFO  SSH:638 - ...set ICM state on luca-DATA-PROD-0001
2020-06-15 09:42:04 INFO  SSH:638 - ...set ICM state on luca-DATA-PROD-0005
2020-06-15 09:42:04 INFO  SSH:638 - ...set ICM state on luca-COMPUTE-PROD-0005
2020-06-15 09:42:04 INFO  IRIS:111 - -> Management Portal available at: http://ec2-52-56-141-47.eu-west-2.compute.amazonaws.com:52773/csp/sys/UtilHome.csp
2020-06-15 09:53:07 DEBUG Provision:1065 - inventory
2020-06-15 09:53:07 INFO  Provision:561 - Machine                        IP Address       DNS Name                                 Provider Region     Zone
2020-06-15 09:53:07 INFO  Provision:562 - -------                        ----------       --------                                 -------- ------     ----
2020-06-15 09:53:07 INFO  Provision:609 - luca-COMPUTE-PROD-0001         35.178.211.162   ec2-35-178-211-162.eu-west-2.compute.ama AWS      eu-west-2  a    
2020-06-15 09:53:07 INFO  Provision:609 - luca-COMPUTE-PROD-0002         18.130.102.250   ec2-18-130-102-250.eu-west-2.compute.ama AWS      eu-west-2  a    
2020-06-15 09:53:07 INFO  Provision:609 - luca-COMPUTE-PROD-0003         3.10.21.40       ec2-3-10-21-40.eu-west-2.compute.amazona AWS      eu-west-2  a    
2020-06-15 09:53:07 INFO  Provision:609 - luca-COMPUTE-PROD-0004         35.176.35.198    ec2-35-176-35-198.eu-west-2.compute.amaz AWS      eu-west-2  a    
2020-06-15 09:53:07 INFO  Provision:609 - luca-COMPUTE-PROD-0005         18.132.198.2     ec2-18-132-198-2.eu-west-2.compute.amazo AWS      eu-west-2  a    
2020-06-15 09:53:07 INFO  Provision:609 - luca-COMPUTE-PROD-0006         3.8.114.108      ec2-3-8-114-108.eu-west-2.compute.amazon AWS      eu-west-2  a    
2020-06-15 09:53:07 INFO  Provision:609 - luca-DATA-PROD-0001            52.56.141.47     ec2-52-56-141-47.eu-west-2.compute.amazo AWS      eu-west-2  a    
2020-06-15 09:53:07 INFO  Provision:609 - luca-DATA-PROD-0002            3.8.144.196      ec2-3-8-144-196.eu-west-2.compute.amazon AWS      eu-west-2  a    
2020-06-15 09:53:07 INFO  Provision:609 - luca-DATA-PROD-0003            3.9.19.254       ec2-3-9-19-254.eu-west-2.compute.amazona AWS      eu-west-2  a    
2020-06-15 09:53:07 INFO  Provision:609 - luca-DATA-PROD-0004            18.132.47.5      ec2-18-132-47-5.eu-west-2.compute.amazon AWS      eu-west-2  a    
2020-06-15 09:53:07 INFO  Provision:609 - luca-DATA-PROD-0005            3.8.101.6        ec2-3-8-101-6.eu-west-2.compute.amazonaw AWS      eu-west-2  a    
2020-06-15 09:53:07 INFO  Provision:609 - luca-DATA-PROD-0006            35.176.164.180   ec2-35-176-164-180.eu-west-2.compute.ama AWS      eu-west-2  a    
2020-06-15 09:53:09 DEBUG Provision:1065 - ps --container=iris
2020-06-15 09:53:11 INFO  Provision:643 - Machine                        IP Address       Container            Status   Health     Image
2020-06-15 09:53:11 INFO  Provision:644 - -------                        ----------       ---------            ------   ------     -----
2020-06-15 09:53:11 INFO  Provision:669 - luca-COMPUTE-PROD-0002         18.130.102.250   iris                 Up       healthy    intersystems/iris:2020.3.0XDBC.132.0
2020-06-15 09:53:11 INFO  Provision:669 - luca-COMPUTE-PROD-0001         35.178.211.162   iris                 Up       healthy    intersystems/iris:2020.3.0XDBC.132.0
2020-06-15 09:53:11 INFO  Provision:669 - luca-DATA-PROD-0001            52.56.141.47     iris                 Up       healthy    intersystems/iris:2020.3.0XDBC.132.0
2020-06-15 09:53:11 INFO  Provision:669 - luca-COMPUTE-PROD-0005         18.132.198.2     iris                 Up       healthy    intersystems/iris:2020.3.0XDBC.132.0
2020-06-15 09:53:11 INFO  Provision:669 - luca-DATA-PROD-0005            3.8.101.6        iris                 Up       healthy    intersystems/iris:2020.3.0XDBC.132.0
2020-06-15 09:53:11 INFO  Provision:669 - luca-COMPUTE-PROD-0003         3.10.21.40       iris                 Up       healthy    intersystems/iris:2020.3.0XDBC.132.0
2020-06-15 09:53:11 INFO  Provision:669 - luca-DATA-PROD-0006            35.176.164.180   iris                 Up       healthy    intersystems/iris:2020.3.0XDBC.132.0
2020-06-15 09:53:11 INFO  Provision:669 - luca-DATA-PROD-0002            3.8.144.196      iris                 Up       healthy    intersystems/iris:2020.3.0XDBC.132.0
2020-06-15 09:53:11 INFO  Provision:669 - luca-DATA-PROD-0003            3.9.19.254       iris                 Up       healthy    intersystems/iris:2020.3.0XDBC.132.0
2020-06-15 09:53:11 INFO  Provision:669 - luca-DATA-PROD-0004            18.132.47.5      iris                 Up       healthy    intersystems/iris:2020.3.0XDBC.132.0
2020-06-15 09:53:11 INFO  Provision:669 - luca-COMPUTE-PROD-0004         35.176.35.198    iris                 Up       healthy    intersystems/iris:2020.3.0XDBC.132.0
2020-06-15 09:53:11 INFO  Provision:669 - luca-COMPUTE-PROD-0006         3.8.114.108      iris                 Up       healthy    intersystems/iris:2020.3.0XDBC.132.0
2020-06-15 09:57:11 DEBUG Provision:1065 - inventory
2020-06-15 09:57:11 INFO  Provision:561 - Machine                        IP Address       DNS Name                                 Provider Region     Zone
2020-06-15 09:57:11 INFO  Provision:562 - -------                        ----------       --------                                 -------- ------     ----
2020-06-15 09:57:11 INFO  Provision:609 - luca-COMPUTE-PROD-0001         35.178.211.162   ec2-35-178-211-162.eu-west-2.compute.ama AWS      eu-west-2  a    
2020-06-15 09:57:11 INFO  Provision:609 - luca-COMPUTE-PROD-0002         18.130.102.250   ec2-18-130-102-250.eu-west-2.compute.ama AWS      eu-west-2  a    
2020-06-15 09:57:11 INFO  Provision:609 - luca-COMPUTE-PROD-0003         3.10.21.40       ec2-3-10-21-40.eu-west-2.compute.amazona AWS      eu-west-2  a    
2020-06-15 09:57:11 INFO  Provision:609 - luca-COMPUTE-PROD-0004         35.176.35.198    ec2-35-176-35-198.eu-west-2.compute.amaz AWS      eu-west-2  a    
2020-06-15 09:57:11 INFO  Provision:609 - luca-COMPUTE-PROD-0005         18.132.198.2     ec2-18-132-198-2.eu-west-2.compute.amazo AWS      eu-west-2  a    
2020-06-15 09:57:11 INFO  Provision:609 - luca-COMPUTE-PROD-0006         3.8.114.108      ec2-3-8-114-108.eu-west-2.compute.amazon AWS      eu-west-2  a    
2020-06-15 09:57:11 INFO  Provision:609 - luca-DATA-PROD-0001            52.56.141.47     ec2-52-56-141-47.eu-west-2.compute.amazo AWS      eu-west-2  a    
2020-06-15 09:57:11 INFO  Provision:609 - luca-DATA-PROD-0002            3.8.144.196      ec2-3-8-144-196.eu-west-2.compute.amazon AWS      eu-west-2  a    
2020-06-15 09:57:11 INFO  Provision:609 - luca-DATA-PROD-0003            3.9.19.254       ec2-3-9-19-254.eu-west-2.compute.amazona AWS      eu-west-2  a    
2020-06-15 09:57:11 INFO  Provision:609 - luca-DATA-PROD-0004            18.132.47.5      ec2-18-132-47-5.eu-west-2.compute.amazon AWS      eu-west-2  a    
2020-06-15 09:57:11 INFO  Provision:609 - luca-DATA-PROD-0005            3.8.101.6        ec2-3-8-101-6.eu-west-2.compute.amazonaw AWS      eu-west-2  a    
2020-06-15 09:57:11 INFO  Provision:609 - luca-DATA-PROD-0006            35.176.164.180   ec2-35-176-164-180.eu-west-2.compute.ama AWS      eu-west-2  a    
2020-06-15 09:58:10 DEBUG Provision:1065 - session --machine=luca-COMPUTE-PROD-0001 --interactive=true
2020-06-15 10:16:13 DEBUG Provision:1065 - unprovision --cleanUp=true --force=true --stateDir=state
2020-06-15 10:16:14 INFO  Terraform:305 - Starting init of luca-DATA-PROD...
2020-06-15 10:16:14 INFO  Terraform:305 - Starting init of luca-COMPUTE-PROD...
2020-06-15 10:16:14 INFO  Terraform:312 - ...completed init of luca-DATA-PROD
2020-06-15 10:16:14 INFO  Terraform:312 - ...completed init of luca-COMPUTE-PROD
2020-06-15 10:16:14 INFO  Terraform:305 - Starting refresh of luca-DATA-PROD...
2020-06-15 10:16:14 INFO  Terraform:305 - Starting refresh of luca-COMPUTE-PROD...
2020-06-15 10:16:29 INFO  Provision:122 - Elapsed time for refresh on luca-DATA-PROD: 15s...
2020-06-15 10:16:29 INFO  Provision:122 - Elapsed time for refresh on luca-COMPUTE-PROD: 15s...
2020-06-15 10:16:34 INFO  Terraform:312 - ...completed refresh of luca-COMPUTE-PROD
2020-06-15 10:16:34 INFO  Terraform:312 - ...completed refresh of luca-DATA-PROD
2020-06-15 10:16:34 INFO  Terraform:305 - Starting destroy of luca-DATA-PROD...
2020-06-15 10:16:34 INFO  Terraform:305 - Starting destroy of luca-COMPUTE-PROD...
2020-06-15 10:16:49 INFO  Provision:122 - Elapsed time for destroy on luca-DATA-PROD: 15s...
2020-06-15 10:16:49 INFO  Provision:122 - Elapsed time for destroy on luca-COMPUTE-PROD: 15s...
2020-06-15 10:17:04 INFO  Provision:122 - Elapsed time for destroy on luca-DATA-PROD: 30s...
2020-06-15 10:17:04 INFO  Provision:122 - Elapsed time for destroy on luca-COMPUTE-PROD: 30s...
2020-06-15 10:17:19 INFO  Provision:122 - Elapsed time for destroy on luca-DATA-PROD: 45s...
2020-06-15 10:17:19 INFO  Provision:122 - Elapsed time for destroy on luca-COMPUTE-PROD: 45s...
2020-06-15 10:17:34 INFO  Provision:122 - Elapsed time for destroy on luca-DATA-PROD: 60s...
2020-06-15 10:17:34 INFO  Provision:122 - Elapsed time for destroy on luca-COMPUTE-PROD: 60s...
2020-06-15 10:17:49 INFO  Provision:122 - Elapsed time for destroy on luca-DATA-PROD: 75s...
2020-06-15 10:17:49 INFO  Provision:122 - Elapsed time for destroy on luca-COMPUTE-PROD: 75s...
2020-06-15 10:18:04 INFO  Provision:122 - Elapsed time for destroy on luca-DATA-PROD: 90s...
2020-06-15 10:18:04 INFO  Provision:122 - Elapsed time for destroy on luca-COMPUTE-PROD: 90s...
2020-06-15 10:18:18 INFO  Provision:122 - Elapsed time for destroy on luca-DATA-PROD: 105s...
2020-06-15 10:18:18 INFO  Provision:122 - Elapsed time for destroy on luca-COMPUTE-PROD: 105s...
2020-06-15 10:18:33 INFO  Provision:122 - Elapsed time for destroy on luca-DATA-PROD: 120s...
2020-06-15 10:18:33 INFO  Provision:122 - Elapsed time for destroy on luca-COMPUTE-PROD: 120s...
2020-06-15 10:18:48 INFO  Provision:122 - Elapsed time for destroy on luca-DATA-PROD: 135s...
2020-06-15 10:18:48 INFO  Provision:122 - Elapsed time for destroy on luca-COMPUTE-PROD: 135s...
2020-06-15 10:19:03 INFO  Provision:122 - Elapsed time for destroy on luca-DATA-PROD: 150s...
2020-06-15 10:19:03 INFO  Provision:122 - Elapsed time for destroy on luca-COMPUTE-PROD: 150s...
2020-06-15 10:19:18 INFO  Provision:122 - Elapsed time for destroy on luca-DATA-PROD: 165s...
2020-06-15 10:19:18 INFO  Provision:122 - Elapsed time for destroy on luca-COMPUTE-PROD: 165s...
2020-06-15 10:19:33 INFO  Provision:122 - Elapsed time for destroy on luca-DATA-PROD: 180s...
2020-06-15 10:19:33 INFO  Provision:122 - Elapsed time for destroy on luca-COMPUTE-PROD: 180s...
2020-06-15 10:19:48 INFO  Provision:122 - Elapsed time for destroy on luca-DATA-PROD: 195s...
2020-06-15 10:19:48 INFO  Provision:122 - Elapsed time for destroy on luca-COMPUTE-PROD: 195s...
2020-06-15 10:20:03 INFO  Provision:122 - Elapsed time for destroy on luca-DATA-PROD: 210s...
2020-06-15 10:20:03 INFO  Provision:122 - Elapsed time for destroy on luca-COMPUTE-PROD: 210s...
2020-06-15 10:20:18 INFO  Provision:122 - Elapsed time for destroy on luca-DATA-PROD: 225s...
2020-06-15 10:20:18 INFO  Provision:122 - Elapsed time for destroy on luca-COMPUTE-PROD: 225s...
2020-06-15 10:20:33 INFO  Provision:122 - Elapsed time for destroy on luca-DATA-PROD: 240s...
2020-06-15 10:20:33 INFO  Provision:122 - Elapsed time for destroy on luca-COMPUTE-PROD: 240s...
2020-06-15 10:20:34 INFO  Terraform:312 - ...completed destroy of luca-COMPUTE-PROD
2020-06-15 10:20:45 INFO  Terraform:312 - ...completed destroy of luca-DATA-PROD
2020-06-15 10:20:45 INFO  Terraform:305 - Starting init of luca-PROD...
2020-06-15 10:20:45 INFO  Terraform:312 - ...completed init of luca-PROD
2020-06-15 10:20:45 INFO  Terraform:305 - Starting refresh of luca-PROD...
2020-06-15 10:21:00 INFO  Provision:122 - Elapsed time for refresh on luca-PROD: 15s...
2020-06-15 10:21:02 INFO  Terraform:312 - ...completed refresh of luca-PROD
2020-06-15 10:21:02 INFO  Terraform:305 - Starting destroy of luca-PROD...
2020-06-15 10:21:17 INFO  Provision:122 - Elapsed time for destroy on luca-PROD: 15s...
2020-06-15 10:21:32 INFO  Provision:122 - Elapsed time for destroy on luca-PROD: 30s...
2020-06-15 10:21:40 INFO  Terraform:312 - ...completed destroy of luca-PROD
2020-06-15 10:21:40 INFO  Provision:174 - Deleting state
2020-06-15 10:21:40 INFO  Provision:186 - Deleting instances.json
